{"C:\\Users\\Ruben\\Desktop\\Battleship\\src\\index.ts": {"path":"C:\\Users\\Ruben\\Desktop\\Battleship\\src\\index.ts","statementMap":{"0":{"start":{"line":6,"column":18},"end":{"line":6,"column":84}},"1":{"start":{"line":7,"column":16},"end":{"line":7,"column":78}},"2":{"start":{"line":15,"column":4},"end":{"line":15,"column":48}},"3":{"start":{"line":17,"column":4},"end":{"line":17,"column":59}},"4":{"start":{"line":19,"column":4},"end":{"line":19,"column":55}},"5":{"start":{"line":20,"column":4},"end":{"line":20,"column":60}},"6":{"start":{"line":21,"column":4},"end":{"line":21,"column":37}},"7":{"start":{"line":25,"column":4},"end":{"line":25,"column":28}},"8":{"start":{"line":27,"column":4},"end":{"line":27,"column":50}},"9":{"start":{"line":28,"column":4},"end":{"line":28,"column":60}},"10":{"start":{"line":29,"column":4},"end":{"line":29,"column":63}},"11":{"start":{"line":33,"column":12},"end":{"line":33,"column":31}},"12":{"start":{"line":34,"column":0},"end":{"line":34,"column":12}},"13":{"start":{"line":36,"column":0},"end":{"line":39,"column":3}},"14":{"start":{"line":37,"column":2},"end":{"line":37,"column":41}},"15":{"start":{"line":38,"column":2},"end":{"line":38,"column":18}},"16":{"start":{"line":41,"column":0},"end":{"line":44,"column":3}},"17":{"start":{"line":42,"column":2},"end":{"line":42,"column":41}},"18":{"start":{"line":43,"column":2},"end":{"line":43,"column":18}}},"fnMap":{"0":{"name":"(anonymous_0)","decl":{"start":{"line":14,"column":2},"end":{"line":14,"column":null}},"loc":{"start":{"line":14,"column":2},"end":{"line":22,"column":3}}},"1":{"name":"(anonymous_1)","decl":{"start":{"line":24,"column":9},"end":{"line":24,"column":14}},"loc":{"start":{"line":24,"column":14},"end":{"line":30,"column":3}}},"2":{"name":"(anonymous_2)","decl":{"start":{"line":36,"column":21},"end":{"line":36,"column":24}},"loc":{"start":{"line":36,"column":26},"end":{"line":39,"column":1}}},"3":{"name":"(anonymous_3)","decl":{"start":{"line":41,"column":22},"end":{"line":41,"column":25}},"loc":{"start":{"line":41,"column":27},"end":{"line":44,"column":1}}}},"branchMap":{"0":{"loc":{"start":{"line":6,"column":18},"end":{"line":6,"column":84}},"type":"cond-expr","locations":[{"start":{"line":6,"column":42},"end":{"line":6,"column":77}},{"start":{"line":6,"column":80},"end":{"line":6,"column":84}}]},"1":{"loc":{"start":{"line":7,"column":16},"end":{"line":7,"column":78}},"type":"cond-expr","locations":[{"start":{"line":7,"column":38},"end":{"line":7,"column":71}},{"start":{"line":7,"column":74},"end":{"line":7,"column":78}}]}},"s":{"0":0,"1":0,"2":0,"3":0,"4":0,"5":0,"6":0,"7":0,"8":0,"9":0,"10":0,"11":0,"12":0,"13":0,"14":0,"15":0,"16":0,"17":0,"18":0},"f":{"0":0,"1":0,"2":0,"3":0},"b":{"0":[0,0],"1":[0,0]}}
,"C:\\Users\\Ruben\\Desktop\\Battleship\\src\\controllers\\messageHandler.ts": {"path":"C:\\Users\\Ruben\\Desktop\\Battleship\\src\\controllers\\messageHandler.ts","statementMap":{"0":{"start":{"line":24,"column":4},"end":{"line":24,"column":53}},"1":{"start":{"line":25,"column":4},"end":{"line":25,"column":49}},"2":{"start":{"line":26,"column":4},"end":{"line":26,"column":49}},"3":{"start":{"line":27,"column":4},"end":{"line":27,"column":47}},"4":{"start":{"line":28,"column":4},"end":{"line":28,"column":21}},"5":{"start":{"line":32,"column":4},"end":{"line":34,"column":5}},"6":{"start":{"line":33,"column":6},"end":{"line":33,"column":53}},"7":{"start":{"line":35,"column":4},"end":{"line":35,"column":35}},"8":{"start":{"line":39,"column":4},"end":{"line":39,"column":19}},"9":{"start":{"line":43,"column":4},"end":{"line":43,"column":53}},"10":{"start":{"line":44,"column":4},"end":{"line":44,"column":51}},"11":{"start":{"line":45,"column":4},"end":{"line":45,"column":54}},"12":{"start":{"line":46,"column":4},"end":{"line":46,"column":51}},"13":{"start":{"line":47,"column":4},"end":{"line":47,"column":58}},"14":{"start":{"line":48,"column":4},"end":{"line":48,"column":50}},"15":{"start":{"line":49,"column":4},"end":{"line":49,"column":53}},"16":{"start":{"line":50,"column":4},"end":{"line":50,"column":35}},"17":{"start":{"line":52,"column":4},"end":{"line":54,"column":7}},"18":{"start":{"line":53,"column":6},"end":{"line":53,"column":46}},"19":{"start":{"line":57,"column":4},"end":{"line":92,"column":5}},"20":{"start":{"line":58,"column":6},"end":{"line":82,"column":7}},"21":{"start":{"line":60,"column":10},"end":{"line":60,"column":71}},"22":{"start":{"line":61,"column":10},"end":{"line":61,"column":16}},"23":{"start":{"line":63,"column":10},"end":{"line":63,"column":53}},"24":{"start":{"line":64,"column":10},"end":{"line":64,"column":16}},"25":{"start":{"line":66,"column":10},"end":{"line":66,"column":47}},"26":{"start":{"line":67,"column":10},"end":{"line":67,"column":16}},"27":{"start":{"line":69,"column":10},"end":{"line":69,"column":82}},"28":{"start":{"line":70,"column":10},"end":{"line":70,"column":16}},"29":{"start":{"line":72,"column":10},"end":{"line":72,"column":60}},"30":{"start":{"line":73,"column":10},"end":{"line":73,"column":16}},"31":{"start":{"line":75,"column":10},"end":{"line":75,"column":56}},"32":{"start":{"line":76,"column":10},"end":{"line":76,"column":16}},"33":{"start":{"line":78,"column":10},"end":{"line":78,"column":68}},"34":{"start":{"line":79,"column":10},"end":{"line":79,"column":16}},"35":{"start":{"line":81,"column":10},"end":{"line":81,"column":64}},"36":{"start":{"line":84,"column":6},"end":{"line":84,"column":54}},"37":{"start":{"line":85,"column":6},"end":{"line":91,"column":9}},"38":{"start":{"line":95,"column":21},"end":{"line":95,"column":72}},"39":{"start":{"line":97,"column":4},"end":{"line":101,"column":7}},"40":{"start":{"line":103,"column":4},"end":{"line":106,"column":5}},"41":{"start":{"line":104,"column":6},"end":{"line":104,"column":38}},"42":{"start":{"line":105,"column":6},"end":{"line":105,"column":40}},"43":{"start":{"line":110,"column":20},"end":{"line":110,"column":51}},"44":{"start":{"line":111,"column":19},"end":{"line":111,"column":67}},"45":{"start":{"line":111,"column":39},"end":{"line":111,"column":66}},"46":{"start":{"line":113,"column":4},"end":{"line":115,"column":5}},"47":{"start":{"line":114,"column":6},"end":{"line":114,"column":42}},"48":{"start":{"line":117,"column":4},"end":{"line":117,"column":43}},"49":{"start":{"line":121,"column":20},"end":{"line":121,"column":51}},"50":{"start":{"line":122,"column":19},"end":{"line":122,"column":67}},"51":{"start":{"line":122,"column":39},"end":{"line":122,"column":66}},"52":{"start":{"line":124,"column":4},"end":{"line":126,"column":5}},"53":{"start":{"line":125,"column":6},"end":{"line":125,"column":42}},"54":{"start":{"line":128,"column":19},"end":{"line":128,"column":63}},"55":{"start":{"line":130,"column":4},"end":{"line":137,"column":7}},"56":{"start":{"line":141,"column":20},"end":{"line":141,"column":51}},"57":{"start":{"line":142,"column":19},"end":{"line":142,"column":67}},"58":{"start":{"line":142,"column":39},"end":{"line":142,"column":66}},"59":{"start":{"line":144,"column":4},"end":{"line":146,"column":5}},"60":{"start":{"line":145,"column":6},"end":{"line":145,"column":42}},"61":{"start":{"line":148,"column":4},"end":{"line":148,"column":73}},"62":{"start":{"line":152,"column":4},"end":{"line":152,"column":95}},"63":{"start":{"line":156,"column":4},"end":{"line":156,"column":97}},"64":{"start":{"line":160,"column":4},"end":{"line":160,"column":87}}},"fnMap":{"0":{"name":"(anonymous_0)","decl":{"start":{"line":23,"column":2},"end":{"line":23,"column":null}},"loc":{"start":{"line":23,"column":2},"end":{"line":29,"column":3}}},"1":{"name":"(anonymous_1)","decl":{"start":{"line":31,"column":9},"end":{"line":31,"column":15}},"loc":{"start":{"line":31,"column":27},"end":{"line":36,"column":3}}},"2":{"name":"(anonymous_2)","decl":{"start":{"line":38,"column":9},"end":{"line":38,"column":28}},"loc":{"start":{"line":38,"column":50},"end":{"line":40,"column":3}}},"3":{"name":"(anonymous_3)","decl":{"start":{"line":42,"column":9},"end":{"line":42,"column":19}},"loc":{"start":{"line":42,"column":19},"end":{"line":55,"column":3}}},"4":{"name":"(anonymous_4)","decl":{"start":{"line":52,"column":23},"end":{"line":52,"column":24}},"loc":{"start":{"line":52,"column":75},"end":{"line":54,"column":5}}},"5":{"name":"(anonymous_5)","decl":{"start":{"line":56,"column":10},"end":{"line":56,"column":23}},"loc":{"start":{"line":56,"column":71},"end":{"line":93,"column":3}}},"6":{"name":"(anonymous_6)","decl":{"start":{"line":94,"column":10},"end":{"line":94,"column":28}},"loc":{"start":{"line":94,"column":73},"end":{"line":107,"column":3}}},"7":{"name":"(anonymous_7)","decl":{"start":{"line":109,"column":10},"end":{"line":109,"column":26}},"loc":{"start":{"line":109,"column":74},"end":{"line":118,"column":3}}},"8":{"name":"(anonymous_8)","decl":{"start":{"line":111,"column":32},"end":{"line":111,"column":33}},"loc":{"start":{"line":111,"column":39},"end":{"line":111,"column":66}}},"9":{"name":"(anonymous_9)","decl":{"start":{"line":120,"column":10},"end":{"line":120,"column":29}},"loc":{"start":{"line":120,"column":59},"end":{"line":138,"column":3}}},"10":{"name":"(anonymous_10)","decl":{"start":{"line":122,"column":32},"end":{"line":122,"column":33}},"loc":{"start":{"line":122,"column":39},"end":{"line":122,"column":66}}},"11":{"name":"(anonymous_11)","decl":{"start":{"line":140,"column":10},"end":{"line":140,"column":29}},"loc":{"start":{"line":140,"column":84},"end":{"line":149,"column":3}}},"12":{"name":"(anonymous_12)","decl":{"start":{"line":142,"column":32},"end":{"line":142,"column":33}},"loc":{"start":{"line":142,"column":39},"end":{"line":142,"column":66}}},"13":{"name":"(anonymous_13)","decl":{"start":{"line":151,"column":10},"end":{"line":151,"column":24}},"loc":{"start":{"line":151,"column":43},"end":{"line":153,"column":3}}},"14":{"name":"(anonymous_14)","decl":{"start":{"line":155,"column":10},"end":{"line":155,"column":22}},"loc":{"start":{"line":155,"column":39},"end":{"line":157,"column":3}}},"15":{"name":"(anonymous_15)","decl":{"start":{"line":159,"column":10},"end":{"line":159,"column":28}},"loc":{"start":{"line":159,"column":51},"end":{"line":161,"column":3}}}},"branchMap":{"0":{"loc":{"start":{"line":32,"column":4},"end":{"line":34,"column":5}},"type":"if","locations":[{"start":{"line":32,"column":4},"end":{"line":34,"column":5}}]},"1":{"loc":{"start":{"line":58,"column":6},"end":{"line":82,"column":7}},"type":"switch","locations":[{"start":{"line":59,"column":8},"end":{"line":61,"column":16}},{"start":{"line":62,"column":8},"end":{"line":64,"column":16}},{"start":{"line":65,"column":8},"end":{"line":67,"column":16}},{"start":{"line":68,"column":8},"end":{"line":70,"column":16}},{"start":{"line":71,"column":8},"end":{"line":73,"column":16}},{"start":{"line":74,"column":8},"end":{"line":76,"column":16}},{"start":{"line":77,"column":8},"end":{"line":79,"column":16}},{"start":{"line":80,"column":8},"end":{"line":81,"column":64}}]},"2":{"loc":{"start":{"line":88,"column":19},"end":{"line":88,"column":75}},"type":"cond-expr","locations":[{"start":{"line":88,"column":44},"end":{"line":88,"column":57}},{"start":{"line":88,"column":60},"end":{"line":88,"column":75}}]},"3":{"loc":{"start":{"line":103,"column":4},"end":{"line":106,"column":5}},"type":"if","locations":[{"start":{"line":103,"column":4},"end":{"line":106,"column":5}}]},"4":{"loc":{"start":{"line":113,"column":4},"end":{"line":115,"column":5}},"type":"if","locations":[{"start":{"line":113,"column":4},"end":{"line":115,"column":5}}]},"5":{"loc":{"start":{"line":124,"column":4},"end":{"line":126,"column":5}},"type":"if","locations":[{"start":{"line":124,"column":4},"end":{"line":126,"column":5}}]},"6":{"loc":{"start":{"line":144,"column":4},"end":{"line":146,"column":5}},"type":"if","locations":[{"start":{"line":144,"column":4},"end":{"line":146,"column":5}}]}},"s":{"0":0,"1":0,"2":0,"3":0,"4":0,"5":0,"6":0,"7":0,"8":0,"9":0,"10":0,"11":0,"12":0,"13":0,"14":0,"15":0,"16":0,"17":0,"18":0,"19":0,"20":0,"21":0,"22":0,"23":0,"24":0,"25":0,"26":0,"27":0,"28":0,"29":0,"30":0,"31":0,"32":0,"33":0,"34":0,"35":0,"36":0,"37":0,"38":0,"39":0,"40":0,"41":0,"42":0,"43":0,"44":0,"45":0,"46":0,"47":0,"48":0,"49":0,"50":0,"51":0,"52":0,"53":0,"54":0,"55":0,"56":0,"57":0,"58":0,"59":0,"60":0,"61":0,"62":0,"63":0,"64":0},"f":{"0":0,"1":0,"2":0,"3":0,"4":0,"5":0,"6":0,"7":0,"8":0,"9":0,"10":0,"11":0,"12":0,"13":0,"14":0,"15":0},"b":{"0":[0],"1":[0,0,0,0,0,0,0,0],"2":[0,0],"3":[0],"4":[0],"5":[0],"6":[0]}}
,"C:\\Users\\Ruben\\Desktop\\Battleship\\src\\http_server\\index.ts": {"path":"C:\\Users\\Ruben\\Desktop\\Battleship\\src\\http_server\\index.ts","statementMap":{"0":{"start":{"line":5,"column":42},"end":{"line":22,"column":2}},"1":{"start":{"line":30,"column":4},"end":{"line":30,"column":21}},"2":{"start":{"line":32,"column":22},"end":{"line":32,"column":52}},"3":{"start":{"line":33,"column":4},"end":{"line":33,"column":49}},"4":{"start":{"line":35,"column":4},"end":{"line":35,"column":68}},"5":{"start":{"line":40,"column":6},"end":{"line":42,"column":48}},"6":{"start":{"line":44,"column":4},"end":{"line":66,"column":7}},"7":{"start":{"line":45,"column":6},"end":{"line":48,"column":7}},"8":{"start":{"line":46,"column":8},"end":{"line":46,"column":52}},"9":{"start":{"line":47,"column":8},"end":{"line":47,"column":15}},"10":{"start":{"line":50,"column":6},"end":{"line":52,"column":7}},"11":{"start":{"line":51,"column":8},"end":{"line":51,"column":53}},"12":{"start":{"line":54,"column":22},"end":{"line":54,"column":44}},"13":{"start":{"line":55,"column":26},"end":{"line":55,"column":74}},"14":{"start":{"line":57,"column":6},"end":{"line":65,"column":9}},"15":{"start":{"line":58,"column":8},"end":{"line":61,"column":9}},"16":{"start":{"line":59,"column":10},"end":{"line":59,"column":61}},"17":{"start":{"line":60,"column":10},"end":{"line":60,"column":17}},"18":{"start":{"line":63,"column":8},"end":{"line":63,"column":60}},"19":{"start":{"line":64,"column":8},"end":{"line":64,"column":22}},"20":{"start":{"line":70,"column":4},"end":{"line":70,"column":63}},"21":{"start":{"line":71,"column":4},"end":{"line":71,"column":51}},"22":{"start":{"line":75,"column":4},"end":{"line":77,"column":7}},"23":{"start":{"line":76,"column":6},"end":{"line":76,"column":65}}},"fnMap":{"0":{"name":"(anonymous_0)","decl":{"start":{"line":29,"column":2},"end":{"line":29,"column":14}},"loc":{"start":{"line":29,"column":26},"end":{"line":36,"column":3}}},"1":{"name":"(anonymous_1)","decl":{"start":{"line":38,"column":10},"end":{"line":38,"column":24}},"loc":{"start":{"line":38,"column":76},"end":{"line":67,"column":3}}},"2":{"name":"(anonymous_2)","decl":{"start":{"line":44,"column":22},"end":{"line":44,"column":23}},"loc":{"start":{"line":44,"column":37},"end":{"line":66,"column":5}}},"3":{"name":"(anonymous_3)","decl":{"start":{"line":57,"column":28},"end":{"line":57,"column":29}},"loc":{"start":{"line":57,"column":42},"end":{"line":65,"column":7}}},"4":{"name":"(anonymous_4)","decl":{"start":{"line":69,"column":10},"end":{"line":69,"column":20}},"loc":{"start":{"line":69,"column":82},"end":{"line":72,"column":3}}},"5":{"name":"(anonymous_5)","decl":{"start":{"line":74,"column":9},"end":{"line":74,"column":14}},"loc":{"start":{"line":74,"column":14},"end":{"line":78,"column":3}}},"6":{"name":"(anonymous_6)","decl":{"start":{"line":75,"column":34},"end":{"line":75,"column":37}},"loc":{"start":{"line":75,"column":39},"end":{"line":77,"column":5}}}},"branchMap":{"0":{"loc":{"start":{"line":40,"column":6},"end":{"line":42,"column":48}},"type":"cond-expr","locations":[{"start":{"line":41,"column":10},"end":{"line":41,"column":47}},{"start":{"line":42,"column":10},"end":{"line":42,"column":48}}]},"1":{"loc":{"start":{"line":42,"column":34},"end":{"line":42,"column":47}},"type":"binary-expr","locations":[{"start":{"line":42,"column":34},"end":{"line":42,"column":41}},{"start":{"line":42,"column":45},"end":{"line":42,"column":47}}]},"2":{"loc":{"start":{"line":45,"column":6},"end":{"line":48,"column":7}},"type":"if","locations":[{"start":{"line":45,"column":6},"end":{"line":48,"column":7}}]},"3":{"loc":{"start":{"line":50,"column":6},"end":{"line":52,"column":7}},"type":"if","locations":[{"start":{"line":50,"column":6},"end":{"line":52,"column":7}}]},"4":{"loc":{"start":{"line":55,"column":26},"end":{"line":55,"column":74}},"type":"binary-expr","locations":[{"start":{"line":55,"column":26},"end":{"line":55,"column":44}},{"start":{"line":55,"column":48},"end":{"line":55,"column":74}}]},"5":{"loc":{"start":{"line":58,"column":8},"end":{"line":61,"column":9}},"type":"if","locations":[{"start":{"line":58,"column":8},"end":{"line":61,"column":9}}]}},"s":{"0":0,"1":0,"2":0,"3":0,"4":0,"5":0,"6":0,"7":0,"8":0,"9":0,"10":0,"11":0,"12":0,"13":0,"14":0,"15":0,"16":0,"17":0,"18":0,"19":0,"20":0,"21":0,"22":0,"23":0},"f":{"0":0,"1":0,"2":0,"3":0,"4":0,"5":0,"6":0},"b":{"0":[0,0],"1":[0,0],"2":[0],"3":[0],"4":[0,0],"5":[0]}}
,"C:\\Users\\Ruben\\Desktop\\Battleship\\src\\services\\bot.service.ts": {"path":"C:\\Users\\Ruben\\Desktop\\Battleship\\src\\services\\bot.service.ts","statementMap":{"0":{"start":{"line":15,"column":19},"end":{"line":26,"column":13}},"1":{"start":{"line":28,"column":4},"end":{"line":28,"column":44}},"2":{"start":{"line":29,"column":18},"end":{"line":29,"column":32}},"3":{"start":{"line":30,"column":4},"end":{"line":36,"column":6}},"4":{"start":{"line":37,"column":4},"end":{"line":37,"column":38}},"5":{"start":{"line":39,"column":4},"end":{"line":39,"column":29}},"6":{"start":{"line":40,"column":4},"end":{"line":40,"column":21}},"7":{"start":{"line":44,"column":4},"end":{"line":46,"column":5}},"8":{"start":{"line":45,"column":6},"end":{"line":45,"column":45}},"9":{"start":{"line":47,"column":4},"end":{"line":47,"column":31}},"10":{"start":{"line":51,"column":4},"end":{"line":51,"column":35}},"11":{"start":{"line":55,"column":4},"end":{"line":55,"column":19}},"12":{"start":{"line":59,"column":4},"end":{"line":59,"column":26}},"13":{"start":{"line":63,"column":19},"end":{"line":63,"column":33}},"14":{"start":{"line":65,"column":36},"end":{"line":71,"column":6}},"15":{"start":{"line":73,"column":34},"end":{"line":79,"column":6}},"16":{"start":{"line":81,"column":23},"end":{"line":86,"column":6}},"17":{"start":{"line":88,"column":4},"end":{"line":88,"column":26}},"18":{"start":{"line":90,"column":21},"end":{"line":90,"column":47}},"19":{"start":{"line":92,"column":4},"end":{"line":94,"column":13}},"20":{"start":{"line":93,"column":6},"end":{"line":93,"column":69}},"21":{"start":{"line":96,"column":4},"end":{"line":96,"column":18}},"22":{"start":{"line":100,"column":26},"end":{"line":100,"column":28}},"23":{"start":{"line":101,"column":38},"end":{"line":101,"column":40}},"24":{"start":{"line":103,"column":27},"end":{"line":105,"column":5}},"25":{"start":{"line":104,"column":6},"end":{"line":104,"column":72}},"26":{"start":{"line":104,"column":42},"end":{"line":104,"column":70}},"27":{"start":{"line":107,"column":29},"end":{"line":136,"column":5}},"28":{"start":{"line":108,"column":20},"end":{"line":108,"column":43}},"29":{"start":{"line":110,"column":6},"end":{"line":133,"column":7}},"30":{"start":{"line":111,"column":8},"end":{"line":113,"column":9}},"31":{"start":{"line":112,"column":10},"end":{"line":112,"column":23}},"32":{"start":{"line":115,"column":8},"end":{"line":117,"column":9}},"33":{"start":{"line":116,"column":10},"end":{"line":116,"column":23}},"34":{"start":{"line":119,"column":8},"end":{"line":132,"column":9}},"35":{"start":{"line":119,"column":22},"end":{"line":119,"column":24}},"36":{"start":{"line":120,"column":10},"end":{"line":131,"column":11}},"37":{"start":{"line":120,"column":24},"end":{"line":120,"column":26}},"38":{"start":{"line":121,"column":12},"end":{"line":121,"column":47}},"39":{"start":{"line":121,"column":38},"end":{"line":121,"column":47}},"40":{"start":{"line":123,"column":23},"end":{"line":123,"column":34}},"41":{"start":{"line":124,"column":23},"end":{"line":124,"column":34}},"42":{"start":{"line":126,"column":12},"end":{"line":130,"column":13}},"43":{"start":{"line":127,"column":14},"end":{"line":129,"column":15}},"44":{"start":{"line":128,"column":16},"end":{"line":128,"column":29}},"45":{"start":{"line":135,"column":6},"end":{"line":135,"column":18}},"46":{"start":{"line":138,"column":4},"end":{"line":172,"column":5}},"47":{"start":{"line":140,"column":21},"end":{"line":140,"column":22}},"48":{"start":{"line":141,"column":26},"end":{"line":141,"column":29}},"49":{"start":{"line":143,"column":6},"end":{"line":162,"column":40}},"50":{"start":{"line":144,"column":18},"end":{"line":144,"column":48}},"51":{"start":{"line":145,"column":18},"end":{"line":145,"column":48}},"52":{"start":{"line":147,"column":26},"end":{"line":147,"column":45}},"53":{"start":{"line":149,"column":8},"end":{"line":154,"column":10}},"54":{"start":{"line":156,"column":8},"end":{"line":156,"column":19}},"55":{"start":{"line":157,"column":8},"end":{"line":161,"column":9}},"56":{"start":{"line":158,"column":10},"end":{"line":158,"column":27}},"57":{"start":{"line":159,"column":10},"end":{"line":159,"column":35}},"58":{"start":{"line":160,"column":10},"end":{"line":160,"column":16}},"59":{"start":{"line":164,"column":6},"end":{"line":171,"column":7}},"60":{"start":{"line":165,"column":8},"end":{"line":165,"column":25}},"61":{"start":{"line":167,"column":22},"end":{"line":167,"column":45}},"62":{"start":{"line":168,"column":8},"end":{"line":168,"column":37}},"63":{"start":{"line":170,"column":8},"end":{"line":170,"column":17}},"64":{"start":{"line":174,"column":4},"end":{"line":174,"column":17}},"65":{"start":{"line":178,"column":30},"end":{"line":178,"column":32}},"66":{"start":{"line":179,"column":21},"end":{"line":179,"column":34}},"67":{"start":{"line":181,"column":4},"end":{"line":187,"column":5}},"68":{"start":{"line":181,"column":17},"end":{"line":181,"column":18}},"69":{"start":{"line":182,"column":6},"end":{"line":186,"column":7}},"70":{"start":{"line":183,"column":8},"end":{"line":183,"column":36}},"71":{"start":{"line":185,"column":8},"end":{"line":185,"column":36}},"72":{"start":{"line":189,"column":4},"end":{"line":189,"column":17}},"73":{"start":{"line":193,"column":17},"end":{"line":193,"column":40}},"74":{"start":{"line":195,"column":4},"end":{"line":198,"column":5}},"75":{"start":{"line":196,"column":6},"end":{"line":196,"column":51}},"76":{"start":{"line":197,"column":6},"end":{"line":197,"column":13}},"77":{"start":{"line":200,"column":4},"end":{"line":202,"column":5}},"78":{"start":{"line":201,"column":6},"end":{"line":201,"column":13}},"79":{"start":{"line":204,"column":4},"end":{"line":227,"column":13}},"80":{"start":{"line":205,"column":6},"end":{"line":226,"column":7}},"81":{"start":{"line":206,"column":31},"end":{"line":206,"column":88}},"82":{"start":{"line":206,"column":61},"end":{"line":206,"column":87}},"83":{"start":{"line":207,"column":30},"end":{"line":207,"column":58}},"84":{"start":{"line":208,"column":30},"end":{"line":208,"column":58}},"85":{"start":{"line":210,"column":34},"end":{"line":210,"column":96}},"86":{"start":{"line":212,"column":8},"end":{"line":221,"column":9}},"87":{"start":{"line":213,"column":33},"end":{"line":215,"column":null}},"88":{"start":{"line":217,"column":10},"end":{"line":220,"column":11}},"89":{"start":{"line":218,"column":12},"end":{"line":218,"column":99}},"90":{"start":{"line":219,"column":12},"end":{"line":219,"column":19}},"91":{"start":{"line":223,"column":8},"end":{"line":223,"column":65}},"92":{"start":{"line":225,"column":8},"end":{"line":225,"column":55}},"93":{"start":{"line":235,"column":44},"end":{"line":235,"column":46}},"94":{"start":{"line":236,"column":26},"end":{"line":236,"column":59}},"95":{"start":{"line":238,"column":4},"end":{"line":248,"column":5}},"96":{"start":{"line":239,"column":24},"end":{"line":239,"column":47}},"97":{"start":{"line":241,"column":23},"end":{"line":242,"column":null}},"98":{"start":{"line":242,"column":8},"end":{"line":242,"column":82}},"99":{"start":{"line":242,"column":43},"end":{"line":242,"column":81}},"100":{"start":{"line":245,"column":6},"end":{"line":247,"column":7}},"101":{"start":{"line":246,"column":8},"end":{"line":246,"column":41}},"102":{"start":{"line":250,"column":4},"end":{"line":250,"column":29}},"103":{"start":{"line":254,"column":23},"end":{"line":259,"column":6}},"104":{"start":{"line":261,"column":4},"end":{"line":276,"column":5}},"105":{"start":{"line":262,"column":24},"end":{"line":262,"column":63}},"106":{"start":{"line":262,"column":53},"end":{"line":262,"column":62}},"107":{"start":{"line":263,"column":24},"end":{"line":263,"column":63}},"108":{"start":{"line":263,"column":53},"end":{"line":263,"column":62}},"109":{"start":{"line":265,"column":6},"end":{"line":275,"column":7}},"110":{"start":{"line":269,"column":8},"end":{"line":269,"column":32}},"111":{"start":{"line":270,"column":13},"end":{"line":275,"column":7}},"112":{"start":{"line":274,"column":8},"end":{"line":274,"column":32}},"113":{"start":{"line":278,"column":4},"end":{"line":278,"column":34}},"114":{"start":{"line":280,"column":4},"end":{"line":291,"column":5}},"115":{"start":{"line":281,"column":6},"end":{"line":290,"column":7}},"116":{"start":{"line":282,"column":24},"end":{"line":282,"column":39}},"117":{"start":{"line":283,"column":24},"end":{"line":283,"column":39}},"118":{"start":{"line":285,"column":8},"end":{"line":289,"column":9}},"119":{"start":{"line":286,"column":10},"end":{"line":288,"column":11}},"120":{"start":{"line":286,"column":50},"end":{"line":286,"column":90}},"121":{"start":{"line":287,"column":12},"end":{"line":287,"column":46}},"122":{"start":{"line":293,"column":4},"end":{"line":293,"column":16}},"123":{"start":{"line":297,"column":4},"end":{"line":300,"column":5}},"124":{"start":{"line":297,"column":17},"end":{"line":297,"column":33}},"125":{"start":{"line":298,"column":16},"end":{"line":298,"column":51}},"126":{"start":{"line":299,"column":6},"end":{"line":299,"column":50}},"127":{"start":{"line":304,"column":4},"end":{"line":312,"column":13}},"128":{"start":{"line":305,"column":20},"end":{"line":305,"column":53}},"129":{"start":{"line":307,"column":6},"end":{"line":311,"column":7}},"130":{"start":{"line":308,"column":8},"end":{"line":310,"column":9}},"131":{"start":{"line":309,"column":10},"end":{"line":309,"column":36}}},"fnMap":{"0":{"name":"(anonymous_0)","decl":{"start":{"line":27,"column":2},"end":{"line":27,"column":null}},"loc":{"start":{"line":27,"column":2},"end":{"line":41,"column":3}}},"1":{"name":"(anonymous_1)","decl":{"start":{"line":43,"column":9},"end":{"line":43,"column":15}},"loc":{"start":{"line":43,"column":27},"end":{"line":48,"column":3}}},"2":{"name":"(anonymous_2)","decl":{"start":{"line":50,"column":9},"end":{"line":50,"column":23}},"loc":{"start":{"line":50,"column":48},"end":{"line":52,"column":3}}},"3":{"name":"(anonymous_3)","decl":{"start":{"line":54,"column":9},"end":{"line":54,"column":28}},"loc":{"start":{"line":54,"column":50},"end":{"line":56,"column":3}}},"4":{"name":"(anonymous_4)","decl":{"start":{"line":58,"column":9},"end":{"line":58,"column":21}},"loc":{"start":{"line":58,"column":21},"end":{"line":60,"column":3}}},"5":{"name":"(anonymous_5)","decl":{"start":{"line":62,"column":9},"end":{"line":62,"column":26}},"loc":{"start":{"line":62,"column":43},"end":{"line":97,"column":3}}},"6":{"name":"(anonymous_6)","decl":{"start":{"line":92,"column":15},"end":{"line":92,"column":18}},"loc":{"start":{"line":92,"column":20},"end":{"line":94,"column":5}}},"7":{"name":"(anonymous_7)","decl":{"start":{"line":99,"column":10},"end":{"line":99,"column":29}},"loc":{"start":{"line":99,"column":29},"end":{"line":175,"column":3}}},"8":{"name":"(anonymous_8)","decl":{"start":{"line":103,"column":27},"end":{"line":103,"column":28}},"loc":{"start":{"line":103,"column":61},"end":{"line":105,"column":5}}},"9":{"name":"(anonymous_9)","decl":{"start":{"line":104,"column":32},"end":{"line":104,"column":33}},"loc":{"start":{"line":104,"column":42},"end":{"line":104,"column":70}}},"10":{"name":"(anonymous_10)","decl":{"start":{"line":107,"column":29},"end":{"line":107,"column":30}},"loc":{"start":{"line":107,"column":53},"end":{"line":136,"column":5}}},"11":{"name":"(anonymous_11)","decl":{"start":{"line":177,"column":10},"end":{"line":177,"column":22}},"loc":{"start":{"line":177,"column":33},"end":{"line":190,"column":3}}},"12":{"name":"(anonymous_12)","decl":{"start":{"line":192,"column":9},"end":{"line":192,"column":20}},"loc":{"start":{"line":192,"column":35},"end":{"line":228,"column":3}}},"13":{"name":"(anonymous_13)","decl":{"start":{"line":204,"column":15},"end":{"line":204,"column":18}},"loc":{"start":{"line":204,"column":20},"end":{"line":227,"column":5}}},"14":{"name":"(anonymous_14)","decl":{"start":{"line":206,"column":54},"end":{"line":206,"column":55}},"loc":{"start":{"line":206,"column":61},"end":{"line":206,"column":87}}},"15":{"name":"(anonymous_15)","decl":{"start":{"line":230,"column":10},"end":{"line":230,"column":31}},"loc":{"start":{"line":233,"column":25},"end":{"line":251,"column":3}}},"16":{"name":"(anonymous_16)","decl":{"start":{"line":241,"column":40},"end":{"line":241,"column":41}},"loc":{"start":{"line":242,"column":8},"end":{"line":242,"column":82}}},"17":{"name":"(anonymous_17)","decl":{"start":{"line":242,"column":33},"end":{"line":242,"column":34}},"loc":{"start":{"line":242,"column":43},"end":{"line":242,"column":81}}},"18":{"name":"(anonymous_18)","decl":{"start":{"line":253,"column":10},"end":{"line":253,"column":35}},"loc":{"start":{"line":253,"column":79},"end":{"line":294,"column":3}}},"19":{"name":"(anonymous_19)","decl":{"start":{"line":262,"column":43},"end":{"line":262,"column":44}},"loc":{"start":{"line":262,"column":53},"end":{"line":262,"column":62}}},"20":{"name":"(anonymous_20)","decl":{"start":{"line":263,"column":43},"end":{"line":263,"column":44}},"loc":{"start":{"line":263,"column":53},"end":{"line":263,"column":62}}},"21":{"name":"(anonymous_21)","decl":{"start":{"line":286,"column":40},"end":{"line":286,"column":41}},"loc":{"start":{"line":286,"column":50},"end":{"line":286,"column":90}}},"22":{"name":"(anonymous_22)","decl":{"start":{"line":296,"column":10},"end":{"line":296,"column":22}},"loc":{"start":{"line":296,"column":36},"end":{"line":301,"column":3}}},"23":{"name":"(anonymous_23)","decl":{"start":{"line":303,"column":9},"end":{"line":303,"column":21}},"loc":{"start":{"line":303,"column":21},"end":{"line":313,"column":3}}},"24":{"name":"(anonymous_24)","decl":{"start":{"line":304,"column":16},"end":{"line":304,"column":19}},"loc":{"start":{"line":304,"column":21},"end":{"line":312,"column":5}}}},"branchMap":{"0":{"loc":{"start":{"line":44,"column":4},"end":{"line":46,"column":5}},"type":"if","locations":[{"start":{"line":44,"column":4},"end":{"line":46,"column":5}}]},"1":{"loc":{"start":{"line":104,"column":42},"end":{"line":104,"column":70}},"type":"binary-expr","locations":[{"start":{"line":104,"column":42},"end":{"line":104,"column":54}},{"start":{"line":104,"column":58},"end":{"line":104,"column":70}}]},"2":{"loc":{"start":{"line":111,"column":8},"end":{"line":113,"column":9}},"type":"if","locations":[{"start":{"line":111,"column":8},"end":{"line":113,"column":9}}]},"3":{"loc":{"start":{"line":111,"column":12},"end":{"line":111,"column":64}},"type":"binary-expr","locations":[{"start":{"line":111,"column":12},"end":{"line":111,"column":22}},{"start":{"line":111,"column":26},"end":{"line":111,"column":36}},{"start":{"line":111,"column":40},"end":{"line":111,"column":50}},{"start":{"line":111,"column":54},"end":{"line":111,"column":64}}]},"4":{"loc":{"start":{"line":115,"column":8},"end":{"line":117,"column":9}},"type":"if","locations":[{"start":{"line":115,"column":8},"end":{"line":117,"column":9}}]},"5":{"loc":{"start":{"line":121,"column":12},"end":{"line":121,"column":47}},"type":"if","locations":[{"start":{"line":121,"column":12},"end":{"line":121,"column":47}}]},"6":{"loc":{"start":{"line":121,"column":16},"end":{"line":121,"column":36}},"type":"binary-expr","locations":[{"start":{"line":121,"column":16},"end":{"line":121,"column":24}},{"start":{"line":121,"column":28},"end":{"line":121,"column":36}}]},"7":{"loc":{"start":{"line":126,"column":12},"end":{"line":130,"column":13}},"type":"if","locations":[{"start":{"line":126,"column":12},"end":{"line":130,"column":13}}]},"8":{"loc":{"start":{"line":126,"column":16},"end":{"line":126,"column":56}},"type":"binary-expr","locations":[{"start":{"line":126,"column":16},"end":{"line":126,"column":23}},{"start":{"line":126,"column":27},"end":{"line":126,"column":34}},{"start":{"line":126,"column":38},"end":{"line":126,"column":45}},{"start":{"line":126,"column":49},"end":{"line":126,"column":56}}]},"9":{"loc":{"start":{"line":127,"column":14},"end":{"line":129,"column":15}},"type":"if","locations":[{"start":{"line":127,"column":14},"end":{"line":129,"column":15}}]},"10":{"loc":{"start":{"line":157,"column":8},"end":{"line":161,"column":9}},"type":"if","locations":[{"start":{"line":157,"column":8},"end":{"line":161,"column":9}}]},"11":{"loc":{"start":{"line":164,"column":6},"end":{"line":171,"column":7}},"type":"if","locations":[{"start":{"line":164,"column":6},"end":{"line":171,"column":7}},{"start":{"line":169,"column":13},"end":{"line":171,"column":7}}]},"12":{"loc":{"start":{"line":182,"column":6},"end":{"line":186,"column":7}},"type":"if","locations":[{"start":{"line":182,"column":6},"end":{"line":186,"column":7}},{"start":{"line":184,"column":13},"end":{"line":186,"column":7}}]},"13":{"loc":{"start":{"line":195,"column":4},"end":{"line":198,"column":5}},"type":"if","locations":[{"start":{"line":195,"column":4},"end":{"line":198,"column":5}}]},"14":{"loc":{"start":{"line":200,"column":4},"end":{"line":202,"column":5}},"type":"if","locations":[{"start":{"line":200,"column":4},"end":{"line":202,"column":5}}]},"15":{"loc":{"start":{"line":207,"column":30},"end":{"line":207,"column":58}},"type":"cond-expr","locations":[{"start":{"line":207,"column":53},"end":{"line":207,"column":54}},{"start":{"line":207,"column":57},"end":{"line":207,"column":58}}]},"16":{"loc":{"start":{"line":212,"column":8},"end":{"line":221,"column":9}},"type":"if","locations":[{"start":{"line":212,"column":8},"end":{"line":221,"column":9}}]},"17":{"loc":{"start":{"line":217,"column":10},"end":{"line":220,"column":11}},"type":"if","locations":[{"start":{"line":217,"column":10},"end":{"line":220,"column":11}}]},"18":{"loc":{"start":{"line":242,"column":43},"end":{"line":242,"column":81}},"type":"binary-expr","locations":[{"start":{"line":242,"column":43},"end":{"line":242,"column":60}},{"start":{"line":242,"column":64},"end":{"line":242,"column":81}}]},"19":{"loc":{"start":{"line":245,"column":6},"end":{"line":247,"column":7}},"type":"if","locations":[{"start":{"line":245,"column":6},"end":{"line":247,"column":7}}]},"20":{"loc":{"start":{"line":245,"column":10},"end":{"line":245,"column":67}},"type":"binary-expr","locations":[{"start":{"line":245,"column":10},"end":{"line":245,"column":29}},{"start":{"line":245,"column":33},"end":{"line":245,"column":67}}]},"21":{"loc":{"start":{"line":261,"column":4},"end":{"line":276,"column":5}},"type":"if","locations":[{"start":{"line":261,"column":4},"end":{"line":276,"column":5}}]},"22":{"loc":{"start":{"line":265,"column":6},"end":{"line":275,"column":7}},"type":"if","locations":[{"start":{"line":265,"column":6},"end":{"line":275,"column":7}},{"start":{"line":270,"column":13},"end":{"line":275,"column":7}}]},"23":{"loc":{"start":{"line":266,"column":8},"end":{"line":267,"column":60}},"type":"binary-expr","locations":[{"start":{"line":266,"column":8},"end":{"line":266,"column":60}},{"start":{"line":267,"column":8},"end":{"line":267,"column":60}}]},"24":{"loc":{"start":{"line":270,"column":13},"end":{"line":275,"column":7}},"type":"if","locations":[{"start":{"line":270,"column":13},"end":{"line":275,"column":7}}]},"25":{"loc":{"start":{"line":271,"column":8},"end":{"line":272,"column":60}},"type":"binary-expr","locations":[{"start":{"line":271,"column":8},"end":{"line":271,"column":60}},{"start":{"line":272,"column":8},"end":{"line":272,"column":60}}]},"26":{"loc":{"start":{"line":285,"column":8},"end":{"line":289,"column":9}},"type":"if","locations":[{"start":{"line":285,"column":8},"end":{"line":289,"column":9}}]},"27":{"loc":{"start":{"line":285,"column":12},"end":{"line":285,"column":72}},"type":"binary-expr","locations":[{"start":{"line":285,"column":12},"end":{"line":285,"column":24}},{"start":{"line":285,"column":28},"end":{"line":285,"column":40}},{"start":{"line":285,"column":44},"end":{"line":285,"column":56}},{"start":{"line":285,"column":60},"end":{"line":285,"column":72}}]},"28":{"loc":{"start":{"line":286,"column":10},"end":{"line":288,"column":11}},"type":"if","locations":[{"start":{"line":286,"column":10},"end":{"line":288,"column":11}}]},"29":{"loc":{"start":{"line":286,"column":50},"end":{"line":286,"column":90}},"type":"binary-expr","locations":[{"start":{"line":286,"column":50},"end":{"line":286,"column":68}},{"start":{"line":286,"column":72},"end":{"line":286,"column":90}}]},"30":{"loc":{"start":{"line":308,"column":8},"end":{"line":310,"column":9}},"type":"if","locations":[{"start":{"line":308,"column":8},"end":{"line":310,"column":9}}]},"31":{"loc":{"start":{"line":308,"column":12},"end":{"line":308,"column":77}},"type":"binary-expr","locations":[{"start":{"line":308,"column":12},"end":{"line":308,"column":28}},{"start":{"line":308,"column":32},"end":{"line":308,"column":77}}]}},"s":{"0":0,"1":0,"2":0,"3":0,"4":0,"5":0,"6":0,"7":0,"8":0,"9":0,"10":0,"11":0,"12":0,"13":0,"14":0,"15":0,"16":0,"17":0,"18":0,"19":0,"20":0,"21":0,"22":0,"23":0,"24":0,"25":0,"26":0,"27":0,"28":0,"29":0,"30":0,"31":0,"32":0,"33":0,"34":0,"35":0,"36":0,"37":0,"38":0,"39":0,"40":0,"41":0,"42":0,"43":0,"44":0,"45":0,"46":0,"47":0,"48":0,"49":0,"50":0,"51":0,"52":0,"53":0,"54":0,"55":0,"56":0,"57":0,"58":0,"59":0,"60":0,"61":0,"62":0,"63":0,"64":0,"65":0,"66":0,"67":0,"68":0,"69":0,"70":0,"71":0,"72":0,"73":0,"74":0,"75":0,"76":0,"77":0,"78":0,"79":0,"80":0,"81":0,"82":0,"83":0,"84":0,"85":0,"86":0,"87":0,"88":0,"89":0,"90":0,"91":0,"92":0,"93":0,"94":0,"95":0,"96":0,"97":0,"98":0,"99":0,"100":0,"101":0,"102":0,"103":0,"104":0,"105":0,"106":0,"107":0,"108":0,"109":0,"110":0,"111":0,"112":0,"113":0,"114":0,"115":0,"116":0,"117":0,"118":0,"119":0,"120":0,"121":0,"122":0,"123":0,"124":0,"125":0,"126":0,"127":0,"128":0,"129":0,"130":0,"131":0},"f":{"0":0,"1":0,"2":0,"3":0,"4":0,"5":0,"6":0,"7":0,"8":0,"9":0,"10":0,"11":0,"12":0,"13":0,"14":0,"15":0,"16":0,"17":0,"18":0,"19":0,"20":0,"21":0,"22":0,"23":0,"24":0},"b":{"0":[0],"1":[0,0],"2":[0],"3":[0,0,0,0],"4":[0],"5":[0],"6":[0,0],"7":[0],"8":[0,0,0,0],"9":[0],"10":[0],"11":[0,0],"12":[0,0],"13":[0],"14":[0],"15":[0,0],"16":[0],"17":[0],"18":[0,0],"19":[0],"20":[0,0],"21":[0],"22":[0,0],"23":[0,0],"24":[0],"25":[0,0],"26":[0],"27":[0,0,0,0],"28":[0],"29":[0,0],"30":[0],"31":[0,0]}}
,"C:\\Users\\Ruben\\Desktop\\Battleship\\src\\services\\database.service.ts": {"path":"C:\\Users\\Ruben\\Desktop\\Battleship\\src\\services\\database.service.ts","statementMap":{"0":{"start":{"line":8,"column":4},"end":{"line":13,"column":6}},"1":{"start":{"line":17,"column":4},"end":{"line":19,"column":5}},"2":{"start":{"line":18,"column":6},"end":{"line":18,"column":55}},"3":{"start":{"line":20,"column":4},"end":{"line":20,"column":36}},"4":{"start":{"line":24,"column":4},"end":{"line":24,"column":43}},"5":{"start":{"line":28,"column":4},"end":{"line":28,"column":35}},"6":{"start":{"line":32,"column":4},"end":{"line":36,"column":5}},"7":{"start":{"line":33,"column":6},"end":{"line":35,"column":7}},"8":{"start":{"line":34,"column":8},"end":{"line":34,"column":22}},"9":{"start":{"line":37,"column":4},"end":{"line":37,"column":21}},"10":{"start":{"line":41,"column":4},"end":{"line":41,"column":48}},"11":{"start":{"line":45,"column":4},"end":{"line":45,"column":52}},"12":{"start":{"line":49,"column":4},"end":{"line":49,"column":33}},"13":{"start":{"line":53,"column":4},"end":{"line":57,"column":5}},"14":{"start":{"line":54,"column":6},"end":{"line":56,"column":7}},"15":{"start":{"line":54,"column":40},"end":{"line":54,"column":63}},"16":{"start":{"line":55,"column":8},"end":{"line":55,"column":20}},"17":{"start":{"line":58,"column":4},"end":{"line":58,"column":21}},"18":{"start":{"line":62,"column":4},"end":{"line":62,"column":29}},"19":{"start":{"line":66,"column":4},"end":{"line":66,"column":46}},"20":{"start":{"line":70,"column":4},"end":{"line":70,"column":37}},"21":{"start":{"line":74,"column":4},"end":{"line":74,"column":33}},"22":{"start":{"line":78,"column":4},"end":{"line":82,"column":5}},"23":{"start":{"line":79,"column":6},"end":{"line":81,"column":7}},"24":{"start":{"line":79,"column":40},"end":{"line":79,"column":62}},"25":{"start":{"line":80,"column":8},"end":{"line":80,"column":20}},"26":{"start":{"line":83,"column":4},"end":{"line":83,"column":21}},"27":{"start":{"line":87,"column":4},"end":{"line":87,"column":37}},"28":{"start":{"line":91,"column":4},"end":{"line":91,"column":29}},"29":{"start":{"line":95,"column":4},"end":{"line":95,"column":46}},"30":{"start":{"line":99,"column":19},"end":{"line":99,"column":63}},"31":{"start":{"line":99,"column":47},"end":{"line":99,"column":62}},"32":{"start":{"line":101,"column":4},"end":{"line":105,"column":5}},"33":{"start":{"line":102,"column":6},"end":{"line":102,"column":20}},"34":{"start":{"line":104,"column":6},"end":{"line":104,"column":46}},"35":{"start":{"line":107,"column":19},"end":{"line":107,"column":45}},"36":{"start":{"line":108,"column":4},"end":{"line":111,"column":5}},"37":{"start":{"line":109,"column":6},"end":{"line":109,"column":20}},"38":{"start":{"line":110,"column":6},"end":{"line":110,"column":29}},"39":{"start":{"line":115,"column":4},"end":{"line":115,"column":64}},"40":{"start":{"line":115,"column":47},"end":{"line":115,"column":62}}},"fnMap":{"0":{"name":"(anonymous_0)","decl":{"start":{"line":7,"column":2},"end":{"line":7,"column":null}},"loc":{"start":{"line":7,"column":2},"end":{"line":14,"column":3}}},"1":{"name":"(anonymous_1)","decl":{"start":{"line":16,"column":9},"end":{"line":16,"column":15}},"loc":{"start":{"line":16,"column":27},"end":{"line":21,"column":3}}},"2":{"name":"(anonymous_2)","decl":{"start":{"line":23,"column":9},"end":{"line":23,"column":18}},"loc":{"start":{"line":23,"column":33},"end":{"line":25,"column":3}}},"3":{"name":"(anonymous_3)","decl":{"start":{"line":27,"column":9},"end":{"line":27,"column":18}},"loc":{"start":{"line":27,"column":29},"end":{"line":29,"column":3}}},"4":{"name":"(anonymous_4)","decl":{"start":{"line":31,"column":9},"end":{"line":31,"column":24}},"loc":{"start":{"line":31,"column":37},"end":{"line":38,"column":3}}},"5":{"name":"(anonymous_5)","decl":{"start":{"line":40,"column":9},"end":{"line":40,"column":22}},"loc":{"start":{"line":40,"column":22},"end":{"line":42,"column":3}}},"6":{"name":"(anonymous_6)","decl":{"start":{"line":44,"column":9},"end":{"line":44,"column":16}},"loc":{"start":{"line":44,"column":27},"end":{"line":46,"column":3}}},"7":{"name":"(anonymous_7)","decl":{"start":{"line":48,"column":9},"end":{"line":48,"column":16}},"loc":{"start":{"line":48,"column":27},"end":{"line":50,"column":3}}},"8":{"name":"(anonymous_8)","decl":{"start":{"line":52,"column":9},"end":{"line":52,"column":24}},"loc":{"start":{"line":52,"column":41},"end":{"line":59,"column":3}}},"9":{"name":"(anonymous_9)","decl":{"start":{"line":54,"column":30},"end":{"line":54,"column":31}},"loc":{"start":{"line":54,"column":40},"end":{"line":54,"column":63}}},"10":{"name":"(anonymous_10)","decl":{"start":{"line":61,"column":9},"end":{"line":61,"column":19}},"loc":{"start":{"line":61,"column":30},"end":{"line":63,"column":3}}},"11":{"name":"(anonymous_11)","decl":{"start":{"line":65,"column":9},"end":{"line":65,"column":20}},"loc":{"start":{"line":65,"column":20},"end":{"line":67,"column":3}}},"12":{"name":"(anonymous_12)","decl":{"start":{"line":69,"column":9},"end":{"line":69,"column":16}},"loc":{"start":{"line":69,"column":27},"end":{"line":71,"column":3}}},"13":{"name":"(anonymous_13)","decl":{"start":{"line":73,"column":9},"end":{"line":73,"column":16}},"loc":{"start":{"line":73,"column":27},"end":{"line":75,"column":3}}},"14":{"name":"(anonymous_14)","decl":{"start":{"line":77,"column":9},"end":{"line":77,"column":24}},"loc":{"start":{"line":77,"column":41},"end":{"line":84,"column":3}}},"15":{"name":"(anonymous_15)","decl":{"start":{"line":79,"column":28},"end":{"line":79,"column":29}},"loc":{"start":{"line":79,"column":40},"end":{"line":79,"column":62}}},"16":{"name":"(anonymous_16)","decl":{"start":{"line":86,"column":9},"end":{"line":86,"column":19}},"loc":{"start":{"line":86,"column":30},"end":{"line":88,"column":3}}},"17":{"name":"(anonymous_17)","decl":{"start":{"line":90,"column":9},"end":{"line":90,"column":19}},"loc":{"start":{"line":90,"column":30},"end":{"line":92,"column":3}}},"18":{"name":"(anonymous_18)","decl":{"start":{"line":94,"column":9},"end":{"line":94,"column":20}},"loc":{"start":{"line":94,"column":20},"end":{"line":96,"column":3}}},"19":{"name":"(anonymous_19)","decl":{"start":{"line":98,"column":9},"end":{"line":98,"column":18}},"loc":{"start":{"line":98,"column":31},"end":{"line":112,"column":3}}},"20":{"name":"(anonymous_20)","decl":{"start":{"line":99,"column":40},"end":{"line":99,"column":41}},"loc":{"start":{"line":99,"column":47},"end":{"line":99,"column":62}}},"21":{"name":"(anonymous_21)","decl":{"start":{"line":114,"column":9},"end":{"line":114,"column":19}},"loc":{"start":{"line":114,"column":19},"end":{"line":116,"column":3}}},"22":{"name":"(anonymous_22)","decl":{"start":{"line":115,"column":37},"end":{"line":115,"column":38}},"loc":{"start":{"line":115,"column":47},"end":{"line":115,"column":62}}}},"branchMap":{"0":{"loc":{"start":{"line":17,"column":4},"end":{"line":19,"column":5}},"type":"if","locations":[{"start":{"line":17,"column":4},"end":{"line":19,"column":5}}]},"1":{"loc":{"start":{"line":33,"column":6},"end":{"line":35,"column":7}},"type":"if","locations":[{"start":{"line":33,"column":6},"end":{"line":35,"column":7}}]},"2":{"loc":{"start":{"line":54,"column":6},"end":{"line":56,"column":7}},"type":"if","locations":[{"start":{"line":54,"column":6},"end":{"line":56,"column":7}}]},"3":{"loc":{"start":{"line":79,"column":6},"end":{"line":81,"column":7}},"type":"if","locations":[{"start":{"line":79,"column":6},"end":{"line":81,"column":7}}]},"4":{"loc":{"start":{"line":101,"column":4},"end":{"line":105,"column":5}},"type":"if","locations":[{"start":{"line":101,"column":4},"end":{"line":105,"column":5}},{"start":{"line":103,"column":11},"end":{"line":105,"column":5}}]},"5":{"loc":{"start":{"line":108,"column":4},"end":{"line":111,"column":5}},"type":"if","locations":[{"start":{"line":108,"column":4},"end":{"line":111,"column":5}}]}},"s":{"0":1,"1":11,"2":1,"3":11,"4":11,"5":2,"6":3,"7":3,"8":3,"9":0,"10":9,"11":3,"12":2,"13":1,"14":1,"15":1,"16":1,"17":0,"18":3,"19":36,"20":2,"21":2,"22":1,"23":1,"24":1,"25":1,"26":0,"27":1,"28":2,"29":36,"30":2,"31":1,"32":2,"33":1,"34":1,"35":2,"36":2,"37":2,"38":2,"39":2,"40":0},"f":{"0":1,"1":11,"2":11,"3":2,"4":3,"5":9,"6":3,"7":2,"8":1,"9":1,"10":3,"11":36,"12":2,"13":2,"14":1,"15":1,"16":1,"17":2,"18":36,"19":2,"20":1,"21":2,"22":0},"b":{"0":[1],"1":[3],"2":[1],"3":[1],"4":[1,1],"5":[2]}}
,"C:\\Users\\Ruben\\Desktop\\Battleship\\src\\services\\game.service.ts": {"path":"C:\\Users\\Ruben\\Desktop\\Battleship\\src\\services\\game.service.ts","statementMap":{"0":{"start":{"line":20,"column":4},"end":{"line":20,"column":44}},"1":{"start":{"line":21,"column":4},"end":{"line":21,"column":21}},"2":{"start":{"line":22,"column":4},"end":{"line":22,"column":31}},"3":{"start":{"line":26,"column":4},"end":{"line":28,"column":5}},"4":{"start":{"line":27,"column":6},"end":{"line":27,"column":47}},"5":{"start":{"line":29,"column":4},"end":{"line":29,"column":32}},"6":{"start":{"line":33,"column":4},"end":{"line":33,"column":19}},"7":{"start":{"line":37,"column":4},"end":{"line":37,"column":39}},"8":{"start":{"line":41,"column":19},"end":{"line":41,"column":33}},"9":{"start":{"line":43,"column":32},"end":{"line":49,"column":6}},"10":{"start":{"line":51,"column":32},"end":{"line":57,"column":6}},"11":{"start":{"line":59,"column":23},"end":{"line":64,"column":6}},"12":{"start":{"line":66,"column":4},"end":{"line":66,"column":26}},"13":{"start":{"line":68,"column":4},"end":{"line":68,"column":18}},"14":{"start":{"line":72,"column":17},"end":{"line":72,"column":40}},"15":{"start":{"line":74,"column":4},"end":{"line":76,"column":5}},"16":{"start":{"line":75,"column":6},"end":{"line":75,"column":40}},"17":{"start":{"line":78,"column":24},"end":{"line":78,"column":72}},"18":{"start":{"line":78,"column":54},"end":{"line":78,"column":71}},"19":{"start":{"line":80,"column":4},"end":{"line":82,"column":5}},"20":{"start":{"line":81,"column":6},"end":{"line":81,"column":50}},"21":{"start":{"line":84,"column":4},"end":{"line":84,"column":44}},"22":{"start":{"line":86,"column":4},"end":{"line":86,"column":29}},"23":{"start":{"line":88,"column":4},"end":{"line":90,"column":5}},"24":{"start":{"line":89,"column":6},"end":{"line":89,"column":29}},"25":{"start":{"line":94,"column":17},"end":{"line":94,"column":40}},"26":{"start":{"line":96,"column":4},"end":{"line":98,"column":5}},"27":{"start":{"line":97,"column":6},"end":{"line":97,"column":13}},"28":{"start":{"line":100,"column":4},"end":{"line":111,"column":7}},"29":{"start":{"line":101,"column":43},"end":{"line":104,"column":8}},"30":{"start":{"line":106,"column":6},"end":{"line":110,"column":9}},"31":{"start":{"line":113,"column":4},"end":{"line":119,"column":7}},"32":{"start":{"line":123,"column":17},"end":{"line":123,"column":40}},"33":{"start":{"line":125,"column":4},"end":{"line":127,"column":5}},"34":{"start":{"line":126,"column":6},"end":{"line":126,"column":40}},"35":{"start":{"line":129,"column":4},"end":{"line":131,"column":5}},"36":{"start":{"line":130,"column":6},"end":{"line":130,"column":39}},"37":{"start":{"line":133,"column":33},"end":{"line":133,"column":81}},"38":{"start":{"line":133,"column":63},"end":{"line":133,"column":80}},"39":{"start":{"line":134,"column":30},"end":{"line":134,"column":64}},"40":{"start":{"line":135,"column":25},"end":{"line":135,"column":56}},"41":{"start":{"line":137,"column":4},"end":{"line":139,"column":5}},"42":{"start":{"line":138,"column":6},"end":{"line":138,"column":59}},"43":{"start":{"line":141,"column":4},"end":{"line":141,"column":64}},"44":{"start":{"line":143,"column":20},"end":{"line":143,"column":62}},"45":{"start":{"line":145,"column":45},"end":{"line":145,"column":51}},"46":{"start":{"line":147,"column":4},"end":{"line":164,"column":5}},"47":{"start":{"line":148,"column":23},"end":{"line":148,"column":95}},"48":{"start":{"line":150,"column":6},"end":{"line":161,"column":7}},"49":{"start":{"line":151,"column":8},"end":{"line":151,"column":26}},"50":{"start":{"line":152,"column":8},"end":{"line":152,"column":69}},"51":{"start":{"line":154,"column":8},"end":{"line":156,"column":9}},"52":{"start":{"line":155,"column":10},"end":{"line":155,"column":39}},"53":{"start":{"line":158,"column":8},"end":{"line":158,"column":78}},"54":{"start":{"line":160,"column":8},"end":{"line":160,"column":24}},"55":{"start":{"line":163,"column":6},"end":{"line":163,"column":48}},"56":{"start":{"line":166,"column":4},"end":{"line":166,"column":29}},"57":{"start":{"line":168,"column":37},"end":{"line":172,"column":6}},"58":{"start":{"line":174,"column":4},"end":{"line":178,"column":7}},"59":{"start":{"line":180,"column":4},"end":{"line":188,"column":5}},"60":{"start":{"line":181,"column":6},"end":{"line":187,"column":9}},"61":{"start":{"line":190,"column":4},"end":{"line":190,"column":20}},"62":{"start":{"line":194,"column":17},"end":{"line":194,"column":40}},"63":{"start":{"line":196,"column":4},"end":{"line":198,"column":5}},"64":{"start":{"line":197,"column":6},"end":{"line":197,"column":40}},"65":{"start":{"line":200,"column":4},"end":{"line":202,"column":5}},"66":{"start":{"line":201,"column":6},"end":{"line":201,"column":39}},"67":{"start":{"line":203,"column":33},"end":{"line":203,"column":81}},"68":{"start":{"line":203,"column":63},"end":{"line":203,"column":80}},"69":{"start":{"line":205,"column":27},"end":{"line":205,"column":85}},"70":{"start":{"line":207,"column":4},"end":{"line":209,"column":5}},"71":{"start":{"line":208,"column":6},"end":{"line":208,"column":53}},"72":{"start":{"line":211,"column":24},"end":{"line":211,"column":73}},"73":{"start":{"line":212,"column":21},"end":{"line":212,"column":48}},"74":{"start":{"line":214,"column":4},"end":{"line":214,"column":47}},"75":{"start":{"line":218,"column":4},"end":{"line":218,"column":27}},"76":{"start":{"line":219,"column":4},"end":{"line":219,"column":29}},"77":{"start":{"line":221,"column":4},"end":{"line":221,"column":29}},"78":{"start":{"line":223,"column":4},"end":{"line":223,"column":47}},"79":{"start":{"line":225,"column":4},"end":{"line":231,"column":7}},"80":{"start":{"line":235,"column":4},"end":{"line":235,"column":73}},"81":{"start":{"line":235,"column":43},"end":{"line":235,"column":71}},"82":{"start":{"line":239,"column":4},"end":{"line":242,"column":7}},"83":{"start":{"line":240,"column":20},"end":{"line":240,"column":43}},"84":{"start":{"line":241,"column":6},"end":{"line":241,"column":64}},"85":{"start":{"line":241,"column":34},"end":{"line":241,"column":62}},"86":{"start":{"line":246,"column":22},"end":{"line":246,"column":45}},"87":{"start":{"line":247,"column":4},"end":{"line":249,"column":6}},"88":{"start":{"line":248,"column":6},"end":{"line":248,"column":70}},"89":{"start":{"line":248,"column":31},"end":{"line":248,"column":69}},"90":{"start":{"line":253,"column":4},"end":{"line":253,"column":82}},"91":{"start":{"line":253,"column":39},"end":{"line":253,"column":80}},"92":{"start":{"line":257,"column":30},"end":{"line":257,"column":32}},"93":{"start":{"line":258,"column":21},"end":{"line":258,"column":34}},"94":{"start":{"line":260,"column":4},"end":{"line":266,"column":5}},"95":{"start":{"line":260,"column":17},"end":{"line":260,"column":18}},"96":{"start":{"line":261,"column":6},"end":{"line":265,"column":7}},"97":{"start":{"line":262,"column":8},"end":{"line":262,"column":36}},"98":{"start":{"line":264,"column":8},"end":{"line":264,"column":36}},"99":{"start":{"line":268,"column":4},"end":{"line":268,"column":17}},"100":{"start":{"line":272,"column":22},"end":{"line":272,"column":45}},"101":{"start":{"line":273,"column":36},"end":{"line":273,"column":38}},"102":{"start":{"line":275,"column":4},"end":{"line":292,"column":7}},"103":{"start":{"line":276,"column":6},"end":{"line":291,"column":7}},"104":{"start":{"line":276,"column":20},"end":{"line":276,"column":22}},"105":{"start":{"line":277,"column":8},"end":{"line":290,"column":9}},"106":{"start":{"line":277,"column":22},"end":{"line":277,"column":24}},"107":{"start":{"line":278,"column":10},"end":{"line":278,"column":45}},"108":{"start":{"line":278,"column":36},"end":{"line":278,"column":45}},"109":{"start":{"line":280,"column":23},"end":{"line":280,"column":34}},"110":{"start":{"line":281,"column":23},"end":{"line":281,"column":34}},"111":{"start":{"line":283,"column":10},"end":{"line":283,"column":69}},"112":{"start":{"line":283,"column":60},"end":{"line":283,"column":69}},"113":{"start":{"line":285,"column":10},"end":{"line":285,"column":79}},"114":{"start":{"line":285,"column":37},"end":{"line":285,"column":67}},"115":{"start":{"line":285,"column":70},"end":{"line":285,"column":79}},"116":{"start":{"line":287,"column":10},"end":{"line":287,"column":81}},"117":{"start":{"line":287,"column":39},"end":{"line":287,"column":69}},"118":{"start":{"line":287,"column":72},"end":{"line":287,"column":81}},"119":{"start":{"line":289,"column":10},"end":{"line":289,"column":49}},"120":{"start":{"line":294,"column":4},"end":{"line":298,"column":7}},"121":{"start":{"line":295,"column":6},"end":{"line":297,"column":7}},"122":{"start":{"line":296,"column":8},"end":{"line":296,"column":36}},"123":{"start":{"line":302,"column":39},"end":{"line":302,"column":41}},"124":{"start":{"line":304,"column":4},"end":{"line":310,"column":5}},"125":{"start":{"line":304,"column":17},"end":{"line":304,"column":18}},"126":{"start":{"line":305,"column":6},"end":{"line":309,"column":7}},"127":{"start":{"line":305,"column":19},"end":{"line":305,"column":20}},"128":{"start":{"line":306,"column":8},"end":{"line":308,"column":9}},"129":{"start":{"line":307,"column":10},"end":{"line":307,"column":40}},"130":{"start":{"line":312,"column":4},"end":{"line":312,"column":26}},"131":{"start":{"line":316,"column":4},"end":{"line":316,"column":35}}},"fnMap":{"0":{"name":"(anonymous_0)","decl":{"start":{"line":19,"column":2},"end":{"line":19,"column":null}},"loc":{"start":{"line":19,"column":2},"end":{"line":23,"column":3}}},"1":{"name":"(anonymous_1)","decl":{"start":{"line":25,"column":9},"end":{"line":25,"column":15}},"loc":{"start":{"line":25,"column":27},"end":{"line":30,"column":3}}},"2":{"name":"(anonymous_2)","decl":{"start":{"line":32,"column":9},"end":{"line":32,"column":28}},"loc":{"start":{"line":32,"column":50},"end":{"line":34,"column":3}}},"3":{"name":"(anonymous_3)","decl":{"start":{"line":36,"column":9},"end":{"line":36,"column":25}},"loc":{"start":{"line":36,"column":54},"end":{"line":38,"column":3}}},"4":{"name":"(anonymous_4)","decl":{"start":{"line":40,"column":9},"end":{"line":40,"column":19}},"loc":{"start":{"line":40,"column":56},"end":{"line":69,"column":3}}},"5":{"name":"(anonymous_5)","decl":{"start":{"line":71,"column":9},"end":{"line":71,"column":17}},"loc":{"start":{"line":71,"column":65},"end":{"line":91,"column":3}}},"6":{"name":"(anonymous_6)","decl":{"start":{"line":78,"column":47},"end":{"line":78,"column":48}},"loc":{"start":{"line":78,"column":54},"end":{"line":78,"column":71}}},"7":{"name":"(anonymous_7)","decl":{"start":{"line":93,"column":10},"end":{"line":93,"column":19}},"loc":{"start":{"line":93,"column":34},"end":{"line":120,"column":3}}},"8":{"name":"(anonymous_8)","decl":{"start":{"line":100,"column":25},"end":{"line":100,"column":26}},"loc":{"start":{"line":100,"column":36},"end":{"line":111,"column":5}}},"9":{"name":"(anonymous_9)","decl":{"start":{"line":122,"column":9},"end":{"line":122,"column":15}},"loc":{"start":{"line":122,"column":70},"end":{"line":191,"column":3}}},"10":{"name":"(anonymous_10)","decl":{"start":{"line":133,"column":56},"end":{"line":133,"column":57}},"loc":{"start":{"line":133,"column":63},"end":{"line":133,"column":80}}},"11":{"name":"(anonymous_11)","decl":{"start":{"line":193,"column":9},"end":{"line":193,"column":21}},"loc":{"start":{"line":193,"column":54},"end":{"line":215,"column":3}}},"12":{"name":"(anonymous_12)","decl":{"start":{"line":203,"column":56},"end":{"line":203,"column":57}},"loc":{"start":{"line":203,"column":63},"end":{"line":203,"column":80}}},"13":{"name":"(anonymous_13)","decl":{"start":{"line":217,"column":10},"end":{"line":217,"column":17}},"loc":{"start":{"line":217,"column":46},"end":{"line":232,"column":3}}},"14":{"name":"(anonymous_14)","decl":{"start":{"line":234,"column":10},"end":{"line":234,"column":24}},"loc":{"start":{"line":234,"column":65},"end":{"line":236,"column":3}}},"15":{"name":"(anonymous_15)","decl":{"start":{"line":235,"column":33},"end":{"line":235,"column":34}},"loc":{"start":{"line":235,"column":43},"end":{"line":235,"column":71}}},"16":{"name":"(anonymous_16)","decl":{"start":{"line":238,"column":10},"end":{"line":238,"column":21}},"loc":{"start":{"line":238,"column":57},"end":{"line":243,"column":3}}},"17":{"name":"(anonymous_17)","decl":{"start":{"line":239,"column":22},"end":{"line":239,"column":23}},"loc":{"start":{"line":239,"column":31},"end":{"line":242,"column":5}}},"18":{"name":"(anonymous_18)","decl":{"start":{"line":241,"column":24},"end":{"line":241,"column":25}},"loc":{"start":{"line":241,"column":34},"end":{"line":241,"column":62}}},"19":{"name":"(anonymous_19)","decl":{"start":{"line":245,"column":10},"end":{"line":245,"column":22}},"loc":{"start":{"line":245,"column":56},"end":{"line":250,"column":3}}},"20":{"name":"(anonymous_20)","decl":{"start":{"line":247,"column":27},"end":{"line":247,"column":28}},"loc":{"start":{"line":248,"column":6},"end":{"line":248,"column":70}}},"21":{"name":"(anonymous_21)","decl":{"start":{"line":248,"column":21},"end":{"line":248,"column":22}},"loc":{"start":{"line":248,"column":31},"end":{"line":248,"column":69}}},"22":{"name":"(anonymous_22)","decl":{"start":{"line":252,"column":10},"end":{"line":252,"column":27}},"loc":{"start":{"line":252,"column":67},"end":{"line":254,"column":3}}},"23":{"name":"(anonymous_23)","decl":{"start":{"line":253,"column":29},"end":{"line":253,"column":30}},"loc":{"start":{"line":253,"column":39},"end":{"line":253,"column":80}}},"24":{"name":"(anonymous_24)","decl":{"start":{"line":256,"column":10},"end":{"line":256,"column":22}},"loc":{"start":{"line":256,"column":33},"end":{"line":269,"column":3}}},"25":{"name":"(anonymous_25)","decl":{"start":{"line":271,"column":10},"end":{"line":271,"column":29}},"loc":{"start":{"line":271,"column":60},"end":{"line":299,"column":3}}},"26":{"name":"(anonymous_26)","decl":{"start":{"line":275,"column":22},"end":{"line":275,"column":23}},"loc":{"start":{"line":275,"column":31},"end":{"line":292,"column":5}}},"27":{"name":"(anonymous_27)","decl":{"start":{"line":285,"column":29},"end":{"line":285,"column":30}},"loc":{"start":{"line":285,"column":37},"end":{"line":285,"column":67}}},"28":{"name":"(anonymous_28)","decl":{"start":{"line":287,"column":31},"end":{"line":287,"column":32}},"loc":{"start":{"line":287,"column":39},"end":{"line":287,"column":69}}},"29":{"name":"(anonymous_29)","decl":{"start":{"line":294,"column":24},"end":{"line":294,"column":25}},"loc":{"start":{"line":294,"column":33},"end":{"line":298,"column":5}}},"30":{"name":"(anonymous_30)","decl":{"start":{"line":301,"column":10},"end":{"line":301,"column":27}},"loc":{"start":{"line":301,"column":46},"end":{"line":313,"column":3}}},"31":{"name":"(anonymous_31)","decl":{"start":{"line":315,"column":9},"end":{"line":315,"column":16}},"loc":{"start":{"line":315,"column":31},"end":{"line":317,"column":3}}}},"branchMap":{"0":{"loc":{"start":{"line":26,"column":4},"end":{"line":28,"column":5}},"type":"if","locations":[{"start":{"line":26,"column":4},"end":{"line":28,"column":5}}]},"1":{"loc":{"start":{"line":74,"column":4},"end":{"line":76,"column":5}},"type":"if","locations":[{"start":{"line":74,"column":4},"end":{"line":76,"column":5}}]},"2":{"loc":{"start":{"line":80,"column":4},"end":{"line":82,"column":5}},"type":"if","locations":[{"start":{"line":80,"column":4},"end":{"line":82,"column":5}}]},"3":{"loc":{"start":{"line":88,"column":4},"end":{"line":90,"column":5}},"type":"if","locations":[{"start":{"line":88,"column":4},"end":{"line":90,"column":5}}]},"4":{"loc":{"start":{"line":88,"column":8},"end":{"line":88,"column":76}},"type":"binary-expr","locations":[{"start":{"line":88,"column":8},"end":{"line":88,"column":40}},{"start":{"line":88,"column":44},"end":{"line":88,"column":76}}]},"5":{"loc":{"start":{"line":96,"column":4},"end":{"line":98,"column":5}},"type":"if","locations":[{"start":{"line":96,"column":4},"end":{"line":98,"column":5}}]},"6":{"loc":{"start":{"line":125,"column":4},"end":{"line":127,"column":5}},"type":"if","locations":[{"start":{"line":125,"column":4},"end":{"line":127,"column":5}}]},"7":{"loc":{"start":{"line":129,"column":4},"end":{"line":131,"column":5}},"type":"if","locations":[{"start":{"line":129,"column":4},"end":{"line":131,"column":5}}]},"8":{"loc":{"start":{"line":134,"column":30},"end":{"line":134,"column":64}},"type":"cond-expr","locations":[{"start":{"line":134,"column":59},"end":{"line":134,"column":60}},{"start":{"line":134,"column":63},"end":{"line":134,"column":64}}]},"9":{"loc":{"start":{"line":137,"column":4},"end":{"line":139,"column":5}},"type":"if","locations":[{"start":{"line":137,"column":4},"end":{"line":139,"column":5}}]},"10":{"loc":{"start":{"line":147,"column":4},"end":{"line":164,"column":5}},"type":"if","locations":[{"start":{"line":147,"column":4},"end":{"line":164,"column":5}},{"start":{"line":162,"column":11},"end":{"line":164,"column":5}}]},"11":{"loc":{"start":{"line":150,"column":6},"end":{"line":161,"column":7}},"type":"if","locations":[{"start":{"line":150,"column":6},"end":{"line":161,"column":7}},{"start":{"line":159,"column":13},"end":{"line":161,"column":7}}]},"12":{"loc":{"start":{"line":154,"column":8},"end":{"line":156,"column":9}},"type":"if","locations":[{"start":{"line":154,"column":8},"end":{"line":156,"column":9}}]},"13":{"loc":{"start":{"line":180,"column":4},"end":{"line":188,"column":5}},"type":"if","locations":[{"start":{"line":180,"column":4},"end":{"line":188,"column":5}}]},"14":{"loc":{"start":{"line":196,"column":4},"end":{"line":198,"column":5}},"type":"if","locations":[{"start":{"line":196,"column":4},"end":{"line":198,"column":5}}]},"15":{"loc":{"start":{"line":200,"column":4},"end":{"line":202,"column":5}},"type":"if","locations":[{"start":{"line":200,"column":4},"end":{"line":202,"column":5}}]},"16":{"loc":{"start":{"line":207,"column":4},"end":{"line":209,"column":5}},"type":"if","locations":[{"start":{"line":207,"column":4},"end":{"line":209,"column":5}}]},"17":{"loc":{"start":{"line":235,"column":43},"end":{"line":235,"column":71}},"type":"binary-expr","locations":[{"start":{"line":235,"column":43},"end":{"line":235,"column":55}},{"start":{"line":235,"column":59},"end":{"line":235,"column":71}}]},"18":{"loc":{"start":{"line":241,"column":34},"end":{"line":241,"column":62}},"type":"binary-expr","locations":[{"start":{"line":241,"column":34},"end":{"line":241,"column":46}},{"start":{"line":241,"column":50},"end":{"line":241,"column":62}}]},"19":{"loc":{"start":{"line":248,"column":31},"end":{"line":248,"column":69}},"type":"binary-expr","locations":[{"start":{"line":248,"column":31},"end":{"line":248,"column":48}},{"start":{"line":248,"column":52},"end":{"line":248,"column":69}}]},"20":{"loc":{"start":{"line":261,"column":6},"end":{"line":265,"column":7}},"type":"if","locations":[{"start":{"line":261,"column":6},"end":{"line":265,"column":7}},{"start":{"line":263,"column":13},"end":{"line":265,"column":7}}]},"21":{"loc":{"start":{"line":278,"column":10},"end":{"line":278,"column":45}},"type":"if","locations":[{"start":{"line":278,"column":10},"end":{"line":278,"column":45}}]},"22":{"loc":{"start":{"line":278,"column":14},"end":{"line":278,"column":34}},"type":"binary-expr","locations":[{"start":{"line":278,"column":14},"end":{"line":278,"column":22}},{"start":{"line":278,"column":26},"end":{"line":278,"column":34}}]},"23":{"loc":{"start":{"line":283,"column":10},"end":{"line":283,"column":69}},"type":"if","locations":[{"start":{"line":283,"column":10},"end":{"line":283,"column":69}}]},"24":{"loc":{"start":{"line":283,"column":14},"end":{"line":283,"column":58}},"type":"binary-expr","locations":[{"start":{"line":283,"column":14},"end":{"line":283,"column":22}},{"start":{"line":283,"column":26},"end":{"line":283,"column":34}},{"start":{"line":283,"column":38},"end":{"line":283,"column":46}},{"start":{"line":283,"column":50},"end":{"line":283,"column":58}}]},"25":{"loc":{"start":{"line":285,"column":10},"end":{"line":285,"column":79}},"type":"if","locations":[{"start":{"line":285,"column":10},"end":{"line":285,"column":79}}]},"26":{"loc":{"start":{"line":285,"column":37},"end":{"line":285,"column":67}},"type":"binary-expr","locations":[{"start":{"line":285,"column":37},"end":{"line":285,"column":50}},{"start":{"line":285,"column":54},"end":{"line":285,"column":67}}]},"27":{"loc":{"start":{"line":287,"column":10},"end":{"line":287,"column":81}},"type":"if","locations":[{"start":{"line":287,"column":10},"end":{"line":287,"column":81}}]},"28":{"loc":{"start":{"line":287,"column":39},"end":{"line":287,"column":69}},"type":"binary-expr","locations":[{"start":{"line":287,"column":39},"end":{"line":287,"column":52}},{"start":{"line":287,"column":56},"end":{"line":287,"column":69}}]},"29":{"loc":{"start":{"line":295,"column":6},"end":{"line":297,"column":7}},"type":"if","locations":[{"start":{"line":295,"column":6},"end":{"line":297,"column":7}}]},"30":{"loc":{"start":{"line":306,"column":8},"end":{"line":308,"column":9}},"type":"if","locations":[{"start":{"line":306,"column":8},"end":{"line":308,"column":9}}]}},"s":{"0":0,"1":0,"2":0,"3":0,"4":0,"5":0,"6":0,"7":0,"8":0,"9":0,"10":0,"11":0,"12":0,"13":0,"14":0,"15":0,"16":0,"17":0,"18":0,"19":0,"20":0,"21":0,"22":0,"23":0,"24":0,"25":0,"26":0,"27":0,"28":0,"29":0,"30":0,"31":0,"32":0,"33":0,"34":0,"35":0,"36":0,"37":0,"38":0,"39":0,"40":0,"41":0,"42":0,"43":0,"44":0,"45":0,"46":0,"47":0,"48":0,"49":0,"50":0,"51":0,"52":0,"53":0,"54":0,"55":0,"56":0,"57":0,"58":0,"59":0,"60":0,"61":0,"62":0,"63":0,"64":0,"65":0,"66":0,"67":0,"68":0,"69":0,"70":0,"71":0,"72":0,"73":0,"74":0,"75":0,"76":0,"77":0,"78":0,"79":0,"80":0,"81":0,"82":0,"83":0,"84":0,"85":0,"86":0,"87":0,"88":0,"89":0,"90":0,"91":0,"92":0,"93":0,"94":0,"95":0,"96":0,"97":0,"98":0,"99":0,"100":0,"101":0,"102":0,"103":0,"104":0,"105":0,"106":0,"107":0,"108":0,"109":0,"110":0,"111":0,"112":0,"113":0,"114":0,"115":0,"116":0,"117":0,"118":0,"119":0,"120":0,"121":0,"122":0,"123":0,"124":0,"125":0,"126":0,"127":0,"128":0,"129":0,"130":0,"131":0},"f":{"0":0,"1":0,"2":0,"3":0,"4":0,"5":0,"6":0,"7":0,"8":0,"9":0,"10":0,"11":0,"12":0,"13":0,"14":0,"15":0,"16":0,"17":0,"18":0,"19":0,"20":0,"21":0,"22":0,"23":0,"24":0,"25":0,"26":0,"27":0,"28":0,"29":0,"30":0,"31":0},"b":{"0":[0],"1":[0],"2":[0],"3":[0],"4":[0,0],"5":[0],"6":[0],"7":[0],"8":[0,0],"9":[0],"10":[0,0],"11":[0,0],"12":[0],"13":[0],"14":[0],"15":[0],"16":[0],"17":[0,0],"18":[0,0],"19":[0,0],"20":[0,0],"21":[0],"22":[0,0],"23":[0],"24":[0,0,0,0],"25":[0],"26":[0,0],"27":[0],"28":[0,0],"29":[0],"30":[0]}}
,"C:\\Users\\Ruben\\Desktop\\Battleship\\src\\services\\player.service.ts": {"path":"C:\\Users\\Ruben\\Desktop\\Battleship\\src\\services\\player.service.ts","statementMap":{"0":{"start":{"line":12,"column":4},"end":{"line":12,"column":44}},"1":{"start":{"line":13,"column":4},"end":{"line":13,"column":21}},"2":{"start":{"line":17,"column":4},"end":{"line":19,"column":5}},"3":{"start":{"line":18,"column":6},"end":{"line":18,"column":51}},"4":{"start":{"line":20,"column":4},"end":{"line":20,"column":34}},"5":{"start":{"line":24,"column":4},"end":{"line":24,"column":19}},"6":{"start":{"line":27,"column":27},"end":{"line":27,"column":61}},"7":{"start":{"line":29,"column":4},"end":{"line":66,"column":5}},"8":{"start":{"line":30,"column":6},"end":{"line":47,"column":7}},"9":{"start":{"line":31,"column":8},"end":{"line":31,"column":47}},"10":{"start":{"line":32,"column":8},"end":{"line":32,"column":42}},"11":{"start":{"line":34,"column":8},"end":{"line":39,"column":10}},"12":{"start":{"line":41,"column":8},"end":{"line":46,"column":10}},"13":{"start":{"line":49,"column":26},"end":{"line":49,"column":40}},"14":{"start":{"line":50,"column":32},"end":{"line":56,"column":8}},"15":{"start":{"line":58,"column":6},"end":{"line":58,"column":35}},"16":{"start":{"line":60,"column":6},"end":{"line":65,"column":8}},"17":{"start":{"line":70,"column":4},"end":{"line":70,"column":33}},"18":{"start":{"line":74,"column":4},"end":{"line":74,"column":41}},"19":{"start":{"line":78,"column":4},"end":{"line":78,"column":35}},"20":{"start":{"line":82,"column":19},"end":{"line":82,"column":46}},"21":{"start":{"line":83,"column":4},"end":{"line":86,"column":5}},"22":{"start":{"line":84,"column":6},"end":{"line":84,"column":37}},"23":{"start":{"line":85,"column":6},"end":{"line":85,"column":40}}},"fnMap":{"0":{"name":"(anonymous_0)","decl":{"start":{"line":11,"column":2},"end":{"line":11,"column":null}},"loc":{"start":{"line":11,"column":2},"end":{"line":14,"column":3}}},"1":{"name":"(anonymous_1)","decl":{"start":{"line":16,"column":9},"end":{"line":16,"column":15}},"loc":{"start":{"line":16,"column":27},"end":{"line":21,"column":3}}},"2":{"name":"(anonymous_2)","decl":{"start":{"line":23,"column":9},"end":{"line":23,"column":28}},"loc":{"start":{"line":23,"column":50},"end":{"line":25,"column":3}}},"3":{"name":"(anonymous_3)","decl":{"start":{"line":26,"column":9},"end":{"line":26,"column":23}},"loc":{"start":{"line":26,"column":68},"end":{"line":67,"column":3}}},"4":{"name":"(anonymous_4)","decl":{"start":{"line":69,"column":9},"end":{"line":69,"column":18}},"loc":{"start":{"line":69,"column":29},"end":{"line":71,"column":3}}},"5":{"name":"(anonymous_5)","decl":{"start":{"line":73,"column":9},"end":{"line":73,"column":24}},"loc":{"start":{"line":73,"column":37},"end":{"line":75,"column":3}}},"6":{"name":"(anonymous_6)","decl":{"start":{"line":77,"column":9},"end":{"line":77,"column":19}},"loc":{"start":{"line":77,"column":19},"end":{"line":79,"column":3}}},"7":{"name":"(anonymous_7)","decl":{"start":{"line":81,"column":9},"end":{"line":81,"column":22}},"loc":{"start":{"line":81,"column":39},"end":{"line":87,"column":3}}}},"branchMap":{"0":{"loc":{"start":{"line":17,"column":4},"end":{"line":19,"column":5}},"type":"if","locations":[{"start":{"line":17,"column":4},"end":{"line":19,"column":5}}]},"1":{"loc":{"start":{"line":29,"column":4},"end":{"line":66,"column":5}},"type":"if","locations":[{"start":{"line":29,"column":4},"end":{"line":66,"column":5}},{"start":{"line":48,"column":11},"end":{"line":66,"column":5}}]},"2":{"loc":{"start":{"line":30,"column":6},"end":{"line":47,"column":7}},"type":"if","locations":[{"start":{"line":30,"column":6},"end":{"line":47,"column":7}},{"start":{"line":40,"column":13},"end":{"line":47,"column":7}}]},"3":{"loc":{"start":{"line":83,"column":4},"end":{"line":86,"column":5}},"type":"if","locations":[{"start":{"line":83,"column":4},"end":{"line":86,"column":5}}]}},"s":{"0":0,"1":0,"2":0,"3":0,"4":0,"5":0,"6":0,"7":0,"8":0,"9":0,"10":0,"11":0,"12":0,"13":0,"14":0,"15":0,"16":0,"17":0,"18":0,"19":0,"20":0,"21":0,"22":0,"23":0},"f":{"0":0,"1":0,"2":0,"3":0,"4":0,"5":0,"6":0,"7":0},"b":{"0":[0],"1":[0,0],"2":[0,0],"3":[0]}}
,"C:\\Users\\Ruben\\Desktop\\Battleship\\src\\services\\room.service.ts": {"path":"C:\\Users\\Ruben\\Desktop\\Battleship\\src\\services\\room.service.ts","statementMap":{"0":{"start":{"line":13,"column":4},"end":{"line":13,"column":44}},"1":{"start":{"line":14,"column":4},"end":{"line":14,"column":21}},"2":{"start":{"line":15,"column":4},"end":{"line":15,"column":29}},"3":{"start":{"line":19,"column":4},"end":{"line":21,"column":5}},"4":{"start":{"line":20,"column":6},"end":{"line":20,"column":47}},"5":{"start":{"line":22,"column":4},"end":{"line":22,"column":32}},"6":{"start":{"line":26,"column":4},"end":{"line":26,"column":19}},"7":{"start":{"line":30,"column":4},"end":{"line":30,"column":35}},"8":{"start":{"line":34,"column":19},"end":{"line":34,"column":33}},"9":{"start":{"line":35,"column":19},"end":{"line":35,"column":46}},"10":{"start":{"line":37,"column":4},"end":{"line":39,"column":5}},"11":{"start":{"line":38,"column":6},"end":{"line":38,"column":42}},"12":{"start":{"line":41,"column":31},"end":{"line":44,"column":6}},"13":{"start":{"line":46,"column":23},"end":{"line":49,"column":6}},"14":{"start":{"line":51,"column":4},"end":{"line":51,"column":26}},"15":{"start":{"line":53,"column":4},"end":{"line":53,"column":36}},"16":{"start":{"line":55,"column":4},"end":{"line":55,"column":16}},"17":{"start":{"line":59,"column":17},"end":{"line":59,"column":40}},"18":{"start":{"line":60,"column":19},"end":{"line":60,"column":46}},"19":{"start":{"line":62,"column":4},"end":{"line":64,"column":5}},"20":{"start":{"line":63,"column":6},"end":{"line":63,"column":40}},"21":{"start":{"line":66,"column":4},"end":{"line":68,"column":5}},"22":{"start":{"line":67,"column":6},"end":{"line":67,"column":42}},"23":{"start":{"line":70,"column":4},"end":{"line":72,"column":5}},"24":{"start":{"line":71,"column":6},"end":{"line":71,"column":38}},"25":{"start":{"line":74,"column":31},"end":{"line":77,"column":6}},"26":{"start":{"line":79,"column":4},"end":{"line":79,"column":34}},"27":{"start":{"line":81,"column":4},"end":{"line":81,"column":26}},"28":{"start":{"line":83,"column":4},"end":{"line":114,"column":5}},"29":{"start":{"line":84,"column":21},"end":{"line":86,"column":null}},"30":{"start":{"line":89,"column":6},"end":{"line":89,"column":38}},"31":{"start":{"line":91,"column":54},"end":{"line":94,"column":8}},"32":{"start":{"line":96,"column":54},"end":{"line":99,"column":8}},"33":{"start":{"line":101,"column":6},"end":{"line":105,"column":9}},"34":{"start":{"line":107,"column":6},"end":{"line":111,"column":9}},"35":{"start":{"line":113,"column":6},"end":{"line":113,"column":33}},"36":{"start":{"line":116,"column":4},"end":{"line":116,"column":36}},"37":{"start":{"line":118,"column":4},"end":{"line":121,"column":6}},"38":{"start":{"line":125,"column":18},"end":{"line":125,"column":39}},"39":{"start":{"line":126,"column":4},"end":{"line":126,"column":63}},"40":{"start":{"line":126,"column":34},"end":{"line":126,"column":61}},"41":{"start":{"line":130,"column":4},"end":{"line":130,"column":35}},"42":{"start":{"line":134,"column":4},"end":{"line":134,"column":45}}},"fnMap":{"0":{"name":"(anonymous_0)","decl":{"start":{"line":12,"column":2},"end":{"line":12,"column":null}},"loc":{"start":{"line":12,"column":2},"end":{"line":16,"column":3}}},"1":{"name":"(anonymous_1)","decl":{"start":{"line":18,"column":9},"end":{"line":18,"column":15}},"loc":{"start":{"line":18,"column":27},"end":{"line":23,"column":3}}},"2":{"name":"(anonymous_2)","decl":{"start":{"line":25,"column":9},"end":{"line":25,"column":28}},"loc":{"start":{"line":25,"column":50},"end":{"line":27,"column":3}}},"3":{"name":"(anonymous_3)","decl":{"start":{"line":29,"column":9},"end":{"line":29,"column":23}},"loc":{"start":{"line":29,"column":48},"end":{"line":31,"column":3}}},"4":{"name":"(anonymous_4)","decl":{"start":{"line":33,"column":9},"end":{"line":33,"column":19}},"loc":{"start":{"line":33,"column":36},"end":{"line":56,"column":3}}},"5":{"name":"(anonymous_5)","decl":{"start":{"line":58,"column":9},"end":{"line":58,"column":22}},"loc":{"start":{"line":58,"column":55},"end":{"line":122,"column":3}}},"6":{"name":"(anonymous_6)","decl":{"start":{"line":124,"column":9},"end":{"line":124,"column":26}},"loc":{"start":{"line":124,"column":26},"end":{"line":127,"column":3}}},"7":{"name":"(anonymous_7)","decl":{"start":{"line":126,"column":24},"end":{"line":126,"column":25}},"loc":{"start":{"line":126,"column":34},"end":{"line":126,"column":61}}},"8":{"name":"(anonymous_8)","decl":{"start":{"line":129,"column":9},"end":{"line":129,"column":16}},"loc":{"start":{"line":129,"column":31},"end":{"line":131,"column":3}}},"9":{"name":"(anonymous_9)","decl":{"start":{"line":133,"column":9},"end":{"line":133,"column":24}},"loc":{"start":{"line":133,"column":41},"end":{"line":135,"column":3}}}},"branchMap":{"0":{"loc":{"start":{"line":19,"column":4},"end":{"line":21,"column":5}},"type":"if","locations":[{"start":{"line":19,"column":4},"end":{"line":21,"column":5}}]},"1":{"loc":{"start":{"line":37,"column":4},"end":{"line":39,"column":5}},"type":"if","locations":[{"start":{"line":37,"column":4},"end":{"line":39,"column":5}}]},"2":{"loc":{"start":{"line":62,"column":4},"end":{"line":64,"column":5}},"type":"if","locations":[{"start":{"line":62,"column":4},"end":{"line":64,"column":5}}]},"3":{"loc":{"start":{"line":66,"column":4},"end":{"line":68,"column":5}},"type":"if","locations":[{"start":{"line":66,"column":4},"end":{"line":68,"column":5}}]},"4":{"loc":{"start":{"line":70,"column":4},"end":{"line":72,"column":5}},"type":"if","locations":[{"start":{"line":70,"column":4},"end":{"line":72,"column":5}}]},"5":{"loc":{"start":{"line":83,"column":4},"end":{"line":114,"column":5}},"type":"if","locations":[{"start":{"line":83,"column":4},"end":{"line":114,"column":5}}]}},"s":{"0":0,"1":0,"2":0,"3":0,"4":0,"5":0,"6":0,"7":0,"8":0,"9":0,"10":0,"11":0,"12":0,"13":0,"14":0,"15":0,"16":0,"17":0,"18":0,"19":0,"20":0,"21":0,"22":0,"23":0,"24":0,"25":0,"26":0,"27":0,"28":0,"29":0,"30":0,"31":0,"32":0,"33":0,"34":0,"35":0,"36":0,"37":0,"38":0,"39":0,"40":0,"41":0,"42":0},"f":{"0":0,"1":0,"2":0,"3":0,"4":0,"5":0,"6":0,"7":0,"8":0,"9":0},"b":{"0":[0],"1":[0],"2":[0],"3":[0],"4":[0],"5":[0]}}
,"C:\\Users\\Ruben\\Desktop\\Battleship\\src\\services\\websocket.service.ts": {"path":"C:\\Users\\Ruben\\Desktop\\Battleship\\src\\services\\websocket.service.ts","statementMap":{"0":{"start":{"line":132,"column":10},"end":{"line":132,"column":83}},"1":{"start":{"line":133,"column":10},"end":{"line":133,"column":90}},"2":{"start":{"line":12,"column":4},"end":{"line":12,"column":44}},"3":{"start":{"line":13,"column":4},"end":{"line":13,"column":45}},"4":{"start":{"line":14,"column":4},"end":{"line":14,"column":30}},"5":{"start":{"line":18,"column":4},"end":{"line":20,"column":5}},"6":{"start":{"line":19,"column":6},"end":{"line":19,"column":61}},"7":{"start":{"line":21,"column":4},"end":{"line":21,"column":37}},"8":{"start":{"line":25,"column":4},"end":{"line":61,"column":7}},"9":{"start":{"line":26,"column":6},"end":{"line":26,"column":42}},"10":{"start":{"line":28,"column":20},"end":{"line":28,"column":43}},"11":{"start":{"line":29,"column":6},"end":{"line":29,"column":27}},"12":{"start":{"line":31,"column":6},"end":{"line":33,"column":9}},"13":{"start":{"line":32,"column":9},"end":{"line":32,"column":49}},"14":{"start":{"line":34,"column":6},"end":{"line":48,"column":9}},"15":{"start":{"line":35,"column":8},"end":{"line":47,"column":9}},"16":{"start":{"line":36,"column":41},"end":{"line":36,"column":71}},"17":{"start":{"line":37,"column":10},"end":{"line":37,"column":76}},"18":{"start":{"line":39,"column":10},"end":{"line":39,"column":71}},"19":{"start":{"line":41,"column":10},"end":{"line":41,"column":57}},"20":{"start":{"line":42,"column":10},"end":{"line":46,"column":13}},"21":{"start":{"line":50,"column":6},"end":{"line":53,"column":9}},"22":{"start":{"line":51,"column":8},"end":{"line":51,"column":43}},"23":{"start":{"line":52,"column":8},"end":{"line":52,"column":37}},"24":{"start":{"line":55,"column":6},"end":{"line":58,"column":9}},"25":{"start":{"line":56,"column":8},"end":{"line":56,"column":49}},"26":{"start":{"line":57,"column":8},"end":{"line":57,"column":37}},"27":{"start":{"line":60,"column":7},"end":{"line":60,"column":47}},"28":{"start":{"line":63,"column":4},"end":{"line":70,"column":7}},"29":{"start":{"line":64,"column":22},"end":{"line":64,"column":40}},"30":{"start":{"line":65,"column":6},"end":{"line":69,"column":7}},"31":{"start":{"line":66,"column":8},"end":{"line":66,"column":75}},"32":{"start":{"line":68,"column":8},"end":{"line":68,"column":51}},"33":{"start":{"line":72,"column":4},"end":{"line":72,"column":26}},"34":{"start":{"line":75,"column":21},"end":{"line":86,"column":13}},"35":{"start":{"line":76,"column":6},"end":{"line":85,"column":9}},"36":{"start":{"line":77,"column":22},"end":{"line":77,"column":45}},"37":{"start":{"line":78,"column":8},"end":{"line":81,"column":9}},"38":{"start":{"line":79,"column":10},"end":{"line":79,"column":39}},"39":{"start":{"line":80,"column":10},"end":{"line":80,"column":32}},"40":{"start":{"line":83,"column":8},"end":{"line":83,"column":30}},"41":{"start":{"line":84,"column":8},"end":{"line":84,"column":18}},"42":{"start":{"line":88,"column":4},"end":{"line":90,"column":7}},"43":{"start":{"line":89,"column":6},"end":{"line":89,"column":30}},"44":{"start":{"line":94,"column":20},"end":{"line":94,"column":43}},"45":{"start":{"line":95,"column":31},"end":{"line":95,"column":81}},"46":{"start":{"line":95,"column":56},"end":{"line":95,"column":80}},"47":{"start":{"line":97,"column":4},"end":{"line":130,"column":5}},"48":{"start":{"line":98,"column":19},"end":{"line":98,"column":65}},"49":{"start":{"line":99,"column":6},"end":{"line":103,"column":7}},"50":{"start":{"line":100,"column":8},"end":{"line":100,"column":51}},"51":{"start":{"line":102,"column":8},"end":{"line":102,"column":36}},"52":{"start":{"line":105,"column":19},"end":{"line":105,"column":65}},"53":{"start":{"line":106,"column":6},"end":{"line":129,"column":7}},"54":{"start":{"line":107,"column":23},"end":{"line":107,"column":89}},"55":{"start":{"line":107,"column":53},"end":{"line":107,"column":88}},"56":{"start":{"line":108,"column":8},"end":{"line":128,"column":9}},"57":{"start":{"line":109,"column":10},"end":{"line":109,"column":33}},"58":{"start":{"line":110,"column":10},"end":{"line":110,"column":36}},"59":{"start":{"line":112,"column":10},"end":{"line":112,"column":35}},"60":{"start":{"line":114,"column":31},"end":{"line":114,"column":59}},"61":{"start":{"line":115,"column":10},"end":{"line":127,"column":11}},"62":{"start":{"line":116,"column":12},"end":{"line":116,"column":49}},"63":{"start":{"line":118,"column":12},"end":{"line":124,"column":15}},"64":{"start":{"line":126,"column":12},"end":{"line":126,"column":42}},"65":{"start":{"line":136,"column":4},"end":{"line":138,"column":5}},"66":{"start":{"line":137,"column":6},"end":{"line":137,"column":38}},"67":{"start":{"line":139,"column":4},"end":{"line":139,"column":46}},"68":{"start":{"line":141,"column":4},"end":{"line":143,"column":5}},"69":{"start":{"line":142,"column":6},"end":{"line":142,"column":96}},"70":{"start":{"line":147,"column":4},"end":{"line":147,"column":41}},"71":{"start":{"line":150,"column":4},"end":{"line":154,"column":5}},"72":{"start":{"line":151,"column":6},"end":{"line":153,"column":9}},"73":{"start":{"line":152,"column":8},"end":{"line":152,"column":26}},"74":{"start":{"line":156,"column":4},"end":{"line":169,"column":5}},"75":{"start":{"line":163,"column":22},"end":{"line":163,"column":40}},"76":{"start":{"line":164,"column":17},"end":{"line":164,"column":45}},"77":{"start":{"line":166,"column":6},"end":{"line":168,"column":9}},"78":{"start":{"line":167,"column":8},"end":{"line":167,"column":30}},"79":{"start":{"line":172,"column":4},"end":{"line":175,"column":5}},"80":{"start":{"line":173,"column":6},"end":{"line":173,"column":43}},"81":{"start":{"line":174,"column":6},"end":{"line":174,"column":64}},"82":{"start":{"line":179,"column":19},"end":{"line":179,"column":46}},"83":{"start":{"line":180,"column":4},"end":{"line":182,"column":5}},"84":{"start":{"line":181,"column":6},"end":{"line":181,"column":52}},"85":{"start":{"line":186,"column":17},"end":{"line":186,"column":40}},"86":{"start":{"line":187,"column":4},"end":{"line":194,"column":5}},"87":{"start":{"line":188,"column":6},"end":{"line":193,"column":9}},"88":{"start":{"line":189,"column":23},"end":{"line":189,"column":55}},"89":{"start":{"line":190,"column":8},"end":{"line":192,"column":9}},"90":{"start":{"line":191,"column":10},"end":{"line":191,"column":56}},"91":{"start":{"line":197,"column":4},"end":{"line":201,"column":7}},"92":{"start":{"line":198,"column":6},"end":{"line":200,"column":7}},"93":{"start":{"line":199,"column":9},"end":{"line":199,"column":68}},"94":{"start":{"line":202,"column":4},"end":{"line":202,"column":59}},"95":{"start":{"line":206,"column":18},"end":{"line":206,"column":39}},"96":{"start":{"line":207,"column":27},"end":{"line":207,"column":78}},"97":{"start":{"line":207,"column":50},"end":{"line":207,"column":77}},"98":{"start":{"line":209,"column":4},"end":{"line":213,"column":7}},"99":{"start":{"line":217,"column":20},"end":{"line":217,"column":40}},"100":{"start":{"line":219,"column":4},"end":{"line":223,"column":7}}},"fnMap":{"0":{"name":"(anonymous_0)","decl":{"start":{"line":11,"column":2},"end":{"line":11,"column":22}},"loc":{"start":{"line":11,"column":34},"end":{"line":15,"column":3}}},"1":{"name":"(anonymous_1)","decl":{"start":{"line":17,"column":9},"end":{"line":17,"column":15}},"loc":{"start":{"line":17,"column":40},"end":{"line":22,"column":3}}},"2":{"name":"(anonymous_2)","decl":{"start":{"line":24,"column":10},"end":{"line":24,"column":28}},"loc":{"start":{"line":24,"column":28},"end":{"line":73,"column":3}}},"3":{"name":"(anonymous_3)","decl":{"start":{"line":25,"column":30},"end":{"line":25,"column":31}},"loc":{"start":{"line":25,"column":48},"end":{"line":61,"column":5}}},"4":{"name":"(anonymous_4)","decl":{"start":{"line":31,"column":20},"end":{"line":31,"column":23}},"loc":{"start":{"line":31,"column":25},"end":{"line":33,"column":7}}},"5":{"name":"(anonymous_5)","decl":{"start":{"line":34,"column":23},"end":{"line":34,"column":24}},"loc":{"start":{"line":34,"column":43},"end":{"line":48,"column":7}}},"6":{"name":"(anonymous_6)","decl":{"start":{"line":50,"column":21},"end":{"line":50,"column":24}},"loc":{"start":{"line":50,"column":26},"end":{"line":53,"column":7}}},"7":{"name":"(anonymous_7)","decl":{"start":{"line":55,"column":21},"end":{"line":55,"column":22}},"loc":{"start":{"line":55,"column":31},"end":{"line":58,"column":7}}},"8":{"name":"(anonymous_8)","decl":{"start":{"line":63,"column":29},"end":{"line":63,"column":32}},"loc":{"start":{"line":63,"column":34},"end":{"line":70,"column":5}}},"9":{"name":"(anonymous_9)","decl":{"start":{"line":74,"column":10},"end":{"line":74,"column":24}},"loc":{"start":{"line":74,"column":24},"end":{"line":91,"column":3}}},"10":{"name":"(anonymous_10)","decl":{"start":{"line":75,"column":33},"end":{"line":75,"column":36}},"loc":{"start":{"line":75,"column":38},"end":{"line":86,"column":5}}},"11":{"name":"(anonymous_11)","decl":{"start":{"line":76,"column":31},"end":{"line":76,"column":32}},"loc":{"start":{"line":76,"column":38},"end":{"line":85,"column":7}}},"12":{"name":"(anonymous_12)","decl":{"start":{"line":88,"column":25},"end":{"line":88,"column":28}},"loc":{"start":{"line":88,"column":30},"end":{"line":90,"column":5}}},"13":{"name":"(anonymous_13)","decl":{"start":{"line":93,"column":10},"end":{"line":93,"column":29}},"loc":{"start":{"line":93,"column":43},"end":{"line":131,"column":3}}},"14":{"name":"(anonymous_14)","decl":{"start":{"line":95,"column":44},"end":{"line":95,"column":45}},"loc":{"start":{"line":95,"column":56},"end":{"line":95,"column":80}}},"15":{"name":"(anonymous_15)","decl":{"start":{"line":107,"column":41},"end":{"line":107,"column":42}},"loc":{"start":{"line":107,"column":53},"end":{"line":107,"column":88}}},"16":{"name":"(anonymous_16)","decl":{"start":{"line":135,"column":9},"end":{"line":135,"column":11}},"loc":{"start":{"line":135,"column":65},"end":{"line":144,"column":3}}},"17":{"name":"(anonymous_17)","decl":{"start":{"line":146,"column":9},"end":{"line":146,"column":18}},"loc":{"start":{"line":146,"column":78},"end":{"line":148,"column":3}}},"18":{"name":"(anonymous_18)","decl":{"start":{"line":149,"column":10},"end":{"line":149,"column":14}},"loc":{"start":{"line":149,"column":48},"end":{"line":170,"column":3}}},"19":{"name":"(anonymous_19)","decl":{"start":{"line":151,"column":41},"end":{"line":151,"column":42}},"loc":{"start":{"line":151,"column":54},"end":{"line":153,"column":7}}},"20":{"name":"(anonymous_20)","decl":{"start":{"line":166,"column":36},"end":{"line":166,"column":37}},"loc":{"start":{"line":166,"column":49},"end":{"line":168,"column":7}}},"21":{"name":"(anonymous_21)","decl":{"start":{"line":171,"column":9},"end":{"line":171,"column":21}},"loc":{"start":{"line":171,"column":65},"end":{"line":176,"column":3}}},"22":{"name":"(anonymous_22)","decl":{"start":{"line":178,"column":9},"end":{"line":178,"column":21}},"loc":{"start":{"line":178,"column":56},"end":{"line":183,"column":3}}},"23":{"name":"(anonymous_23)","decl":{"start":{"line":185,"column":9},"end":{"line":185,"column":19}},"loc":{"start":{"line":185,"column":52},"end":{"line":195,"column":3}}},"24":{"name":"(anonymous_24)","decl":{"start":{"line":188,"column":27},"end":{"line":188,"column":28}},"loc":{"start":{"line":188,"column":42},"end":{"line":193,"column":7}}},"25":{"name":"(anonymous_25)","decl":{"start":{"line":196,"column":9},"end":{"line":196,"column":18}},"loc":{"start":{"line":196,"column":35},"end":{"line":203,"column":3}}},"26":{"name":"(anonymous_26)","decl":{"start":{"line":197,"column":29},"end":{"line":197,"column":30}},"loc":{"start":{"line":197,"column":40},"end":{"line":201,"column":5}}},"27":{"name":"(anonymous_27)","decl":{"start":{"line":205,"column":9},"end":{"line":205,"column":29}},"loc":{"start":{"line":205,"column":29},"end":{"line":214,"column":3}}},"28":{"name":"(anonymous_28)","decl":{"start":{"line":207,"column":40},"end":{"line":207,"column":41}},"loc":{"start":{"line":207,"column":50},"end":{"line":207,"column":77}}},"29":{"name":"(anonymous_29)","decl":{"start":{"line":216,"column":9},"end":{"line":216,"column":31}},"loc":{"start":{"line":216,"column":31},"end":{"line":224,"column":3}}}},"branchMap":{"0":{"loc":{"start":{"line":18,"column":4},"end":{"line":20,"column":5}},"type":"if","locations":[{"start":{"line":18,"column":4},"end":{"line":20,"column":5}}]},"1":{"loc":{"start":{"line":65,"column":6},"end":{"line":69,"column":7}},"type":"if","locations":[{"start":{"line":65,"column":6},"end":{"line":69,"column":7}},{"start":{"line":67,"column":13},"end":{"line":69,"column":7}}]},"2":{"loc":{"start":{"line":65,"column":10},"end":{"line":65,"column":57}},"type":"binary-expr","locations":[{"start":{"line":65,"column":10},"end":{"line":65,"column":37}},{"start":{"line":65,"column":41},"end":{"line":65,"column":57}}]},"3":{"loc":{"start":{"line":78,"column":8},"end":{"line":81,"column":9}},"type":"if","locations":[{"start":{"line":78,"column":8},"end":{"line":81,"column":9}}]},"4":{"loc":{"start":{"line":97,"column":4},"end":{"line":130,"column":5}},"type":"if","locations":[{"start":{"line":97,"column":4},"end":{"line":130,"column":5}}]},"5":{"loc":{"start":{"line":99,"column":6},"end":{"line":103,"column":7}},"type":"if","locations":[{"start":{"line":99,"column":6},"end":{"line":103,"column":7}}]},"6":{"loc":{"start":{"line":106,"column":6},"end":{"line":129,"column":7}},"type":"if","locations":[{"start":{"line":106,"column":6},"end":{"line":129,"column":7}}]},"7":{"loc":{"start":{"line":106,"column":10},"end":{"line":106,"column":34}},"type":"binary-expr","locations":[{"start":{"line":106,"column":10},"end":{"line":106,"column":14}},{"start":{"line":106,"column":18},"end":{"line":106,"column":34}}]},"8":{"loc":{"start":{"line":108,"column":8},"end":{"line":128,"column":9}},"type":"if","locations":[{"start":{"line":108,"column":8},"end":{"line":128,"column":9}}]},"9":{"loc":{"start":{"line":115,"column":10},"end":{"line":127,"column":11}},"type":"if","locations":[{"start":{"line":115,"column":10},"end":{"line":127,"column":11}}]},"10":{"loc":{"start":{"line":136,"column":4},"end":{"line":138,"column":5}},"type":"if","locations":[{"start":{"line":136,"column":4},"end":{"line":138,"column":5}}]},"11":{"loc":{"start":{"line":141,"column":4},"end":{"line":143,"column":5}},"type":"if","locations":[{"start":{"line":141,"column":4},"end":{"line":143,"column":5}}]},"12":{"loc":{"start":{"line":141,"column":8},"end":{"line":141,"column":61}},"type":"binary-expr","locations":[{"start":{"line":141,"column":8},"end":{"line":141,"column":27}},{"start":{"line":141,"column":31},"end":{"line":141,"column":61}}]},"13":{"loc":{"start":{"line":150,"column":4},"end":{"line":154,"column":5}},"type":"if","locations":[{"start":{"line":150,"column":4},"end":{"line":154,"column":5}}]},"14":{"loc":{"start":{"line":156,"column":4},"end":{"line":169,"column":5}},"type":"if","locations":[{"start":{"line":156,"column":4},"end":{"line":169,"column":5}}]},"15":{"loc":{"start":{"line":157,"column":6},"end":{"line":161,"column":34}},"type":"binary-expr","locations":[{"start":{"line":157,"column":6},"end":{"line":157,"column":25}},{"start":{"line":158,"column":6},"end":{"line":158,"column":22}},{"start":{"line":159,"column":6},"end":{"line":159,"column":33}},{"start":{"line":160,"column":6},"end":{"line":160,"column":22}},{"start":{"line":161,"column":6},"end":{"line":161,"column":34}}]},"16":{"loc":{"start":{"line":172,"column":4},"end":{"line":175,"column":5}},"type":"if","locations":[{"start":{"line":172,"column":4},"end":{"line":175,"column":5}}]},"17":{"loc":{"start":{"line":180,"column":4},"end":{"line":182,"column":5}},"type":"if","locations":[{"start":{"line":180,"column":4},"end":{"line":182,"column":5}}]},"18":{"loc":{"start":{"line":180,"column":8},"end":{"line":180,"column":35}},"type":"binary-expr","locations":[{"start":{"line":180,"column":8},"end":{"line":180,"column":14}},{"start":{"line":180,"column":18},"end":{"line":180,"column":35}}]},"19":{"loc":{"start":{"line":187,"column":4},"end":{"line":194,"column":5}},"type":"if","locations":[{"start":{"line":187,"column":4},"end":{"line":194,"column":5}}]},"20":{"loc":{"start":{"line":190,"column":8},"end":{"line":192,"column":9}},"type":"if","locations":[{"start":{"line":190,"column":8},"end":{"line":192,"column":9}}]},"21":{"loc":{"start":{"line":190,"column":12},"end":{"line":190,"column":39}},"type":"binary-expr","locations":[{"start":{"line":190,"column":12},"end":{"line":190,"column":18}},{"start":{"line":190,"column":22},"end":{"line":190,"column":39}}]},"22":{"loc":{"start":{"line":198,"column":6},"end":{"line":200,"column":7}},"type":"if","locations":[{"start":{"line":198,"column":6},"end":{"line":200,"column":7}}]}},"s":{"0":0,"1":0,"2":0,"3":0,"4":0,"5":0,"6":0,"7":0,"8":0,"9":0,"10":0,"11":0,"12":0,"13":0,"14":0,"15":0,"16":0,"17":0,"18":0,"19":0,"20":0,"21":0,"22":0,"23":0,"24":0,"25":0,"26":0,"27":0,"28":0,"29":0,"30":0,"31":0,"32":0,"33":0,"34":0,"35":0,"36":0,"37":0,"38":0,"39":0,"40":0,"41":0,"42":0,"43":0,"44":0,"45":0,"46":0,"47":0,"48":0,"49":0,"50":0,"51":0,"52":0,"53":0,"54":0,"55":0,"56":0,"57":0,"58":0,"59":0,"60":0,"61":0,"62":0,"63":0,"64":0,"65":0,"66":0,"67":0,"68":0,"69":0,"70":0,"71":0,"72":0,"73":0,"74":0,"75":0,"76":0,"77":0,"78":0,"79":0,"80":0,"81":0,"82":0,"83":0,"84":0,"85":0,"86":0,"87":0,"88":0,"89":0,"90":0,"91":0,"92":0,"93":0,"94":0,"95":0,"96":0,"97":0,"98":0,"99":0,"100":0},"f":{"0":0,"1":0,"2":0,"3":0,"4":0,"5":0,"6":0,"7":0,"8":0,"9":0,"10":0,"11":0,"12":0,"13":0,"14":0,"15":0,"16":0,"17":0,"18":0,"19":0,"20":0,"21":0,"22":0,"23":0,"24":0,"25":0,"26":0,"27":0,"28":0,"29":0},"b":{"0":[0],"1":[0,0],"2":[0,0],"3":[0],"4":[0],"5":[0],"6":[0],"7":[0,0],"8":[0],"9":[0],"10":[0],"11":[0],"12":[0,0],"13":[0],"14":[0],"15":[0,0,0,0,0],"16":[0],"17":[0],"18":[0,0],"19":[0],"20":[0],"21":[0,0],"22":[0]}}
,"C:\\Users\\Ruben\\Desktop\\Battleship\\src\\utils\\uuid.ts": {"path":"C:\\Users\\Ruben\\Desktop\\Battleship\\src\\utils\\uuid.ts","statementMap":{"0":{"start":{"line":2,"column":13},"end":{"line":5,"column":19}},"1":{"start":{"line":3,"column":4},"end":{"line":5,"column":19}},"2":{"start":{"line":7,"column":2},"end":{"line":7,"column":72}}},"fnMap":{"0":{"name":"generateUUID","decl":{"start":{"line":1,"column":16},"end":{"line":1,"column":28}},"loc":{"start":{"line":1,"column":28},"end":{"line":8,"column":1}}},"1":{"name":"(anonymous_1)","decl":{"start":{"line":2,"column":13},"end":{"line":2,"column":24}},"loc":{"start":{"line":3,"column":4},"end":{"line":5,"column":19}}}},"branchMap":{},"s":{"0":17,"1":136,"2":17},"f":{"0":17,"1":136},"b":{}}
}
