{"C:\\Users\\Ruben\\Desktop\\Battleship\\src\\index.ts": {"path":"C:\\Users\\Ruben\\Desktop\\Battleship\\src\\index.ts","statementMap":{"0":{"start":{"line":7,"column":18},"end":{"line":7,"column":84}},"1":{"start":{"line":8,"column":16},"end":{"line":8,"column":78}},"2":{"start":{"line":17,"column":4},"end":{"line":17,"column":48}},"3":{"start":{"line":19,"column":4},"end":{"line":19,"column":59}},"4":{"start":{"line":21,"column":4},"end":{"line":21,"column":55}},"5":{"start":{"line":22,"column":4},"end":{"line":22,"column":60}},"6":{"start":{"line":23,"column":4},"end":{"line":23,"column":37}},"7":{"start":{"line":26,"column":4},"end":{"line":26,"column":45}},"8":{"start":{"line":27,"column":4},"end":{"line":27,"column":55}},"9":{"start":{"line":28,"column":4},"end":{"line":28,"column":32}},"10":{"start":{"line":32,"column":4},"end":{"line":32,"column":28}},"11":{"start":{"line":34,"column":4},"end":{"line":34,"column":50}},"12":{"start":{"line":35,"column":4},"end":{"line":35,"column":60}},"13":{"start":{"line":36,"column":4},"end":{"line":36,"column":63}},"14":{"start":{"line":40,"column":12},"end":{"line":40,"column":31}},"15":{"start":{"line":41,"column":0},"end":{"line":41,"column":12}},"16":{"start":{"line":43,"column":0},"end":{"line":46,"column":3}},"17":{"start":{"line":44,"column":2},"end":{"line":44,"column":41}},"18":{"start":{"line":45,"column":2},"end":{"line":45,"column":18}},"19":{"start":{"line":48,"column":0},"end":{"line":51,"column":3}},"20":{"start":{"line":49,"column":2},"end":{"line":49,"column":41}},"21":{"start":{"line":50,"column":2},"end":{"line":50,"column":18}}},"fnMap":{"0":{"name":"(anonymous_0)","decl":{"start":{"line":16,"column":2},"end":{"line":16,"column":null}},"loc":{"start":{"line":16,"column":2},"end":{"line":29,"column":3}}},"1":{"name":"(anonymous_1)","decl":{"start":{"line":31,"column":9},"end":{"line":31,"column":14}},"loc":{"start":{"line":31,"column":14},"end":{"line":37,"column":3}}},"2":{"name":"(anonymous_2)","decl":{"start":{"line":43,"column":21},"end":{"line":43,"column":24}},"loc":{"start":{"line":43,"column":26},"end":{"line":46,"column":1}}},"3":{"name":"(anonymous_3)","decl":{"start":{"line":48,"column":22},"end":{"line":48,"column":25}},"loc":{"start":{"line":48,"column":27},"end":{"line":51,"column":1}}}},"branchMap":{"0":{"loc":{"start":{"line":7,"column":18},"end":{"line":7,"column":84}},"type":"cond-expr","locations":[{"start":{"line":7,"column":42},"end":{"line":7,"column":77}},{"start":{"line":7,"column":80},"end":{"line":7,"column":84}}]},"1":{"loc":{"start":{"line":8,"column":16},"end":{"line":8,"column":78}},"type":"cond-expr","locations":[{"start":{"line":8,"column":38},"end":{"line":8,"column":71}},{"start":{"line":8,"column":74},"end":{"line":8,"column":78}}]}},"s":{"0":0,"1":0,"2":0,"3":0,"4":0,"5":0,"6":0,"7":0,"8":0,"9":0,"10":0,"11":0,"12":0,"13":0,"14":0,"15":0,"16":0,"17":0,"18":0,"19":0,"20":0,"21":0},"f":{"0":0,"1":0,"2":0,"3":0},"b":{"0":[0,0],"1":[0,0]}}
,"C:\\Users\\Ruben\\Desktop\\Battleship\\src\\controllers\\messageHandler.ts": {"path":"C:\\Users\\Ruben\\Desktop\\Battleship\\src\\controllers\\messageHandler.ts","statementMap":{"0":{"start":{"line":24,"column":4},"end":{"line":24,"column":53}},"1":{"start":{"line":25,"column":4},"end":{"line":25,"column":49}},"2":{"start":{"line":26,"column":4},"end":{"line":26,"column":49}},"3":{"start":{"line":27,"column":4},"end":{"line":27,"column":47}},"4":{"start":{"line":28,"column":4},"end":{"line":28,"column":21}},"5":{"start":{"line":32,"column":4},"end":{"line":34,"column":5}},"6":{"start":{"line":33,"column":6},"end":{"line":33,"column":53}},"7":{"start":{"line":35,"column":4},"end":{"line":35,"column":35}},"8":{"start":{"line":39,"column":4},"end":{"line":39,"column":19}},"9":{"start":{"line":43,"column":4},"end":{"line":43,"column":53}},"10":{"start":{"line":44,"column":4},"end":{"line":44,"column":51}},"11":{"start":{"line":45,"column":4},"end":{"line":45,"column":54}},"12":{"start":{"line":46,"column":4},"end":{"line":46,"column":51}},"13":{"start":{"line":47,"column":4},"end":{"line":47,"column":58}},"14":{"start":{"line":48,"column":4},"end":{"line":48,"column":50}},"15":{"start":{"line":49,"column":4},"end":{"line":49,"column":53}},"16":{"start":{"line":50,"column":4},"end":{"line":50,"column":35}},"17":{"start":{"line":52,"column":4},"end":{"line":54,"column":7}},"18":{"start":{"line":53,"column":6},"end":{"line":53,"column":46}},"19":{"start":{"line":58,"column":4},"end":{"line":100,"column":5}},"20":{"start":{"line":59,"column":6},"end":{"line":59,"column":62}},"21":{"start":{"line":60,"column":6},"end":{"line":90,"column":7}},"22":{"start":{"line":62,"column":10},"end":{"line":62,"column":85}},"23":{"start":{"line":63,"column":10},"end":{"line":63,"column":16}},"24":{"start":{"line":65,"column":10},"end":{"line":65,"column":53}},"25":{"start":{"line":66,"column":10},"end":{"line":66,"column":16}},"26":{"start":{"line":69,"column":10},"end":{"line":69,"column":47}},"27":{"start":{"line":70,"column":10},"end":{"line":70,"column":16}},"28":{"start":{"line":72,"column":10},"end":{"line":72,"column":96}},"29":{"start":{"line":73,"column":10},"end":{"line":73,"column":16}},"30":{"start":{"line":75,"column":10},"end":{"line":75,"column":74}},"31":{"start":{"line":76,"column":10},"end":{"line":76,"column":16}},"32":{"start":{"line":78,"column":10},"end":{"line":78,"column":70}},"33":{"start":{"line":79,"column":10},"end":{"line":79,"column":16}},"34":{"start":{"line":81,"column":10},"end":{"line":81,"column":82}},"35":{"start":{"line":82,"column":10},"end":{"line":82,"column":16}},"36":{"start":{"line":84,"column":10},"end":{"line":84,"column":64}},"37":{"start":{"line":85,"column":10},"end":{"line":89,"column":13}},"38":{"start":{"line":92,"column":6},"end":{"line":92,"column":54}},"39":{"start":{"line":93,"column":6},"end":{"line":99,"column":9}},"40":{"start":{"line":104,"column":4},"end":{"line":111,"column":5}},"41":{"start":{"line":105,"column":6},"end":{"line":110,"column":7}},"42":{"start":{"line":106,"column":8},"end":{"line":106,"column":37}},"43":{"start":{"line":108,"column":8},"end":{"line":108,"column":57}},"44":{"start":{"line":109,"column":8},"end":{"line":109,"column":52}},"45":{"start":{"line":112,"column":4},"end":{"line":112,"column":21}},"46":{"start":{"line":115,"column":4},"end":{"line":117,"column":5}},"47":{"start":{"line":116,"column":6},"end":{"line":116,"column":45}},"48":{"start":{"line":118,"column":22},"end":{"line":118,"column":47}},"49":{"start":{"line":119,"column":4},"end":{"line":123,"column":5}},"50":{"start":{"line":120,"column":6},"end":{"line":122,"column":8}},"51":{"start":{"line":125,"column":4},"end":{"line":127,"column":5}},"52":{"start":{"line":126,"column":6},"end":{"line":126,"column":42}},"53":{"start":{"line":129,"column":4},"end":{"line":131,"column":5}},"54":{"start":{"line":130,"column":6},"end":{"line":130,"column":69}},"55":{"start":{"line":133,"column":4},"end":{"line":133,"column":52}},"56":{"start":{"line":134,"column":21},"end":{"line":134,"column":72}},"57":{"start":{"line":136,"column":4},"end":{"line":140,"column":7}},"58":{"start":{"line":142,"column":4},"end":{"line":145,"column":5}},"59":{"start":{"line":143,"column":6},"end":{"line":143,"column":38}},"60":{"start":{"line":144,"column":6},"end":{"line":144,"column":40}},"61":{"start":{"line":149,"column":20},"end":{"line":149,"column":51}},"62":{"start":{"line":150,"column":19},"end":{"line":150,"column":67}},"63":{"start":{"line":150,"column":39},"end":{"line":150,"column":66}},"64":{"start":{"line":152,"column":4},"end":{"line":155,"column":5}},"65":{"start":{"line":153,"column":6},"end":{"line":153,"column":59}},"66":{"start":{"line":154,"column":6},"end":{"line":154,"column":42}},"67":{"start":{"line":157,"column":4},"end":{"line":157,"column":60}},"68":{"start":{"line":158,"column":4},"end":{"line":158,"column":43}},"69":{"start":{"line":162,"column":20},"end":{"line":162,"column":51}},"70":{"start":{"line":163,"column":19},"end":{"line":163,"column":67}},"71":{"start":{"line":163,"column":39},"end":{"line":163,"column":66}},"72":{"start":{"line":165,"column":4},"end":{"line":168,"column":5}},"73":{"start":{"line":166,"column":6},"end":{"line":166,"column":63}},"74":{"start":{"line":167,"column":6},"end":{"line":167,"column":42}},"75":{"start":{"line":170,"column":4},"end":{"line":170,"column":64}},"76":{"start":{"line":171,"column":19},"end":{"line":171,"column":63}},"77":{"start":{"line":173,"column":4},"end":{"line":180,"column":7}},"78":{"start":{"line":184,"column":20},"end":{"line":184,"column":51}},"79":{"start":{"line":185,"column":19},"end":{"line":185,"column":67}},"80":{"start":{"line":185,"column":39},"end":{"line":185,"column":66}},"81":{"start":{"line":187,"column":4},"end":{"line":190,"column":5}},"82":{"start":{"line":188,"column":6},"end":{"line":188,"column":58}},"83":{"start":{"line":189,"column":6},"end":{"line":189,"column":42}},"84":{"start":{"line":192,"column":4},"end":{"line":195,"column":5}},"85":{"start":{"line":193,"column":6},"end":{"line":193,"column":45}},"86":{"start":{"line":194,"column":6},"end":{"line":194,"column":48}},"87":{"start":{"line":197,"column":4},"end":{"line":197,"column":73}},"88":{"start":{"line":198,"column":4},"end":{"line":198,"column":70}},"89":{"start":{"line":202,"column":4},"end":{"line":205,"column":5}},"90":{"start":{"line":203,"column":6},"end":{"line":203,"column":47}},"91":{"start":{"line":204,"column":6},"end":{"line":204,"column":43}},"92":{"start":{"line":207,"column":4},"end":{"line":207,"column":86}},"93":{"start":{"line":208,"column":4},"end":{"line":208,"column":95}},"94":{"start":{"line":212,"column":4},"end":{"line":220,"column":5}},"95":{"start":{"line":218,"column":6},"end":{"line":218,"column":49}},"96":{"start":{"line":219,"column":6},"end":{"line":219,"column":45}},"97":{"start":{"line":222,"column":4},"end":{"line":224,"column":6}},"98":{"start":{"line":225,"column":4},"end":{"line":225,"column":97}},"99":{"start":{"line":229,"column":4},"end":{"line":232,"column":5}},"100":{"start":{"line":230,"column":6},"end":{"line":230,"column":56}},"101":{"start":{"line":231,"column":6},"end":{"line":231,"column":52}},"102":{"start":{"line":234,"column":4},"end":{"line":234,"column":88}},"103":{"start":{"line":235,"column":4},"end":{"line":235,"column":87}}},"fnMap":{"0":{"name":"(anonymous_0)","decl":{"start":{"line":23,"column":2},"end":{"line":23,"column":null}},"loc":{"start":{"line":23,"column":2},"end":{"line":29,"column":3}}},"1":{"name":"(anonymous_1)","decl":{"start":{"line":31,"column":9},"end":{"line":31,"column":15}},"loc":{"start":{"line":31,"column":27},"end":{"line":36,"column":3}}},"2":{"name":"(anonymous_2)","decl":{"start":{"line":38,"column":9},"end":{"line":38,"column":28}},"loc":{"start":{"line":38,"column":50},"end":{"line":40,"column":3}}},"3":{"name":"(anonymous_3)","decl":{"start":{"line":42,"column":9},"end":{"line":42,"column":19}},"loc":{"start":{"line":42,"column":19},"end":{"line":55,"column":3}}},"4":{"name":"(anonymous_4)","decl":{"start":{"line":52,"column":23},"end":{"line":52,"column":24}},"loc":{"start":{"line":52,"column":75},"end":{"line":54,"column":5}}},"5":{"name":"(anonymous_5)","decl":{"start":{"line":57,"column":10},"end":{"line":57,"column":23}},"loc":{"start":{"line":57,"column":71},"end":{"line":101,"column":3}}},"6":{"name":"(anonymous_6)","decl":{"start":{"line":103,"column":10},"end":{"line":103,"column":19}},"loc":{"start":{"line":103,"column":36},"end":{"line":113,"column":3}}},"7":{"name":"(anonymous_7)","decl":{"start":{"line":114,"column":10},"end":{"line":114,"column":28}},"loc":{"start":{"line":114,"column":73},"end":{"line":146,"column":3}}},"8":{"name":"(anonymous_8)","decl":{"start":{"line":148,"column":10},"end":{"line":148,"column":26}},"loc":{"start":{"line":148,"column":74},"end":{"line":159,"column":3}}},"9":{"name":"(anonymous_9)","decl":{"start":{"line":150,"column":32},"end":{"line":150,"column":33}},"loc":{"start":{"line":150,"column":39},"end":{"line":150,"column":66}}},"10":{"name":"(anonymous_10)","decl":{"start":{"line":161,"column":10},"end":{"line":161,"column":29}},"loc":{"start":{"line":161,"column":59},"end":{"line":181,"column":3}}},"11":{"name":"(anonymous_11)","decl":{"start":{"line":163,"column":32},"end":{"line":163,"column":33}},"loc":{"start":{"line":163,"column":39},"end":{"line":163,"column":66}}},"12":{"name":"(anonymous_12)","decl":{"start":{"line":183,"column":10},"end":{"line":183,"column":29}},"loc":{"start":{"line":183,"column":84},"end":{"line":199,"column":3}}},"13":{"name":"(anonymous_13)","decl":{"start":{"line":185,"column":32},"end":{"line":185,"column":33}},"loc":{"start":{"line":185,"column":39},"end":{"line":185,"column":66}}},"14":{"name":"(anonymous_14)","decl":{"start":{"line":201,"column":10},"end":{"line":201,"column":24}},"loc":{"start":{"line":201,"column":43},"end":{"line":209,"column":3}}},"15":{"name":"(anonymous_15)","decl":{"start":{"line":211,"column":10},"end":{"line":211,"column":22}},"loc":{"start":{"line":211,"column":39},"end":{"line":226,"column":3}}},"16":{"name":"(anonymous_16)","decl":{"start":{"line":228,"column":10},"end":{"line":228,"column":28}},"loc":{"start":{"line":228,"column":51},"end":{"line":236,"column":3}}}},"branchMap":{"0":{"loc":{"start":{"line":32,"column":4},"end":{"line":34,"column":5}},"type":"if","locations":[{"start":{"line":32,"column":4},"end":{"line":34,"column":5}}]},"1":{"loc":{"start":{"line":60,"column":6},"end":{"line":90,"column":7}},"type":"switch","locations":[{"start":{"line":61,"column":8},"end":{"line":63,"column":16}},{"start":{"line":64,"column":8},"end":{"line":66,"column":16}},{"start":{"line":67,"column":8},"end":{"line":67,"column":31}},{"start":{"line":68,"column":8},"end":{"line":70,"column":16}},{"start":{"line":71,"column":8},"end":{"line":73,"column":16}},{"start":{"line":74,"column":8},"end":{"line":76,"column":16}},{"start":{"line":77,"column":8},"end":{"line":79,"column":16}},{"start":{"line":80,"column":8},"end":{"line":82,"column":16}},{"start":{"line":83,"column":8},"end":{"line":89,"column":13}}]},"2":{"loc":{"start":{"line":96,"column":19},"end":{"line":96,"column":75}},"type":"cond-expr","locations":[{"start":{"line":96,"column":44},"end":{"line":96,"column":57}},{"start":{"line":96,"column":60},"end":{"line":96,"column":75}}]},"3":{"loc":{"start":{"line":104,"column":4},"end":{"line":111,"column":5}},"type":"if","locations":[{"start":{"line":104,"column":4},"end":{"line":111,"column":5}}]},"4":{"loc":{"start":{"line":115,"column":4},"end":{"line":117,"column":5}},"type":"if","locations":[{"start":{"line":115,"column":4},"end":{"line":117,"column":5}}]},"5":{"loc":{"start":{"line":115,"column":8},"end":{"line":115,"column":51}},"type":"binary-expr","locations":[{"start":{"line":115,"column":8},"end":{"line":115,"column":18}},{"start":{"line":115,"column":22},"end":{"line":115,"column":51}}]},"6":{"loc":{"start":{"line":119,"column":4},"end":{"line":123,"column":5}},"type":"if","locations":[{"start":{"line":119,"column":4},"end":{"line":123,"column":5}}]},"7":{"loc":{"start":{"line":125,"column":4},"end":{"line":127,"column":5}},"type":"if","locations":[{"start":{"line":125,"column":4},"end":{"line":127,"column":5}}]},"8":{"loc":{"start":{"line":125,"column":8},"end":{"line":125,"column":59}},"type":"binary-expr","locations":[{"start":{"line":125,"column":8},"end":{"line":125,"column":22}},{"start":{"line":125,"column":26},"end":{"line":125,"column":59}}]},"9":{"loc":{"start":{"line":129,"column":4},"end":{"line":131,"column":5}},"type":"if","locations":[{"start":{"line":129,"column":4},"end":{"line":131,"column":5}}]},"10":{"loc":{"start":{"line":142,"column":4},"end":{"line":145,"column":5}},"type":"if","locations":[{"start":{"line":142,"column":4},"end":{"line":145,"column":5}}]},"11":{"loc":{"start":{"line":152,"column":4},"end":{"line":155,"column":5}},"type":"if","locations":[{"start":{"line":152,"column":4},"end":{"line":155,"column":5}}]},"12":{"loc":{"start":{"line":165,"column":4},"end":{"line":168,"column":5}},"type":"if","locations":[{"start":{"line":165,"column":4},"end":{"line":168,"column":5}}]},"13":{"loc":{"start":{"line":187,"column":4},"end":{"line":190,"column":5}},"type":"if","locations":[{"start":{"line":187,"column":4},"end":{"line":190,"column":5}}]},"14":{"loc":{"start":{"line":192,"column":4},"end":{"line":195,"column":5}},"type":"if","locations":[{"start":{"line":192,"column":4},"end":{"line":195,"column":5}}]},"15":{"loc":{"start":{"line":202,"column":4},"end":{"line":205,"column":5}},"type":"if","locations":[{"start":{"line":202,"column":4},"end":{"line":205,"column":5}}]},"16":{"loc":{"start":{"line":202,"column":8},"end":{"line":202,"column":71}},"type":"binary-expr","locations":[{"start":{"line":202,"column":8},"end":{"line":202,"column":20}},{"start":{"line":202,"column":24},"end":{"line":202,"column":41}},{"start":{"line":202,"column":45},"end":{"line":202,"column":71}}]},"17":{"loc":{"start":{"line":212,"column":4},"end":{"line":220,"column":5}},"type":"if","locations":[{"start":{"line":212,"column":4},"end":{"line":220,"column":5}}]},"18":{"loc":{"start":{"line":213,"column":6},"end":{"line":216,"column":32}},"type":"binary-expr","locations":[{"start":{"line":213,"column":6},"end":{"line":213,"column":18}},{"start":{"line":214,"column":6},"end":{"line":214,"column":23}},{"start":{"line":215,"column":6},"end":{"line":215,"column":32}},{"start":{"line":216,"column":6},"end":{"line":216,"column":32}}]},"19":{"loc":{"start":{"line":229,"column":4},"end":{"line":232,"column":5}},"type":"if","locations":[{"start":{"line":229,"column":4},"end":{"line":232,"column":5}}]},"20":{"loc":{"start":{"line":229,"column":8},"end":{"line":229,"column":41}},"type":"binary-expr","locations":[{"start":{"line":229,"column":8},"end":{"line":229,"column":20}},{"start":{"line":229,"column":24},"end":{"line":229,"column":41}}]}},"s":{"0":0,"1":0,"2":0,"3":0,"4":0,"5":0,"6":0,"7":0,"8":0,"9":0,"10":0,"11":0,"12":0,"13":0,"14":0,"15":0,"16":0,"17":0,"18":0,"19":0,"20":0,"21":0,"22":0,"23":0,"24":0,"25":0,"26":0,"27":0,"28":0,"29":0,"30":0,"31":0,"32":0,"33":0,"34":0,"35":0,"36":0,"37":0,"38":0,"39":0,"40":0,"41":0,"42":0,"43":0,"44":0,"45":0,"46":0,"47":0,"48":0,"49":0,"50":0,"51":0,"52":0,"53":0,"54":0,"55":0,"56":0,"57":0,"58":0,"59":0,"60":0,"61":0,"62":0,"63":0,"64":0,"65":0,"66":0,"67":0,"68":0,"69":0,"70":0,"71":0,"72":0,"73":0,"74":0,"75":0,"76":0,"77":0,"78":0,"79":0,"80":0,"81":0,"82":0,"83":0,"84":0,"85":0,"86":0,"87":0,"88":0,"89":0,"90":0,"91":0,"92":0,"93":0,"94":0,"95":0,"96":0,"97":0,"98":0,"99":0,"100":0,"101":0,"102":0,"103":0},"f":{"0":0,"1":0,"2":0,"3":0,"4":0,"5":0,"6":0,"7":0,"8":0,"9":0,"10":0,"11":0,"12":0,"13":0,"14":0,"15":0,"16":0},"b":{"0":[0],"1":[0,0,0,0,0,0,0,0,0],"2":[0,0],"3":[0],"4":[0],"5":[0,0],"6":[0],"7":[0],"8":[0,0],"9":[0],"10":[0],"11":[0],"12":[0],"13":[0],"14":[0],"15":[0],"16":[0,0,0],"17":[0],"18":[0,0,0,0],"19":[0],"20":[0,0]}}
,"C:\\Users\\Ruben\\Desktop\\Battleship\\src\\http_server\\index.ts": {"path":"C:\\Users\\Ruben\\Desktop\\Battleship\\src\\http_server\\index.ts","statementMap":{"0":{"start":{"line":5,"column":42},"end":{"line":22,"column":2}},"1":{"start":{"line":30,"column":4},"end":{"line":30,"column":21}},"2":{"start":{"line":32,"column":22},"end":{"line":32,"column":52}},"3":{"start":{"line":33,"column":4},"end":{"line":33,"column":49}},"4":{"start":{"line":35,"column":4},"end":{"line":35,"column":68}},"5":{"start":{"line":40,"column":6},"end":{"line":42,"column":48}},"6":{"start":{"line":44,"column":4},"end":{"line":66,"column":7}},"7":{"start":{"line":45,"column":6},"end":{"line":48,"column":7}},"8":{"start":{"line":46,"column":8},"end":{"line":46,"column":52}},"9":{"start":{"line":47,"column":8},"end":{"line":47,"column":15}},"10":{"start":{"line":50,"column":6},"end":{"line":52,"column":7}},"11":{"start":{"line":51,"column":8},"end":{"line":51,"column":53}},"12":{"start":{"line":54,"column":22},"end":{"line":54,"column":44}},"13":{"start":{"line":55,"column":26},"end":{"line":55,"column":74}},"14":{"start":{"line":57,"column":6},"end":{"line":65,"column":9}},"15":{"start":{"line":58,"column":8},"end":{"line":61,"column":9}},"16":{"start":{"line":59,"column":10},"end":{"line":59,"column":61}},"17":{"start":{"line":60,"column":10},"end":{"line":60,"column":17}},"18":{"start":{"line":63,"column":8},"end":{"line":63,"column":60}},"19":{"start":{"line":64,"column":8},"end":{"line":64,"column":22}},"20":{"start":{"line":70,"column":4},"end":{"line":70,"column":63}},"21":{"start":{"line":71,"column":4},"end":{"line":71,"column":51}},"22":{"start":{"line":75,"column":4},"end":{"line":77,"column":7}},"23":{"start":{"line":76,"column":6},"end":{"line":76,"column":65}}},"fnMap":{"0":{"name":"(anonymous_0)","decl":{"start":{"line":29,"column":2},"end":{"line":29,"column":14}},"loc":{"start":{"line":29,"column":26},"end":{"line":36,"column":3}}},"1":{"name":"(anonymous_1)","decl":{"start":{"line":38,"column":10},"end":{"line":38,"column":24}},"loc":{"start":{"line":38,"column":76},"end":{"line":67,"column":3}}},"2":{"name":"(anonymous_2)","decl":{"start":{"line":44,"column":22},"end":{"line":44,"column":23}},"loc":{"start":{"line":44,"column":37},"end":{"line":66,"column":5}}},"3":{"name":"(anonymous_3)","decl":{"start":{"line":57,"column":28},"end":{"line":57,"column":29}},"loc":{"start":{"line":57,"column":42},"end":{"line":65,"column":7}}},"4":{"name":"(anonymous_4)","decl":{"start":{"line":69,"column":10},"end":{"line":69,"column":20}},"loc":{"start":{"line":69,"column":82},"end":{"line":72,"column":3}}},"5":{"name":"(anonymous_5)","decl":{"start":{"line":74,"column":9},"end":{"line":74,"column":14}},"loc":{"start":{"line":74,"column":14},"end":{"line":78,"column":3}}},"6":{"name":"(anonymous_6)","decl":{"start":{"line":75,"column":34},"end":{"line":75,"column":37}},"loc":{"start":{"line":75,"column":39},"end":{"line":77,"column":5}}}},"branchMap":{"0":{"loc":{"start":{"line":40,"column":6},"end":{"line":42,"column":48}},"type":"cond-expr","locations":[{"start":{"line":41,"column":10},"end":{"line":41,"column":47}},{"start":{"line":42,"column":10},"end":{"line":42,"column":48}}]},"1":{"loc":{"start":{"line":42,"column":34},"end":{"line":42,"column":47}},"type":"binary-expr","locations":[{"start":{"line":42,"column":34},"end":{"line":42,"column":41}},{"start":{"line":42,"column":45},"end":{"line":42,"column":47}}]},"2":{"loc":{"start":{"line":45,"column":6},"end":{"line":48,"column":7}},"type":"if","locations":[{"start":{"line":45,"column":6},"end":{"line":48,"column":7}}]},"3":{"loc":{"start":{"line":50,"column":6},"end":{"line":52,"column":7}},"type":"if","locations":[{"start":{"line":50,"column":6},"end":{"line":52,"column":7}}]},"4":{"loc":{"start":{"line":55,"column":26},"end":{"line":55,"column":74}},"type":"binary-expr","locations":[{"start":{"line":55,"column":26},"end":{"line":55,"column":44}},{"start":{"line":55,"column":48},"end":{"line":55,"column":74}}]},"5":{"loc":{"start":{"line":58,"column":8},"end":{"line":61,"column":9}},"type":"if","locations":[{"start":{"line":58,"column":8},"end":{"line":61,"column":9}}]}},"s":{"0":0,"1":0,"2":0,"3":0,"4":0,"5":0,"6":0,"7":0,"8":0,"9":0,"10":0,"11":0,"12":0,"13":0,"14":0,"15":0,"16":0,"17":0,"18":0,"19":0,"20":0,"21":0,"22":0,"23":0},"f":{"0":0,"1":0,"2":0,"3":0,"4":0,"5":0,"6":0},"b":{"0":[0,0],"1":[0,0],"2":[0],"3":[0],"4":[0,0],"5":[0]}}
,"C:\\Users\\Ruben\\Desktop\\Battleship\\src\\services\\bot.service.ts": {"path":"C:\\Users\\Ruben\\Desktop\\Battleship\\src\\services\\bot.service.ts","statementMap":{"0":{"start":{"line":15,"column":19},"end":{"line":26,"column":13}},"1":{"start":{"line":28,"column":4},"end":{"line":28,"column":44}},"2":{"start":{"line":29,"column":18},"end":{"line":29,"column":32}},"3":{"start":{"line":30,"column":4},"end":{"line":36,"column":6}},"4":{"start":{"line":37,"column":4},"end":{"line":37,"column":38}},"5":{"start":{"line":39,"column":4},"end":{"line":39,"column":29}},"6":{"start":{"line":40,"column":4},"end":{"line":40,"column":21}},"7":{"start":{"line":44,"column":4},"end":{"line":46,"column":5}},"8":{"start":{"line":45,"column":6},"end":{"line":45,"column":45}},"9":{"start":{"line":47,"column":4},"end":{"line":47,"column":31}},"10":{"start":{"line":51,"column":4},"end":{"line":51,"column":35}},"11":{"start":{"line":55,"column":4},"end":{"line":55,"column":19}},"12":{"start":{"line":59,"column":4},"end":{"line":59,"column":26}},"13":{"start":{"line":63,"column":19},"end":{"line":63,"column":33}},"14":{"start":{"line":65,"column":36},"end":{"line":71,"column":6}},"15":{"start":{"line":73,"column":34},"end":{"line":79,"column":6}},"16":{"start":{"line":81,"column":23},"end":{"line":86,"column":6}},"17":{"start":{"line":88,"column":4},"end":{"line":88,"column":26}},"18":{"start":{"line":90,"column":21},"end":{"line":90,"column":47}},"19":{"start":{"line":92,"column":4},"end":{"line":94,"column":13}},"20":{"start":{"line":93,"column":6},"end":{"line":93,"column":69}},"21":{"start":{"line":96,"column":4},"end":{"line":96,"column":18}},"22":{"start":{"line":100,"column":26},"end":{"line":100,"column":28}},"23":{"start":{"line":101,"column":38},"end":{"line":101,"column":40}},"24":{"start":{"line":103,"column":27},"end":{"line":105,"column":5}},"25":{"start":{"line":104,"column":6},"end":{"line":104,"column":72}},"26":{"start":{"line":104,"column":42},"end":{"line":104,"column":70}},"27":{"start":{"line":107,"column":29},"end":{"line":136,"column":5}},"28":{"start":{"line":108,"column":20},"end":{"line":108,"column":43}},"29":{"start":{"line":110,"column":6},"end":{"line":133,"column":7}},"30":{"start":{"line":111,"column":8},"end":{"line":113,"column":9}},"31":{"start":{"line":112,"column":10},"end":{"line":112,"column":23}},"32":{"start":{"line":115,"column":8},"end":{"line":117,"column":9}},"33":{"start":{"line":116,"column":10},"end":{"line":116,"column":23}},"34":{"start":{"line":119,"column":8},"end":{"line":132,"column":9}},"35":{"start":{"line":119,"column":22},"end":{"line":119,"column":24}},"36":{"start":{"line":120,"column":10},"end":{"line":131,"column":11}},"37":{"start":{"line":120,"column":24},"end":{"line":120,"column":26}},"38":{"start":{"line":121,"column":12},"end":{"line":121,"column":47}},"39":{"start":{"line":121,"column":38},"end":{"line":121,"column":47}},"40":{"start":{"line":123,"column":23},"end":{"line":123,"column":34}},"41":{"start":{"line":124,"column":23},"end":{"line":124,"column":34}},"42":{"start":{"line":126,"column":12},"end":{"line":130,"column":13}},"43":{"start":{"line":127,"column":14},"end":{"line":129,"column":15}},"44":{"start":{"line":128,"column":16},"end":{"line":128,"column":29}},"45":{"start":{"line":135,"column":6},"end":{"line":135,"column":18}},"46":{"start":{"line":138,"column":4},"end":{"line":172,"column":5}},"47":{"start":{"line":140,"column":21},"end":{"line":140,"column":22}},"48":{"start":{"line":141,"column":26},"end":{"line":141,"column":29}},"49":{"start":{"line":143,"column":6},"end":{"line":162,"column":40}},"50":{"start":{"line":144,"column":18},"end":{"line":144,"column":48}},"51":{"start":{"line":145,"column":18},"end":{"line":145,"column":48}},"52":{"start":{"line":147,"column":26},"end":{"line":147,"column":45}},"53":{"start":{"line":149,"column":8},"end":{"line":154,"column":10}},"54":{"start":{"line":156,"column":8},"end":{"line":156,"column":19}},"55":{"start":{"line":157,"column":8},"end":{"line":161,"column":9}},"56":{"start":{"line":158,"column":10},"end":{"line":158,"column":27}},"57":{"start":{"line":159,"column":10},"end":{"line":159,"column":35}},"58":{"start":{"line":160,"column":10},"end":{"line":160,"column":16}},"59":{"start":{"line":164,"column":6},"end":{"line":171,"column":7}},"60":{"start":{"line":165,"column":8},"end":{"line":165,"column":25}},"61":{"start":{"line":167,"column":22},"end":{"line":167,"column":45}},"62":{"start":{"line":168,"column":8},"end":{"line":168,"column":37}},"63":{"start":{"line":170,"column":8},"end":{"line":170,"column":17}},"64":{"start":{"line":174,"column":4},"end":{"line":174,"column":17}},"65":{"start":{"line":177,"column":30},"end":{"line":177,"column":32}},"66":{"start":{"line":178,"column":21},"end":{"line":178,"column":34}},"67":{"start":{"line":180,"column":4},"end":{"line":186,"column":5}},"68":{"start":{"line":180,"column":17},"end":{"line":180,"column":18}},"69":{"start":{"line":181,"column":6},"end":{"line":185,"column":7}},"70":{"start":{"line":182,"column":8},"end":{"line":182,"column":36}},"71":{"start":{"line":184,"column":8},"end":{"line":184,"column":36}},"72":{"start":{"line":188,"column":4},"end":{"line":188,"column":17}},"73":{"start":{"line":192,"column":17},"end":{"line":192,"column":40}},"74":{"start":{"line":194,"column":4},"end":{"line":197,"column":5}},"75":{"start":{"line":195,"column":6},"end":{"line":195,"column":51}},"76":{"start":{"line":196,"column":6},"end":{"line":196,"column":13}},"77":{"start":{"line":199,"column":4},"end":{"line":201,"column":5}},"78":{"start":{"line":200,"column":6},"end":{"line":200,"column":13}},"79":{"start":{"line":203,"column":4},"end":{"line":226,"column":13}},"80":{"start":{"line":204,"column":6},"end":{"line":225,"column":7}},"81":{"start":{"line":205,"column":31},"end":{"line":205,"column":88}},"82":{"start":{"line":205,"column":61},"end":{"line":205,"column":87}},"83":{"start":{"line":206,"column":30},"end":{"line":206,"column":58}},"84":{"start":{"line":207,"column":30},"end":{"line":207,"column":58}},"85":{"start":{"line":209,"column":34},"end":{"line":209,"column":96}},"86":{"start":{"line":211,"column":8},"end":{"line":220,"column":9}},"87":{"start":{"line":212,"column":33},"end":{"line":214,"column":null}},"88":{"start":{"line":216,"column":10},"end":{"line":219,"column":11}},"89":{"start":{"line":217,"column":12},"end":{"line":217,"column":99}},"90":{"start":{"line":218,"column":12},"end":{"line":218,"column":19}},"91":{"start":{"line":222,"column":8},"end":{"line":222,"column":65}},"92":{"start":{"line":224,"column":8},"end":{"line":224,"column":55}},"93":{"start":{"line":234,"column":44},"end":{"line":234,"column":46}},"94":{"start":{"line":235,"column":26},"end":{"line":235,"column":59}},"95":{"start":{"line":237,"column":4},"end":{"line":247,"column":5}},"96":{"start":{"line":238,"column":24},"end":{"line":238,"column":47}},"97":{"start":{"line":240,"column":23},"end":{"line":241,"column":null}},"98":{"start":{"line":241,"column":8},"end":{"line":241,"column":82}},"99":{"start":{"line":241,"column":43},"end":{"line":241,"column":81}},"100":{"start":{"line":244,"column":6},"end":{"line":246,"column":7}},"101":{"start":{"line":245,"column":8},"end":{"line":245,"column":41}},"102":{"start":{"line":249,"column":4},"end":{"line":249,"column":29}},"103":{"start":{"line":253,"column":23},"end":{"line":258,"column":6}},"104":{"start":{"line":260,"column":4},"end":{"line":275,"column":5}},"105":{"start":{"line":261,"column":24},"end":{"line":261,"column":63}},"106":{"start":{"line":261,"column":53},"end":{"line":261,"column":62}},"107":{"start":{"line":262,"column":24},"end":{"line":262,"column":63}},"108":{"start":{"line":262,"column":53},"end":{"line":262,"column":62}},"109":{"start":{"line":264,"column":6},"end":{"line":274,"column":7}},"110":{"start":{"line":268,"column":8},"end":{"line":268,"column":32}},"111":{"start":{"line":269,"column":13},"end":{"line":274,"column":7}},"112":{"start":{"line":273,"column":8},"end":{"line":273,"column":32}},"113":{"start":{"line":277,"column":4},"end":{"line":277,"column":34}},"114":{"start":{"line":279,"column":4},"end":{"line":290,"column":5}},"115":{"start":{"line":280,"column":6},"end":{"line":289,"column":7}},"116":{"start":{"line":281,"column":24},"end":{"line":281,"column":39}},"117":{"start":{"line":282,"column":24},"end":{"line":282,"column":39}},"118":{"start":{"line":284,"column":8},"end":{"line":288,"column":9}},"119":{"start":{"line":285,"column":10},"end":{"line":287,"column":11}},"120":{"start":{"line":285,"column":50},"end":{"line":285,"column":90}},"121":{"start":{"line":286,"column":12},"end":{"line":286,"column":46}},"122":{"start":{"line":292,"column":4},"end":{"line":292,"column":16}},"123":{"start":{"line":296,"column":4},"end":{"line":299,"column":5}},"124":{"start":{"line":296,"column":17},"end":{"line":296,"column":33}},"125":{"start":{"line":297,"column":16},"end":{"line":297,"column":51}},"126":{"start":{"line":298,"column":6},"end":{"line":298,"column":50}},"127":{"start":{"line":303,"column":4},"end":{"line":311,"column":13}},"128":{"start":{"line":304,"column":20},"end":{"line":304,"column":53}},"129":{"start":{"line":306,"column":6},"end":{"line":310,"column":7}},"130":{"start":{"line":307,"column":8},"end":{"line":309,"column":9}},"131":{"start":{"line":308,"column":10},"end":{"line":308,"column":36}}},"fnMap":{"0":{"name":"(anonymous_0)","decl":{"start":{"line":27,"column":2},"end":{"line":27,"column":null}},"loc":{"start":{"line":27,"column":2},"end":{"line":41,"column":3}}},"1":{"name":"(anonymous_1)","decl":{"start":{"line":43,"column":9},"end":{"line":43,"column":15}},"loc":{"start":{"line":43,"column":27},"end":{"line":48,"column":3}}},"2":{"name":"(anonymous_2)","decl":{"start":{"line":50,"column":9},"end":{"line":50,"column":23}},"loc":{"start":{"line":50,"column":48},"end":{"line":52,"column":3}}},"3":{"name":"(anonymous_3)","decl":{"start":{"line":54,"column":9},"end":{"line":54,"column":28}},"loc":{"start":{"line":54,"column":50},"end":{"line":56,"column":3}}},"4":{"name":"(anonymous_4)","decl":{"start":{"line":58,"column":9},"end":{"line":58,"column":21}},"loc":{"start":{"line":58,"column":21},"end":{"line":60,"column":3}}},"5":{"name":"(anonymous_5)","decl":{"start":{"line":62,"column":9},"end":{"line":62,"column":26}},"loc":{"start":{"line":62,"column":43},"end":{"line":97,"column":3}}},"6":{"name":"(anonymous_6)","decl":{"start":{"line":92,"column":15},"end":{"line":92,"column":18}},"loc":{"start":{"line":92,"column":20},"end":{"line":94,"column":5}}},"7":{"name":"(anonymous_7)","decl":{"start":{"line":99,"column":10},"end":{"line":99,"column":29}},"loc":{"start":{"line":99,"column":29},"end":{"line":175,"column":3}}},"8":{"name":"(anonymous_8)","decl":{"start":{"line":103,"column":27},"end":{"line":103,"column":28}},"loc":{"start":{"line":103,"column":61},"end":{"line":105,"column":5}}},"9":{"name":"(anonymous_9)","decl":{"start":{"line":104,"column":32},"end":{"line":104,"column":33}},"loc":{"start":{"line":104,"column":42},"end":{"line":104,"column":70}}},"10":{"name":"(anonymous_10)","decl":{"start":{"line":107,"column":29},"end":{"line":107,"column":30}},"loc":{"start":{"line":107,"column":53},"end":{"line":136,"column":5}}},"11":{"name":"(anonymous_11)","decl":{"start":{"line":176,"column":10},"end":{"line":176,"column":22}},"loc":{"start":{"line":176,"column":33},"end":{"line":189,"column":3}}},"12":{"name":"(anonymous_12)","decl":{"start":{"line":191,"column":9},"end":{"line":191,"column":20}},"loc":{"start":{"line":191,"column":35},"end":{"line":227,"column":3}}},"13":{"name":"(anonymous_13)","decl":{"start":{"line":203,"column":15},"end":{"line":203,"column":18}},"loc":{"start":{"line":203,"column":20},"end":{"line":226,"column":5}}},"14":{"name":"(anonymous_14)","decl":{"start":{"line":205,"column":54},"end":{"line":205,"column":55}},"loc":{"start":{"line":205,"column":61},"end":{"line":205,"column":87}}},"15":{"name":"(anonymous_15)","decl":{"start":{"line":229,"column":10},"end":{"line":229,"column":31}},"loc":{"start":{"line":232,"column":25},"end":{"line":250,"column":3}}},"16":{"name":"(anonymous_16)","decl":{"start":{"line":240,"column":40},"end":{"line":240,"column":41}},"loc":{"start":{"line":241,"column":8},"end":{"line":241,"column":82}}},"17":{"name":"(anonymous_17)","decl":{"start":{"line":241,"column":33},"end":{"line":241,"column":34}},"loc":{"start":{"line":241,"column":43},"end":{"line":241,"column":81}}},"18":{"name":"(anonymous_18)","decl":{"start":{"line":252,"column":10},"end":{"line":252,"column":35}},"loc":{"start":{"line":252,"column":79},"end":{"line":293,"column":3}}},"19":{"name":"(anonymous_19)","decl":{"start":{"line":261,"column":43},"end":{"line":261,"column":44}},"loc":{"start":{"line":261,"column":53},"end":{"line":261,"column":62}}},"20":{"name":"(anonymous_20)","decl":{"start":{"line":262,"column":43},"end":{"line":262,"column":44}},"loc":{"start":{"line":262,"column":53},"end":{"line":262,"column":62}}},"21":{"name":"(anonymous_21)","decl":{"start":{"line":285,"column":40},"end":{"line":285,"column":41}},"loc":{"start":{"line":285,"column":50},"end":{"line":285,"column":90}}},"22":{"name":"(anonymous_22)","decl":{"start":{"line":295,"column":10},"end":{"line":295,"column":22}},"loc":{"start":{"line":295,"column":36},"end":{"line":300,"column":3}}},"23":{"name":"(anonymous_23)","decl":{"start":{"line":302,"column":9},"end":{"line":302,"column":21}},"loc":{"start":{"line":302,"column":21},"end":{"line":312,"column":3}}},"24":{"name":"(anonymous_24)","decl":{"start":{"line":303,"column":16},"end":{"line":303,"column":19}},"loc":{"start":{"line":303,"column":21},"end":{"line":311,"column":5}}}},"branchMap":{"0":{"loc":{"start":{"line":44,"column":4},"end":{"line":46,"column":5}},"type":"if","locations":[{"start":{"line":44,"column":4},"end":{"line":46,"column":5}}]},"1":{"loc":{"start":{"line":104,"column":42},"end":{"line":104,"column":70}},"type":"binary-expr","locations":[{"start":{"line":104,"column":42},"end":{"line":104,"column":54}},{"start":{"line":104,"column":58},"end":{"line":104,"column":70}}]},"2":{"loc":{"start":{"line":111,"column":8},"end":{"line":113,"column":9}},"type":"if","locations":[{"start":{"line":111,"column":8},"end":{"line":113,"column":9}}]},"3":{"loc":{"start":{"line":111,"column":12},"end":{"line":111,"column":64}},"type":"binary-expr","locations":[{"start":{"line":111,"column":12},"end":{"line":111,"column":22}},{"start":{"line":111,"column":26},"end":{"line":111,"column":36}},{"start":{"line":111,"column":40},"end":{"line":111,"column":50}},{"start":{"line":111,"column":54},"end":{"line":111,"column":64}}]},"4":{"loc":{"start":{"line":115,"column":8},"end":{"line":117,"column":9}},"type":"if","locations":[{"start":{"line":115,"column":8},"end":{"line":117,"column":9}}]},"5":{"loc":{"start":{"line":121,"column":12},"end":{"line":121,"column":47}},"type":"if","locations":[{"start":{"line":121,"column":12},"end":{"line":121,"column":47}}]},"6":{"loc":{"start":{"line":121,"column":16},"end":{"line":121,"column":36}},"type":"binary-expr","locations":[{"start":{"line":121,"column":16},"end":{"line":121,"column":24}},{"start":{"line":121,"column":28},"end":{"line":121,"column":36}}]},"7":{"loc":{"start":{"line":126,"column":12},"end":{"line":130,"column":13}},"type":"if","locations":[{"start":{"line":126,"column":12},"end":{"line":130,"column":13}}]},"8":{"loc":{"start":{"line":126,"column":16},"end":{"line":126,"column":56}},"type":"binary-expr","locations":[{"start":{"line":126,"column":16},"end":{"line":126,"column":23}},{"start":{"line":126,"column":27},"end":{"line":126,"column":34}},{"start":{"line":126,"column":38},"end":{"line":126,"column":45}},{"start":{"line":126,"column":49},"end":{"line":126,"column":56}}]},"9":{"loc":{"start":{"line":127,"column":14},"end":{"line":129,"column":15}},"type":"if","locations":[{"start":{"line":127,"column":14},"end":{"line":129,"column":15}}]},"10":{"loc":{"start":{"line":157,"column":8},"end":{"line":161,"column":9}},"type":"if","locations":[{"start":{"line":157,"column":8},"end":{"line":161,"column":9}}]},"11":{"loc":{"start":{"line":164,"column":6},"end":{"line":171,"column":7}},"type":"if","locations":[{"start":{"line":164,"column":6},"end":{"line":171,"column":7}},{"start":{"line":169,"column":13},"end":{"line":171,"column":7}}]},"12":{"loc":{"start":{"line":181,"column":6},"end":{"line":185,"column":7}},"type":"if","locations":[{"start":{"line":181,"column":6},"end":{"line":185,"column":7}},{"start":{"line":183,"column":13},"end":{"line":185,"column":7}}]},"13":{"loc":{"start":{"line":194,"column":4},"end":{"line":197,"column":5}},"type":"if","locations":[{"start":{"line":194,"column":4},"end":{"line":197,"column":5}}]},"14":{"loc":{"start":{"line":199,"column":4},"end":{"line":201,"column":5}},"type":"if","locations":[{"start":{"line":199,"column":4},"end":{"line":201,"column":5}}]},"15":{"loc":{"start":{"line":206,"column":30},"end":{"line":206,"column":58}},"type":"cond-expr","locations":[{"start":{"line":206,"column":53},"end":{"line":206,"column":54}},{"start":{"line":206,"column":57},"end":{"line":206,"column":58}}]},"16":{"loc":{"start":{"line":211,"column":8},"end":{"line":220,"column":9}},"type":"if","locations":[{"start":{"line":211,"column":8},"end":{"line":220,"column":9}}]},"17":{"loc":{"start":{"line":216,"column":10},"end":{"line":219,"column":11}},"type":"if","locations":[{"start":{"line":216,"column":10},"end":{"line":219,"column":11}}]},"18":{"loc":{"start":{"line":241,"column":43},"end":{"line":241,"column":81}},"type":"binary-expr","locations":[{"start":{"line":241,"column":43},"end":{"line":241,"column":60}},{"start":{"line":241,"column":64},"end":{"line":241,"column":81}}]},"19":{"loc":{"start":{"line":244,"column":6},"end":{"line":246,"column":7}},"type":"if","locations":[{"start":{"line":244,"column":6},"end":{"line":246,"column":7}}]},"20":{"loc":{"start":{"line":244,"column":10},"end":{"line":244,"column":67}},"type":"binary-expr","locations":[{"start":{"line":244,"column":10},"end":{"line":244,"column":29}},{"start":{"line":244,"column":33},"end":{"line":244,"column":67}}]},"21":{"loc":{"start":{"line":260,"column":4},"end":{"line":275,"column":5}},"type":"if","locations":[{"start":{"line":260,"column":4},"end":{"line":275,"column":5}}]},"22":{"loc":{"start":{"line":264,"column":6},"end":{"line":274,"column":7}},"type":"if","locations":[{"start":{"line":264,"column":6},"end":{"line":274,"column":7}},{"start":{"line":269,"column":13},"end":{"line":274,"column":7}}]},"23":{"loc":{"start":{"line":265,"column":8},"end":{"line":266,"column":60}},"type":"binary-expr","locations":[{"start":{"line":265,"column":8},"end":{"line":265,"column":60}},{"start":{"line":266,"column":8},"end":{"line":266,"column":60}}]},"24":{"loc":{"start":{"line":269,"column":13},"end":{"line":274,"column":7}},"type":"if","locations":[{"start":{"line":269,"column":13},"end":{"line":274,"column":7}}]},"25":{"loc":{"start":{"line":270,"column":8},"end":{"line":271,"column":60}},"type":"binary-expr","locations":[{"start":{"line":270,"column":8},"end":{"line":270,"column":60}},{"start":{"line":271,"column":8},"end":{"line":271,"column":60}}]},"26":{"loc":{"start":{"line":284,"column":8},"end":{"line":288,"column":9}},"type":"if","locations":[{"start":{"line":284,"column":8},"end":{"line":288,"column":9}}]},"27":{"loc":{"start":{"line":284,"column":12},"end":{"line":284,"column":72}},"type":"binary-expr","locations":[{"start":{"line":284,"column":12},"end":{"line":284,"column":24}},{"start":{"line":284,"column":28},"end":{"line":284,"column":40}},{"start":{"line":284,"column":44},"end":{"line":284,"column":56}},{"start":{"line":284,"column":60},"end":{"line":284,"column":72}}]},"28":{"loc":{"start":{"line":285,"column":10},"end":{"line":287,"column":11}},"type":"if","locations":[{"start":{"line":285,"column":10},"end":{"line":287,"column":11}}]},"29":{"loc":{"start":{"line":285,"column":50},"end":{"line":285,"column":90}},"type":"binary-expr","locations":[{"start":{"line":285,"column":50},"end":{"line":285,"column":68}},{"start":{"line":285,"column":72},"end":{"line":285,"column":90}}]},"30":{"loc":{"start":{"line":307,"column":8},"end":{"line":309,"column":9}},"type":"if","locations":[{"start":{"line":307,"column":8},"end":{"line":309,"column":9}}]},"31":{"loc":{"start":{"line":307,"column":12},"end":{"line":307,"column":77}},"type":"binary-expr","locations":[{"start":{"line":307,"column":12},"end":{"line":307,"column":28}},{"start":{"line":307,"column":32},"end":{"line":307,"column":77}}]}},"s":{"0":0,"1":0,"2":0,"3":0,"4":0,"5":0,"6":0,"7":0,"8":0,"9":0,"10":0,"11":0,"12":0,"13":0,"14":0,"15":0,"16":0,"17":0,"18":0,"19":0,"20":0,"21":0,"22":0,"23":0,"24":0,"25":0,"26":0,"27":0,"28":0,"29":0,"30":0,"31":0,"32":0,"33":0,"34":0,"35":0,"36":0,"37":0,"38":0,"39":0,"40":0,"41":0,"42":0,"43":0,"44":0,"45":0,"46":0,"47":0,"48":0,"49":0,"50":0,"51":0,"52":0,"53":0,"54":0,"55":0,"56":0,"57":0,"58":0,"59":0,"60":0,"61":0,"62":0,"63":0,"64":0,"65":0,"66":0,"67":0,"68":0,"69":0,"70":0,"71":0,"72":0,"73":0,"74":0,"75":0,"76":0,"77":0,"78":0,"79":0,"80":0,"81":0,"82":0,"83":0,"84":0,"85":0,"86":0,"87":0,"88":0,"89":0,"90":0,"91":0,"92":0,"93":0,"94":0,"95":0,"96":0,"97":0,"98":0,"99":0,"100":0,"101":0,"102":0,"103":0,"104":0,"105":0,"106":0,"107":0,"108":0,"109":0,"110":0,"111":0,"112":0,"113":0,"114":0,"115":0,"116":0,"117":0,"118":0,"119":0,"120":0,"121":0,"122":0,"123":0,"124":0,"125":0,"126":0,"127":0,"128":0,"129":0,"130":0,"131":0},"f":{"0":0,"1":0,"2":0,"3":0,"4":0,"5":0,"6":0,"7":0,"8":0,"9":0,"10":0,"11":0,"12":0,"13":0,"14":0,"15":0,"16":0,"17":0,"18":0,"19":0,"20":0,"21":0,"22":0,"23":0,"24":0},"b":{"0":[0],"1":[0,0],"2":[0],"3":[0,0,0,0],"4":[0],"5":[0],"6":[0,0],"7":[0],"8":[0,0,0,0],"9":[0],"10":[0],"11":[0,0],"12":[0,0],"13":[0],"14":[0],"15":[0,0],"16":[0],"17":[0],"18":[0,0],"19":[0],"20":[0,0],"21":[0],"22":[0,0],"23":[0,0],"24":[0],"25":[0,0],"26":[0],"27":[0,0,0,0],"28":[0],"29":[0,0],"30":[0],"31":[0,0]}}
,"C:\\Users\\Ruben\\Desktop\\Battleship\\src\\services\\database.service.ts": {"path":"C:\\Users\\Ruben\\Desktop\\Battleship\\src\\services\\database.service.ts","statementMap":{"0":{"start":{"line":8,"column":4},"end":{"line":13,"column":6}},"1":{"start":{"line":17,"column":4},"end":{"line":19,"column":5}},"2":{"start":{"line":18,"column":6},"end":{"line":18,"column":55}},"3":{"start":{"line":20,"column":4},"end":{"line":20,"column":36}},"4":{"start":{"line":24,"column":4},"end":{"line":24,"column":43}},"5":{"start":{"line":28,"column":4},"end":{"line":28,"column":35}},"6":{"start":{"line":32,"column":4},"end":{"line":36,"column":5}},"7":{"start":{"line":33,"column":6},"end":{"line":35,"column":7}},"8":{"start":{"line":34,"column":8},"end":{"line":34,"column":22}},"9":{"start":{"line":37,"column":4},"end":{"line":37,"column":21}},"10":{"start":{"line":41,"column":4},"end":{"line":41,"column":48}},"11":{"start":{"line":45,"column":4},"end":{"line":45,"column":52}},"12":{"start":{"line":49,"column":4},"end":{"line":49,"column":33}},"13":{"start":{"line":53,"column":4},"end":{"line":57,"column":5}},"14":{"start":{"line":54,"column":6},"end":{"line":56,"column":7}},"15":{"start":{"line":54,"column":40},"end":{"line":54,"column":63}},"16":{"start":{"line":55,"column":8},"end":{"line":55,"column":20}},"17":{"start":{"line":58,"column":4},"end":{"line":58,"column":21}},"18":{"start":{"line":62,"column":4},"end":{"line":62,"column":29}},"19":{"start":{"line":66,"column":4},"end":{"line":66,"column":46}},"20":{"start":{"line":70,"column":4},"end":{"line":70,"column":37}},"21":{"start":{"line":74,"column":4},"end":{"line":74,"column":33}},"22":{"start":{"line":78,"column":4},"end":{"line":82,"column":5}},"23":{"start":{"line":79,"column":6},"end":{"line":81,"column":7}},"24":{"start":{"line":79,"column":40},"end":{"line":79,"column":62}},"25":{"start":{"line":80,"column":8},"end":{"line":80,"column":20}},"26":{"start":{"line":83,"column":4},"end":{"line":83,"column":21}},"27":{"start":{"line":87,"column":4},"end":{"line":87,"column":37}},"28":{"start":{"line":91,"column":4},"end":{"line":91,"column":29}},"29":{"start":{"line":95,"column":4},"end":{"line":95,"column":46}},"30":{"start":{"line":99,"column":19},"end":{"line":99,"column":63}},"31":{"start":{"line":99,"column":47},"end":{"line":99,"column":62}},"32":{"start":{"line":101,"column":4},"end":{"line":105,"column":5}},"33":{"start":{"line":102,"column":6},"end":{"line":102,"column":20}},"34":{"start":{"line":104,"column":6},"end":{"line":104,"column":46}},"35":{"start":{"line":107,"column":19},"end":{"line":107,"column":45}},"36":{"start":{"line":108,"column":4},"end":{"line":111,"column":5}},"37":{"start":{"line":109,"column":6},"end":{"line":109,"column":20}},"38":{"start":{"line":110,"column":6},"end":{"line":110,"column":29}},"39":{"start":{"line":115,"column":4},"end":{"line":115,"column":64}},"40":{"start":{"line":115,"column":47},"end":{"line":115,"column":62}}},"fnMap":{"0":{"name":"(anonymous_0)","decl":{"start":{"line":7,"column":2},"end":{"line":7,"column":null}},"loc":{"start":{"line":7,"column":2},"end":{"line":14,"column":3}}},"1":{"name":"(anonymous_1)","decl":{"start":{"line":16,"column":9},"end":{"line":16,"column":15}},"loc":{"start":{"line":16,"column":27},"end":{"line":21,"column":3}}},"2":{"name":"(anonymous_2)","decl":{"start":{"line":23,"column":9},"end":{"line":23,"column":18}},"loc":{"start":{"line":23,"column":33},"end":{"line":25,"column":3}}},"3":{"name":"(anonymous_3)","decl":{"start":{"line":27,"column":9},"end":{"line":27,"column":18}},"loc":{"start":{"line":27,"column":29},"end":{"line":29,"column":3}}},"4":{"name":"(anonymous_4)","decl":{"start":{"line":31,"column":9},"end":{"line":31,"column":24}},"loc":{"start":{"line":31,"column":37},"end":{"line":38,"column":3}}},"5":{"name":"(anonymous_5)","decl":{"start":{"line":40,"column":9},"end":{"line":40,"column":22}},"loc":{"start":{"line":40,"column":22},"end":{"line":42,"column":3}}},"6":{"name":"(anonymous_6)","decl":{"start":{"line":44,"column":9},"end":{"line":44,"column":16}},"loc":{"start":{"line":44,"column":27},"end":{"line":46,"column":3}}},"7":{"name":"(anonymous_7)","decl":{"start":{"line":48,"column":9},"end":{"line":48,"column":16}},"loc":{"start":{"line":48,"column":27},"end":{"line":50,"column":3}}},"8":{"name":"(anonymous_8)","decl":{"start":{"line":52,"column":9},"end":{"line":52,"column":24}},"loc":{"start":{"line":52,"column":41},"end":{"line":59,"column":3}}},"9":{"name":"(anonymous_9)","decl":{"start":{"line":54,"column":30},"end":{"line":54,"column":31}},"loc":{"start":{"line":54,"column":40},"end":{"line":54,"column":63}}},"10":{"name":"(anonymous_10)","decl":{"start":{"line":61,"column":9},"end":{"line":61,"column":19}},"loc":{"start":{"line":61,"column":30},"end":{"line":63,"column":3}}},"11":{"name":"(anonymous_11)","decl":{"start":{"line":65,"column":9},"end":{"line":65,"column":20}},"loc":{"start":{"line":65,"column":20},"end":{"line":67,"column":3}}},"12":{"name":"(anonymous_12)","decl":{"start":{"line":69,"column":9},"end":{"line":69,"column":16}},"loc":{"start":{"line":69,"column":27},"end":{"line":71,"column":3}}},"13":{"name":"(anonymous_13)","decl":{"start":{"line":73,"column":9},"end":{"line":73,"column":16}},"loc":{"start":{"line":73,"column":27},"end":{"line":75,"column":3}}},"14":{"name":"(anonymous_14)","decl":{"start":{"line":77,"column":9},"end":{"line":77,"column":24}},"loc":{"start":{"line":77,"column":41},"end":{"line":84,"column":3}}},"15":{"name":"(anonymous_15)","decl":{"start":{"line":79,"column":28},"end":{"line":79,"column":29}},"loc":{"start":{"line":79,"column":40},"end":{"line":79,"column":62}}},"16":{"name":"(anonymous_16)","decl":{"start":{"line":86,"column":9},"end":{"line":86,"column":19}},"loc":{"start":{"line":86,"column":30},"end":{"line":88,"column":3}}},"17":{"name":"(anonymous_17)","decl":{"start":{"line":90,"column":9},"end":{"line":90,"column":19}},"loc":{"start":{"line":90,"column":30},"end":{"line":92,"column":3}}},"18":{"name":"(anonymous_18)","decl":{"start":{"line":94,"column":9},"end":{"line":94,"column":20}},"loc":{"start":{"line":94,"column":20},"end":{"line":96,"column":3}}},"19":{"name":"(anonymous_19)","decl":{"start":{"line":98,"column":9},"end":{"line":98,"column":18}},"loc":{"start":{"line":98,"column":31},"end":{"line":112,"column":3}}},"20":{"name":"(anonymous_20)","decl":{"start":{"line":99,"column":40},"end":{"line":99,"column":41}},"loc":{"start":{"line":99,"column":47},"end":{"line":99,"column":62}}},"21":{"name":"(anonymous_21)","decl":{"start":{"line":114,"column":9},"end":{"line":114,"column":19}},"loc":{"start":{"line":114,"column":19},"end":{"line":116,"column":3}}},"22":{"name":"(anonymous_22)","decl":{"start":{"line":115,"column":37},"end":{"line":115,"column":38}},"loc":{"start":{"line":115,"column":47},"end":{"line":115,"column":62}}}},"branchMap":{"0":{"loc":{"start":{"line":17,"column":4},"end":{"line":19,"column":5}},"type":"if","locations":[{"start":{"line":17,"column":4},"end":{"line":19,"column":5}}]},"1":{"loc":{"start":{"line":33,"column":6},"end":{"line":35,"column":7}},"type":"if","locations":[{"start":{"line":33,"column":6},"end":{"line":35,"column":7}}]},"2":{"loc":{"start":{"line":54,"column":6},"end":{"line":56,"column":7}},"type":"if","locations":[{"start":{"line":54,"column":6},"end":{"line":56,"column":7}}]},"3":{"loc":{"start":{"line":79,"column":6},"end":{"line":81,"column":7}},"type":"if","locations":[{"start":{"line":79,"column":6},"end":{"line":81,"column":7}}]},"4":{"loc":{"start":{"line":101,"column":4},"end":{"line":105,"column":5}},"type":"if","locations":[{"start":{"line":101,"column":4},"end":{"line":105,"column":5}},{"start":{"line":103,"column":11},"end":{"line":105,"column":5}}]},"5":{"loc":{"start":{"line":108,"column":4},"end":{"line":111,"column":5}},"type":"if","locations":[{"start":{"line":108,"column":4},"end":{"line":111,"column":5}}]}},"s":{"0":1,"1":11,"2":1,"3":11,"4":11,"5":2,"6":3,"7":3,"8":3,"9":0,"10":9,"11":3,"12":2,"13":1,"14":1,"15":1,"16":1,"17":0,"18":3,"19":36,"20":2,"21":2,"22":1,"23":1,"24":1,"25":1,"26":0,"27":1,"28":2,"29":36,"30":2,"31":1,"32":2,"33":1,"34":1,"35":2,"36":2,"37":2,"38":2,"39":2,"40":0},"f":{"0":1,"1":11,"2":11,"3":2,"4":3,"5":9,"6":3,"7":2,"8":1,"9":1,"10":3,"11":36,"12":2,"13":2,"14":1,"15":1,"16":1,"17":2,"18":36,"19":2,"20":1,"21":2,"22":0},"b":{"0":[1],"1":[3],"2":[1],"3":[1],"4":[1,1],"5":[2]}}
,"C:\\Users\\Ruben\\Desktop\\Battleship\\src\\services\\game.service.ts": {"path":"C:\\Users\\Ruben\\Desktop\\Battleship\\src\\services\\game.service.ts","statementMap":{"0":{"start":{"line":20,"column":4},"end":{"line":20,"column":44}},"1":{"start":{"line":21,"column":4},"end":{"line":21,"column":21}},"2":{"start":{"line":22,"column":4},"end":{"line":22,"column":31}},"3":{"start":{"line":26,"column":4},"end":{"line":28,"column":5}},"4":{"start":{"line":27,"column":6},"end":{"line":27,"column":47}},"5":{"start":{"line":29,"column":4},"end":{"line":29,"column":32}},"6":{"start":{"line":33,"column":4},"end":{"line":33,"column":19}},"7":{"start":{"line":37,"column":4},"end":{"line":37,"column":39}},"8":{"start":{"line":41,"column":19},"end":{"line":41,"column":33}},"9":{"start":{"line":43,"column":32},"end":{"line":49,"column":6}},"10":{"start":{"line":51,"column":32},"end":{"line":57,"column":6}},"11":{"start":{"line":59,"column":23},"end":{"line":64,"column":6}},"12":{"start":{"line":66,"column":4},"end":{"line":66,"column":26}},"13":{"start":{"line":68,"column":4},"end":{"line":68,"column":18}},"14":{"start":{"line":72,"column":17},"end":{"line":72,"column":40}},"15":{"start":{"line":74,"column":4},"end":{"line":76,"column":5}},"16":{"start":{"line":75,"column":6},"end":{"line":75,"column":40}},"17":{"start":{"line":78,"column":24},"end":{"line":78,"column":72}},"18":{"start":{"line":78,"column":54},"end":{"line":78,"column":71}},"19":{"start":{"line":80,"column":4},"end":{"line":82,"column":5}},"20":{"start":{"line":81,"column":6},"end":{"line":81,"column":50}},"21":{"start":{"line":84,"column":4},"end":{"line":84,"column":44}},"22":{"start":{"line":86,"column":4},"end":{"line":86,"column":29}},"23":{"start":{"line":88,"column":4},"end":{"line":90,"column":5}},"24":{"start":{"line":89,"column":6},"end":{"line":89,"column":29}},"25":{"start":{"line":94,"column":17},"end":{"line":94,"column":40}},"26":{"start":{"line":96,"column":4},"end":{"line":98,"column":5}},"27":{"start":{"line":97,"column":6},"end":{"line":97,"column":13}},"28":{"start":{"line":100,"column":4},"end":{"line":111,"column":7}},"29":{"start":{"line":101,"column":43},"end":{"line":104,"column":8}},"30":{"start":{"line":106,"column":6},"end":{"line":110,"column":9}},"31":{"start":{"line":113,"column":4},"end":{"line":119,"column":7}},"32":{"start":{"line":123,"column":17},"end":{"line":123,"column":40}},"33":{"start":{"line":125,"column":4},"end":{"line":127,"column":5}},"34":{"start":{"line":126,"column":6},"end":{"line":126,"column":40}},"35":{"start":{"line":129,"column":4},"end":{"line":131,"column":5}},"36":{"start":{"line":130,"column":6},"end":{"line":130,"column":39}},"37":{"start":{"line":133,"column":33},"end":{"line":133,"column":81}},"38":{"start":{"line":133,"column":63},"end":{"line":133,"column":80}},"39":{"start":{"line":134,"column":30},"end":{"line":134,"column":64}},"40":{"start":{"line":135,"column":25},"end":{"line":135,"column":56}},"41":{"start":{"line":137,"column":4},"end":{"line":139,"column":5}},"42":{"start":{"line":138,"column":6},"end":{"line":138,"column":59}},"43":{"start":{"line":141,"column":4},"end":{"line":141,"column":64}},"44":{"start":{"line":143,"column":20},"end":{"line":143,"column":62}},"45":{"start":{"line":145,"column":45},"end":{"line":145,"column":51}},"46":{"start":{"line":147,"column":4},"end":{"line":164,"column":5}},"47":{"start":{"line":148,"column":23},"end":{"line":148,"column":95}},"48":{"start":{"line":150,"column":6},"end":{"line":161,"column":7}},"49":{"start":{"line":151,"column":8},"end":{"line":151,"column":26}},"50":{"start":{"line":152,"column":8},"end":{"line":152,"column":69}},"51":{"start":{"line":154,"column":8},"end":{"line":156,"column":9}},"52":{"start":{"line":155,"column":10},"end":{"line":155,"column":39}},"53":{"start":{"line":158,"column":8},"end":{"line":158,"column":78}},"54":{"start":{"line":160,"column":8},"end":{"line":160,"column":24}},"55":{"start":{"line":163,"column":6},"end":{"line":163,"column":48}},"56":{"start":{"line":166,"column":4},"end":{"line":166,"column":29}},"57":{"start":{"line":168,"column":37},"end":{"line":172,"column":6}},"58":{"start":{"line":174,"column":4},"end":{"line":178,"column":7}},"59":{"start":{"line":180,"column":4},"end":{"line":188,"column":5}},"60":{"start":{"line":181,"column":6},"end":{"line":187,"column":9}},"61":{"start":{"line":190,"column":4},"end":{"line":190,"column":20}},"62":{"start":{"line":194,"column":17},"end":{"line":194,"column":40}},"63":{"start":{"line":196,"column":4},"end":{"line":198,"column":5}},"64":{"start":{"line":197,"column":6},"end":{"line":197,"column":40}},"65":{"start":{"line":200,"column":4},"end":{"line":202,"column":5}},"66":{"start":{"line":201,"column":6},"end":{"line":201,"column":39}},"67":{"start":{"line":203,"column":33},"end":{"line":203,"column":81}},"68":{"start":{"line":203,"column":63},"end":{"line":203,"column":80}},"69":{"start":{"line":205,"column":27},"end":{"line":205,"column":85}},"70":{"start":{"line":207,"column":4},"end":{"line":209,"column":5}},"71":{"start":{"line":208,"column":6},"end":{"line":208,"column":53}},"72":{"start":{"line":211,"column":24},"end":{"line":211,"column":73}},"73":{"start":{"line":212,"column":21},"end":{"line":212,"column":48}},"74":{"start":{"line":214,"column":4},"end":{"line":214,"column":47}},"75":{"start":{"line":218,"column":4},"end":{"line":218,"column":32}},"76":{"start":{"line":218,"column":25},"end":{"line":218,"column":32}},"77":{"start":{"line":219,"column":4},"end":{"line":219,"column":27}},"78":{"start":{"line":220,"column":4},"end":{"line":220,"column":29}},"79":{"start":{"line":222,"column":4},"end":{"line":222,"column":29}},"80":{"start":{"line":224,"column":4},"end":{"line":224,"column":47}},"81":{"start":{"line":226,"column":4},"end":{"line":232,"column":7}},"82":{"start":{"line":236,"column":4},"end":{"line":236,"column":73}},"83":{"start":{"line":236,"column":43},"end":{"line":236,"column":71}},"84":{"start":{"line":240,"column":4},"end":{"line":243,"column":7}},"85":{"start":{"line":241,"column":20},"end":{"line":241,"column":43}},"86":{"start":{"line":242,"column":6},"end":{"line":242,"column":64}},"87":{"start":{"line":242,"column":34},"end":{"line":242,"column":62}},"88":{"start":{"line":247,"column":22},"end":{"line":247,"column":45}},"89":{"start":{"line":248,"column":4},"end":{"line":250,"column":6}},"90":{"start":{"line":249,"column":6},"end":{"line":249,"column":70}},"91":{"start":{"line":249,"column":31},"end":{"line":249,"column":69}},"92":{"start":{"line":254,"column":4},"end":{"line":254,"column":82}},"93":{"start":{"line":254,"column":39},"end":{"line":254,"column":80}},"94":{"start":{"line":257,"column":30},"end":{"line":257,"column":32}},"95":{"start":{"line":258,"column":21},"end":{"line":258,"column":34}},"96":{"start":{"line":260,"column":4},"end":{"line":266,"column":5}},"97":{"start":{"line":260,"column":17},"end":{"line":260,"column":18}},"98":{"start":{"line":261,"column":6},"end":{"line":265,"column":7}},"99":{"start":{"line":262,"column":8},"end":{"line":262,"column":36}},"100":{"start":{"line":264,"column":8},"end":{"line":264,"column":36}},"101":{"start":{"line":268,"column":4},"end":{"line":268,"column":17}},"102":{"start":{"line":272,"column":22},"end":{"line":272,"column":45}},"103":{"start":{"line":273,"column":36},"end":{"line":273,"column":38}},"104":{"start":{"line":275,"column":4},"end":{"line":292,"column":7}},"105":{"start":{"line":276,"column":6},"end":{"line":291,"column":7}},"106":{"start":{"line":276,"column":20},"end":{"line":276,"column":22}},"107":{"start":{"line":277,"column":8},"end":{"line":290,"column":9}},"108":{"start":{"line":277,"column":22},"end":{"line":277,"column":24}},"109":{"start":{"line":278,"column":10},"end":{"line":278,"column":45}},"110":{"start":{"line":278,"column":36},"end":{"line":278,"column":45}},"111":{"start":{"line":280,"column":23},"end":{"line":280,"column":34}},"112":{"start":{"line":281,"column":23},"end":{"line":281,"column":34}},"113":{"start":{"line":283,"column":10},"end":{"line":283,"column":69}},"114":{"start":{"line":283,"column":60},"end":{"line":283,"column":69}},"115":{"start":{"line":285,"column":10},"end":{"line":285,"column":79}},"116":{"start":{"line":285,"column":37},"end":{"line":285,"column":67}},"117":{"start":{"line":285,"column":70},"end":{"line":285,"column":79}},"118":{"start":{"line":287,"column":10},"end":{"line":287,"column":81}},"119":{"start":{"line":287,"column":39},"end":{"line":287,"column":69}},"120":{"start":{"line":287,"column":72},"end":{"line":287,"column":81}},"121":{"start":{"line":289,"column":10},"end":{"line":289,"column":49}},"122":{"start":{"line":294,"column":4},"end":{"line":298,"column":7}},"123":{"start":{"line":295,"column":6},"end":{"line":297,"column":7}},"124":{"start":{"line":296,"column":8},"end":{"line":296,"column":36}},"125":{"start":{"line":302,"column":39},"end":{"line":302,"column":41}},"126":{"start":{"line":304,"column":4},"end":{"line":310,"column":5}},"127":{"start":{"line":304,"column":17},"end":{"line":304,"column":18}},"128":{"start":{"line":305,"column":6},"end":{"line":309,"column":7}},"129":{"start":{"line":305,"column":19},"end":{"line":305,"column":20}},"130":{"start":{"line":306,"column":8},"end":{"line":308,"column":9}},"131":{"start":{"line":307,"column":10},"end":{"line":307,"column":40}},"132":{"start":{"line":312,"column":4},"end":{"line":312,"column":26}},"133":{"start":{"line":316,"column":4},"end":{"line":316,"column":35}}},"fnMap":{"0":{"name":"(anonymous_0)","decl":{"start":{"line":19,"column":2},"end":{"line":19,"column":null}},"loc":{"start":{"line":19,"column":2},"end":{"line":23,"column":3}}},"1":{"name":"(anonymous_1)","decl":{"start":{"line":25,"column":9},"end":{"line":25,"column":15}},"loc":{"start":{"line":25,"column":27},"end":{"line":30,"column":3}}},"2":{"name":"(anonymous_2)","decl":{"start":{"line":32,"column":9},"end":{"line":32,"column":28}},"loc":{"start":{"line":32,"column":50},"end":{"line":34,"column":3}}},"3":{"name":"(anonymous_3)","decl":{"start":{"line":36,"column":9},"end":{"line":36,"column":25}},"loc":{"start":{"line":36,"column":54},"end":{"line":38,"column":3}}},"4":{"name":"(anonymous_4)","decl":{"start":{"line":40,"column":9},"end":{"line":40,"column":19}},"loc":{"start":{"line":40,"column":56},"end":{"line":69,"column":3}}},"5":{"name":"(anonymous_5)","decl":{"start":{"line":71,"column":9},"end":{"line":71,"column":17}},"loc":{"start":{"line":71,"column":65},"end":{"line":91,"column":3}}},"6":{"name":"(anonymous_6)","decl":{"start":{"line":78,"column":47},"end":{"line":78,"column":48}},"loc":{"start":{"line":78,"column":54},"end":{"line":78,"column":71}}},"7":{"name":"(anonymous_7)","decl":{"start":{"line":93,"column":10},"end":{"line":93,"column":19}},"loc":{"start":{"line":93,"column":34},"end":{"line":120,"column":3}}},"8":{"name":"(anonymous_8)","decl":{"start":{"line":100,"column":25},"end":{"line":100,"column":26}},"loc":{"start":{"line":100,"column":36},"end":{"line":111,"column":5}}},"9":{"name":"(anonymous_9)","decl":{"start":{"line":122,"column":9},"end":{"line":122,"column":15}},"loc":{"start":{"line":122,"column":70},"end":{"line":191,"column":3}}},"10":{"name":"(anonymous_10)","decl":{"start":{"line":133,"column":56},"end":{"line":133,"column":57}},"loc":{"start":{"line":133,"column":63},"end":{"line":133,"column":80}}},"11":{"name":"(anonymous_11)","decl":{"start":{"line":193,"column":9},"end":{"line":193,"column":21}},"loc":{"start":{"line":193,"column":54},"end":{"line":215,"column":3}}},"12":{"name":"(anonymous_12)","decl":{"start":{"line":203,"column":56},"end":{"line":203,"column":57}},"loc":{"start":{"line":203,"column":63},"end":{"line":203,"column":80}}},"13":{"name":"(anonymous_13)","decl":{"start":{"line":217,"column":10},"end":{"line":217,"column":17}},"loc":{"start":{"line":217,"column":46},"end":{"line":233,"column":3}}},"14":{"name":"(anonymous_14)","decl":{"start":{"line":235,"column":10},"end":{"line":235,"column":24}},"loc":{"start":{"line":235,"column":65},"end":{"line":237,"column":3}}},"15":{"name":"(anonymous_15)","decl":{"start":{"line":236,"column":33},"end":{"line":236,"column":34}},"loc":{"start":{"line":236,"column":43},"end":{"line":236,"column":71}}},"16":{"name":"(anonymous_16)","decl":{"start":{"line":239,"column":10},"end":{"line":239,"column":21}},"loc":{"start":{"line":239,"column":57},"end":{"line":244,"column":3}}},"17":{"name":"(anonymous_17)","decl":{"start":{"line":240,"column":22},"end":{"line":240,"column":23}},"loc":{"start":{"line":240,"column":31},"end":{"line":243,"column":5}}},"18":{"name":"(anonymous_18)","decl":{"start":{"line":242,"column":24},"end":{"line":242,"column":25}},"loc":{"start":{"line":242,"column":34},"end":{"line":242,"column":62}}},"19":{"name":"(anonymous_19)","decl":{"start":{"line":246,"column":10},"end":{"line":246,"column":22}},"loc":{"start":{"line":246,"column":56},"end":{"line":251,"column":3}}},"20":{"name":"(anonymous_20)","decl":{"start":{"line":248,"column":27},"end":{"line":248,"column":28}},"loc":{"start":{"line":249,"column":6},"end":{"line":249,"column":70}}},"21":{"name":"(anonymous_21)","decl":{"start":{"line":249,"column":21},"end":{"line":249,"column":22}},"loc":{"start":{"line":249,"column":31},"end":{"line":249,"column":69}}},"22":{"name":"(anonymous_22)","decl":{"start":{"line":253,"column":10},"end":{"line":253,"column":27}},"loc":{"start":{"line":253,"column":67},"end":{"line":255,"column":3}}},"23":{"name":"(anonymous_23)","decl":{"start":{"line":254,"column":29},"end":{"line":254,"column":30}},"loc":{"start":{"line":254,"column":39},"end":{"line":254,"column":80}}},"24":{"name":"(anonymous_24)","decl":{"start":{"line":256,"column":10},"end":{"line":256,"column":22}},"loc":{"start":{"line":256,"column":33},"end":{"line":269,"column":3}}},"25":{"name":"(anonymous_25)","decl":{"start":{"line":271,"column":10},"end":{"line":271,"column":29}},"loc":{"start":{"line":271,"column":60},"end":{"line":299,"column":3}}},"26":{"name":"(anonymous_26)","decl":{"start":{"line":275,"column":22},"end":{"line":275,"column":23}},"loc":{"start":{"line":275,"column":31},"end":{"line":292,"column":5}}},"27":{"name":"(anonymous_27)","decl":{"start":{"line":285,"column":29},"end":{"line":285,"column":30}},"loc":{"start":{"line":285,"column":37},"end":{"line":285,"column":67}}},"28":{"name":"(anonymous_28)","decl":{"start":{"line":287,"column":31},"end":{"line":287,"column":32}},"loc":{"start":{"line":287,"column":39},"end":{"line":287,"column":69}}},"29":{"name":"(anonymous_29)","decl":{"start":{"line":294,"column":24},"end":{"line":294,"column":25}},"loc":{"start":{"line":294,"column":33},"end":{"line":298,"column":5}}},"30":{"name":"(anonymous_30)","decl":{"start":{"line":301,"column":10},"end":{"line":301,"column":27}},"loc":{"start":{"line":301,"column":46},"end":{"line":313,"column":3}}},"31":{"name":"(anonymous_31)","decl":{"start":{"line":315,"column":9},"end":{"line":315,"column":16}},"loc":{"start":{"line":315,"column":31},"end":{"line":317,"column":3}}}},"branchMap":{"0":{"loc":{"start":{"line":26,"column":4},"end":{"line":28,"column":5}},"type":"if","locations":[{"start":{"line":26,"column":4},"end":{"line":28,"column":5}}]},"1":{"loc":{"start":{"line":74,"column":4},"end":{"line":76,"column":5}},"type":"if","locations":[{"start":{"line":74,"column":4},"end":{"line":76,"column":5}}]},"2":{"loc":{"start":{"line":80,"column":4},"end":{"line":82,"column":5}},"type":"if","locations":[{"start":{"line":80,"column":4},"end":{"line":82,"column":5}}]},"3":{"loc":{"start":{"line":88,"column":4},"end":{"line":90,"column":5}},"type":"if","locations":[{"start":{"line":88,"column":4},"end":{"line":90,"column":5}}]},"4":{"loc":{"start":{"line":88,"column":8},"end":{"line":88,"column":76}},"type":"binary-expr","locations":[{"start":{"line":88,"column":8},"end":{"line":88,"column":40}},{"start":{"line":88,"column":44},"end":{"line":88,"column":76}}]},"5":{"loc":{"start":{"line":96,"column":4},"end":{"line":98,"column":5}},"type":"if","locations":[{"start":{"line":96,"column":4},"end":{"line":98,"column":5}}]},"6":{"loc":{"start":{"line":125,"column":4},"end":{"line":127,"column":5}},"type":"if","locations":[{"start":{"line":125,"column":4},"end":{"line":127,"column":5}}]},"7":{"loc":{"start":{"line":129,"column":4},"end":{"line":131,"column":5}},"type":"if","locations":[{"start":{"line":129,"column":4},"end":{"line":131,"column":5}}]},"8":{"loc":{"start":{"line":134,"column":30},"end":{"line":134,"column":64}},"type":"cond-expr","locations":[{"start":{"line":134,"column":59},"end":{"line":134,"column":60}},{"start":{"line":134,"column":63},"end":{"line":134,"column":64}}]},"9":{"loc":{"start":{"line":137,"column":4},"end":{"line":139,"column":5}},"type":"if","locations":[{"start":{"line":137,"column":4},"end":{"line":139,"column":5}}]},"10":{"loc":{"start":{"line":147,"column":4},"end":{"line":164,"column":5}},"type":"if","locations":[{"start":{"line":147,"column":4},"end":{"line":164,"column":5}},{"start":{"line":162,"column":11},"end":{"line":164,"column":5}}]},"11":{"loc":{"start":{"line":150,"column":6},"end":{"line":161,"column":7}},"type":"if","locations":[{"start":{"line":150,"column":6},"end":{"line":161,"column":7}},{"start":{"line":159,"column":13},"end":{"line":161,"column":7}}]},"12":{"loc":{"start":{"line":154,"column":8},"end":{"line":156,"column":9}},"type":"if","locations":[{"start":{"line":154,"column":8},"end":{"line":156,"column":9}}]},"13":{"loc":{"start":{"line":180,"column":4},"end":{"line":188,"column":5}},"type":"if","locations":[{"start":{"line":180,"column":4},"end":{"line":188,"column":5}}]},"14":{"loc":{"start":{"line":196,"column":4},"end":{"line":198,"column":5}},"type":"if","locations":[{"start":{"line":196,"column":4},"end":{"line":198,"column":5}}]},"15":{"loc":{"start":{"line":200,"column":4},"end":{"line":202,"column":5}},"type":"if","locations":[{"start":{"line":200,"column":4},"end":{"line":202,"column":5}}]},"16":{"loc":{"start":{"line":207,"column":4},"end":{"line":209,"column":5}},"type":"if","locations":[{"start":{"line":207,"column":4},"end":{"line":209,"column":5}}]},"17":{"loc":{"start":{"line":218,"column":4},"end":{"line":218,"column":32}},"type":"if","locations":[{"start":{"line":218,"column":4},"end":{"line":218,"column":32}}]},"18":{"loc":{"start":{"line":236,"column":43},"end":{"line":236,"column":71}},"type":"binary-expr","locations":[{"start":{"line":236,"column":43},"end":{"line":236,"column":55}},{"start":{"line":236,"column":59},"end":{"line":236,"column":71}}]},"19":{"loc":{"start":{"line":242,"column":34},"end":{"line":242,"column":62}},"type":"binary-expr","locations":[{"start":{"line":242,"column":34},"end":{"line":242,"column":46}},{"start":{"line":242,"column":50},"end":{"line":242,"column":62}}]},"20":{"loc":{"start":{"line":249,"column":31},"end":{"line":249,"column":69}},"type":"binary-expr","locations":[{"start":{"line":249,"column":31},"end":{"line":249,"column":48}},{"start":{"line":249,"column":52},"end":{"line":249,"column":69}}]},"21":{"loc":{"start":{"line":261,"column":6},"end":{"line":265,"column":7}},"type":"if","locations":[{"start":{"line":261,"column":6},"end":{"line":265,"column":7}},{"start":{"line":263,"column":13},"end":{"line":265,"column":7}}]},"22":{"loc":{"start":{"line":278,"column":10},"end":{"line":278,"column":45}},"type":"if","locations":[{"start":{"line":278,"column":10},"end":{"line":278,"column":45}}]},"23":{"loc":{"start":{"line":278,"column":14},"end":{"line":278,"column":34}},"type":"binary-expr","locations":[{"start":{"line":278,"column":14},"end":{"line":278,"column":22}},{"start":{"line":278,"column":26},"end":{"line":278,"column":34}}]},"24":{"loc":{"start":{"line":283,"column":10},"end":{"line":283,"column":69}},"type":"if","locations":[{"start":{"line":283,"column":10},"end":{"line":283,"column":69}}]},"25":{"loc":{"start":{"line":283,"column":14},"end":{"line":283,"column":58}},"type":"binary-expr","locations":[{"start":{"line":283,"column":14},"end":{"line":283,"column":22}},{"start":{"line":283,"column":26},"end":{"line":283,"column":34}},{"start":{"line":283,"column":38},"end":{"line":283,"column":46}},{"start":{"line":283,"column":50},"end":{"line":283,"column":58}}]},"26":{"loc":{"start":{"line":285,"column":10},"end":{"line":285,"column":79}},"type":"if","locations":[{"start":{"line":285,"column":10},"end":{"line":285,"column":79}}]},"27":{"loc":{"start":{"line":285,"column":37},"end":{"line":285,"column":67}},"type":"binary-expr","locations":[{"start":{"line":285,"column":37},"end":{"line":285,"column":50}},{"start":{"line":285,"column":54},"end":{"line":285,"column":67}}]},"28":{"loc":{"start":{"line":287,"column":10},"end":{"line":287,"column":81}},"type":"if","locations":[{"start":{"line":287,"column":10},"end":{"line":287,"column":81}}]},"29":{"loc":{"start":{"line":287,"column":39},"end":{"line":287,"column":69}},"type":"binary-expr","locations":[{"start":{"line":287,"column":39},"end":{"line":287,"column":52}},{"start":{"line":287,"column":56},"end":{"line":287,"column":69}}]},"30":{"loc":{"start":{"line":295,"column":6},"end":{"line":297,"column":7}},"type":"if","locations":[{"start":{"line":295,"column":6},"end":{"line":297,"column":7}}]},"31":{"loc":{"start":{"line":306,"column":8},"end":{"line":308,"column":9}},"type":"if","locations":[{"start":{"line":306,"column":8},"end":{"line":308,"column":9}}]}},"s":{"0":0,"1":0,"2":0,"3":0,"4":0,"5":0,"6":0,"7":0,"8":0,"9":0,"10":0,"11":0,"12":0,"13":0,"14":0,"15":0,"16":0,"17":0,"18":0,"19":0,"20":0,"21":0,"22":0,"23":0,"24":0,"25":0,"26":0,"27":0,"28":0,"29":0,"30":0,"31":0,"32":0,"33":0,"34":0,"35":0,"36":0,"37":0,"38":0,"39":0,"40":0,"41":0,"42":0,"43":0,"44":0,"45":0,"46":0,"47":0,"48":0,"49":0,"50":0,"51":0,"52":0,"53":0,"54":0,"55":0,"56":0,"57":0,"58":0,"59":0,"60":0,"61":0,"62":0,"63":0,"64":0,"65":0,"66":0,"67":0,"68":0,"69":0,"70":0,"71":0,"72":0,"73":0,"74":0,"75":0,"76":0,"77":0,"78":0,"79":0,"80":0,"81":0,"82":0,"83":0,"84":0,"85":0,"86":0,"87":0,"88":0,"89":0,"90":0,"91":0,"92":0,"93":0,"94":0,"95":0,"96":0,"97":0,"98":0,"99":0,"100":0,"101":0,"102":0,"103":0,"104":0,"105":0,"106":0,"107":0,"108":0,"109":0,"110":0,"111":0,"112":0,"113":0,"114":0,"115":0,"116":0,"117":0,"118":0,"119":0,"120":0,"121":0,"122":0,"123":0,"124":0,"125":0,"126":0,"127":0,"128":0,"129":0,"130":0,"131":0,"132":0,"133":0},"f":{"0":0,"1":0,"2":0,"3":0,"4":0,"5":0,"6":0,"7":0,"8":0,"9":0,"10":0,"11":0,"12":0,"13":0,"14":0,"15":0,"16":0,"17":0,"18":0,"19":0,"20":0,"21":0,"22":0,"23":0,"24":0,"25":0,"26":0,"27":0,"28":0,"29":0,"30":0,"31":0},"b":{"0":[0],"1":[0],"2":[0],"3":[0],"4":[0,0],"5":[0],"6":[0],"7":[0],"8":[0,0],"9":[0],"10":[0,0],"11":[0,0],"12":[0],"13":[0],"14":[0],"15":[0],"16":[0],"17":[0],"18":[0,0],"19":[0,0],"20":[0,0],"21":[0,0],"22":[0],"23":[0,0],"24":[0],"25":[0,0,0,0],"26":[0],"27":[0,0],"28":[0],"29":[0,0],"30":[0],"31":[0]}}
,"C:\\Users\\Ruben\\Desktop\\Battleship\\src\\services\\player.service.ts": {"path":"C:\\Users\\Ruben\\Desktop\\Battleship\\src\\services\\player.service.ts","statementMap":{"0":{"start":{"line":12,"column":4},"end":{"line":12,"column":44}},"1":{"start":{"line":13,"column":4},"end":{"line":13,"column":21}},"2":{"start":{"line":17,"column":4},"end":{"line":19,"column":5}},"3":{"start":{"line":18,"column":6},"end":{"line":18,"column":51}},"4":{"start":{"line":20,"column":4},"end":{"line":20,"column":34}},"5":{"start":{"line":24,"column":4},"end":{"line":24,"column":19}},"6":{"start":{"line":27,"column":27},"end":{"line":27,"column":61}},"7":{"start":{"line":29,"column":4},"end":{"line":66,"column":5}},"8":{"start":{"line":30,"column":6},"end":{"line":47,"column":7}},"9":{"start":{"line":31,"column":8},"end":{"line":31,"column":47}},"10":{"start":{"line":32,"column":8},"end":{"line":32,"column":42}},"11":{"start":{"line":34,"column":8},"end":{"line":39,"column":10}},"12":{"start":{"line":41,"column":8},"end":{"line":46,"column":10}},"13":{"start":{"line":49,"column":26},"end":{"line":49,"column":40}},"14":{"start":{"line":50,"column":32},"end":{"line":56,"column":8}},"15":{"start":{"line":58,"column":6},"end":{"line":58,"column":35}},"16":{"start":{"line":60,"column":6},"end":{"line":65,"column":8}},"17":{"start":{"line":70,"column":4},"end":{"line":70,"column":33}},"18":{"start":{"line":74,"column":4},"end":{"line":74,"column":41}},"19":{"start":{"line":78,"column":4},"end":{"line":78,"column":35}},"20":{"start":{"line":82,"column":19},"end":{"line":82,"column":46}},"21":{"start":{"line":83,"column":4},"end":{"line":86,"column":5}},"22":{"start":{"line":84,"column":6},"end":{"line":84,"column":37}},"23":{"start":{"line":85,"column":6},"end":{"line":85,"column":40}}},"fnMap":{"0":{"name":"(anonymous_0)","decl":{"start":{"line":11,"column":2},"end":{"line":11,"column":null}},"loc":{"start":{"line":11,"column":2},"end":{"line":14,"column":3}}},"1":{"name":"(anonymous_1)","decl":{"start":{"line":16,"column":9},"end":{"line":16,"column":15}},"loc":{"start":{"line":16,"column":27},"end":{"line":21,"column":3}}},"2":{"name":"(anonymous_2)","decl":{"start":{"line":23,"column":9},"end":{"line":23,"column":28}},"loc":{"start":{"line":23,"column":50},"end":{"line":25,"column":3}}},"3":{"name":"(anonymous_3)","decl":{"start":{"line":26,"column":9},"end":{"line":26,"column":23}},"loc":{"start":{"line":26,"column":68},"end":{"line":67,"column":3}}},"4":{"name":"(anonymous_4)","decl":{"start":{"line":69,"column":9},"end":{"line":69,"column":18}},"loc":{"start":{"line":69,"column":29},"end":{"line":71,"column":3}}},"5":{"name":"(anonymous_5)","decl":{"start":{"line":73,"column":9},"end":{"line":73,"column":24}},"loc":{"start":{"line":73,"column":37},"end":{"line":75,"column":3}}},"6":{"name":"(anonymous_6)","decl":{"start":{"line":77,"column":9},"end":{"line":77,"column":19}},"loc":{"start":{"line":77,"column":19},"end":{"line":79,"column
[...]
e":116,"column":10},"end":{"line":127,"column":13}},"60":{"start":{"line":117,"column":12},"end":{"line":126,"column":13}},"61":{"start":{"line":118,"column":34},"end":{"line":118,"column":74}},"62":{"start":{"line":119,"column":14},"end":{"line":125,"column":15}},"63":{"start":{"line":120,"column":16},"end":{"line":124,"column":19}},"64":{"start":{"line":129,"column":10},"end":{"line":129,"column":38}},"65":{"start":{"line":133,"column":6},"end":{"line":133,"column":60}},"66":{"start":{"line":141,"column":4},"end":{"line":143,"column":5}},"67":{"start":{"line":142,"column":6},"end":{"line":142,"column":38}},"68":{"start":{"line":144,"column":4},"end":{"line":144,"column":46}},"69":{"start":{"line":146,"column":4},"end":{"line":148,"column":5}},"70":{"start":{"line":147,"column":6},"end":{"line":147,"column":96}},"71":{"start":{"line":152,"column":4},"end":{"line":152,"column":41}},"72":{"start":{"line":156,"column":4},"end":{"line":160,"column":5}},"73":{"start":{"line":157,"column":6},"end":{"line":159,"column":9}},"74":{"start":{"line":158,"column":8},"end":{"line":158,"column":26}},"75":{"start":{"line":162,"column":4},"end":{"line":175,"column":5}},"76":{"start":{"line":169,"column":22},"end":{"line":169,"column":40}},"77":{"start":{"line":170,"column":17},"end":{"line":170,"column":45}},"78":{"start":{"line":172,"column":6},"end":{"line":174,"column":9}},"79":{"start":{"line":173,"column":8},"end":{"line":173,"column":30}},"80":{"start":{"line":179,"column":4},"end":{"line":188,"column":5}},"81":{"start":{"line":180,"column":6},"end":{"line":185,"column":7}},"82":{"start":{"line":181,"column":8},"end":{"line":181,"column":45}},"83":{"start":{"line":182,"column":8},"end":{"line":182,"column":66}},"84":{"start":{"line":184,"column":8},"end":{"line":184,"column":65}},"85":{"start":{"line":187,"column":6},"end":{"line":187,"column":63}},"86":{"start":{"line":192,"column":4},"end":{"line":203,"column":5}},"87":{"start":{"line":193,"column":21},"end":{"line":193,"column":48}},"88":{"start":{"line":194,"column":6},"end":{"line":200,"column":7}},"89":{"start":{"line":195,"column":8},"end":{"line":195,"column":54}},"90":{"start":{"line":197,"column":8},"end":{"line":199,"column":10}},"91":{"start":{"line":202,"column":6},"end":{"line":202,"column":75}},"92":{"start":{"line":207,"column":4},"end":{"line":221,"column":5}},"93":{"start":{"line":208,"column":19},"end":{"line":208,"column":42}},"94":{"start":{"line":209,"column":6},"end":{"line":218,"column":7}},"95":{"start":{"line":210,"column":8},"end":{"line":215,"column":11}},"96":{"start":{"line":211,"column":25},"end":{"line":211,"column":57}},"97":{"start":{"line":212,"column":10},"end":{"line":214,"column":11}},"98":{"start":{"line":213,"column":12},"end":{"line":213,"column":58}},"99":{"start":{"line":217,"column":8},"end":{"line":217,"column":78}},"100":{"start":{"line":220,"column":6},"end":{"line":220,"column":71}},"101":{"start":{"line":225,"column":4},"end":{"line":234,"column":5}},"102":{"start":{"line":226,"column":6},"end":{"line":230,"column":9}},"103":{"start":{"line":227,"column":8},"end":{"line":229,"column":9}},"104":{"start":{"line":228,"column":11},"end":{"line":228,"column":70}},"105":{"start":{"line":231,"column":6},"end":{"line":231,"column":61}},"106":{"start":{"line":233,"column":6},"end":{"line":233,"column":58}},"107":{"start":{"line":238,"column":4},"end":{"line":249,"column":5}},"108":{"start":{"line":239,"column":20},"end":{"line":239,"column":41}},"109":{"start":{"line":240,"column":29},"end":{"line":240,"column":78}},"110":{"start":{"line":240,"column":52},"end":{"line":240,"column":77}},"111":{"start":{"line":242,"column":6},"end":{"line":246,"column":9}},"112":{"start":{"line":248,"column":6},"end":{"line":248,"column":63}},"113":{"start":{"line":253,"column":4},"end":{"line":263,"column":5}},"114":{"start":{"line":254,"column":22},"end":{"line":254,"column":42}},"115":{"start":{"line":256,"column":6},"end":{"line":260,"column":9}},"116":{"start":{"line":262,"column":6},"end":{"line":262,"column":65}}},"fnMap":{"0":{"name":"(anonymous_0)","decl":{"start":{"line":11,"column":2},"end":{"line":11,"column":22}},"loc":{"start":{"line":11,"column":34},"end":{"line":15,"column":3}}},"1":{"name":"(anonymous_1)","decl":{"start":{"line":17,"column":9},"end":{"line":17,"column":15}},"loc":{"start":{"line":17,"column":40},"end":{"line":22,"column":3}}},"2":{"name":"(anonymous_2)","decl":{"start":{"line":24,"column":10},"end":{"line":24,"column":28}},"loc":{"start":{"line":24,"column":28},"end":{"line":73,"column":3}}},"3":{"name":"(anonymous_3)","decl":{"start":{"line":25,"column":30},"end":{"line":25,"column":31}},"loc":{"start":{"line":25,"column":48},"end":{"line":61,"column":5}}},"4":{"name":"(anonymous_4)","decl":{"start":{"line":31,"column":20},"end":{"line":31,"column":23}},"loc":{"start":{"line":31,"column":25},"end":{"line":33,"column":7}}},"5":{"name":"(anonymous_5)","decl":{"start":{"line":34,"column":23},"end":{"line":34,"column":24}},"loc":{"start":{"line":34,"column":43},"end":{"line":48,"column":7}}},"6":{"name":"(anonymous_6)","decl":{"start":{"line":50,"column":21},"end":{"line":50,"column":24}},"loc":{"start":{"line":50,"column":26},"end":{"line":53,"column":7}}},"7":{"name":"(anonymous_7)","decl":{"start":{"line":55,"column":21},"end":{"line":55,"column":22}},"loc":{"start":{"line":55,"column":31},"end":{"line":58,"column":7}}},"8":{"name":"(anonymous_8)","decl":{"start":{"line":63,"column":29},"end":{"line":63,"column":32}},"loc":{"start":{"line":63,"column":34},"end":{"line":70,"column":5}}},"9":{"name":"(anonymous_9)","decl":{"start":{"line":75,"column":10},"end":{"line":75,"column":24}},"loc":{"start":{"line":75,"column":24},"end":{"line":99,"column":3}}},"10":{"name":"(anonymous_10)","decl":{"start":{"line":76,"column":33},"end":{"line":76,"column":36}},"loc":{"start":{"line":76,"column":38},"end":{"line":94,"column":5}}},"11":{"name":"(anonymous_11)","decl":{"start":{"line":77,"column":31},"end":{"line":77,"column":32}},"loc":{"start":{"line":77,"column":38},"end":{"line":93,"column":7}}},"12":{"name":"(anonymous_12)","decl":{"start":{"line":96,"column":25},"end":{"line":96,"column":28}},"loc":{"start":{"line":96,"column":30},"end":{"line":98,"column":5}}},"13":{"name":"(anonymous_13)","decl":{"start":{"line":101,"column":10},"end":{"line":101,"column":29}},"loc":{"start":{"line":101,"column":43},"end":{"line":135,"column":3}}},"14":{"name":"(anonymous_14)","decl":{"start":{"line":104,"column":46},"end":{"line":104,"column":47}},"loc":{"start":{"line":104,"column":58},"end":{"line":104,"column":82}}},"15":{"name":"(anonymous_15)","decl":{"start":{"line":116,"column":33},"end":{"line":116,"column":34}},"loc":{"start":{"line":116,"column":42},"end":{"line":127,"column":11}}},"16":{"name":"(anonymous_16)","decl":{"start":{"line":140,"column":9},"end":{"line":140,"column":11}},"loc":{"start":{"line":140,"column":65},"end":{"line":149,"column":3}}},"17":{"name":"(anonymous_17)","decl":{"start":{"line":151,"column":9},"end":{"line":151,"column":18}},"loc":{"start":{"line":151,"column":78},"end":{"line":153,"column":3}}},"18":{"name":"(anonymous_18)","decl":{"start":{"line":155,"column":10},"end":{"line":155,"column":14}},"loc":{"start":{"line":155,"column":48},"end":{"line":176,"column":3}}},"19":{"name":"(anonymous_19)","decl":{"start":{"line":157,"column":41},"end":{"line":157,"column":42}},"loc":{"start":{"line":157,"column":54},"end":{"line":159,"column":7}}},"20":{"name":"(anonymous_20)","decl":{"start":{"line":172,"column":36},"end":{"line":172,"column":37}},"loc":{"start":{"line":172,"column":49},"end":{"line":174,"column":7}}},"21":{"name":"(anonymous_21)","decl":{"start":{"line":178,"column":9},"end":{"line":178,"column":21}},"loc":{"start":{"line":178,"column":65},"end":{"line":189,"column":3}}},"22":{"name":"(anonymous_22)","decl":{"start":{"line":191,"column":9},"end":{"line":191,"column":21}},"loc":{"start":{"line":191,"column":56},"end":{"line":204,"column":3}}},"23":{"name":"(anonymous_23)","decl":{"start":{"line":206,"column":9},"end":{"line":206,"column":19}},"loc":{"start":{"line":206,"column":52},"end":{"line":222,"column":3}}},"24":{"name":"(anonymous_24)","decl":{"start":{"line":210,"column":29},"end":{"line":210,"column":30}},"loc":{"start":{"line":210,"column":44},"end":{"line":215,"column":9}}},"25":{"name":"(anonymous_25)","decl":{"start":{"line":224,"column":9},"end":{"line":224,"column":18}},"loc":{"start":{"line":224,"column":35},"end":{"line":235,"column":3}}},"26":{"name":"(anonymous_26)","decl":{"start":{"line":226,"column":31},"end":{"line":226,"column":32}},"loc":{"start":{"line":226,"column":42},"end":{"line":230,"column":7}}},"27":{"name":"(anonymous_27)","decl":{"start":{"line":237,"column":9},"end":{"line":237,"column":29}},"loc":{"start":{"line":237,"column":29},"end":{"line":250,"column":3}}},"28":{"name":"(anonymous_28)","decl":{"start":{"line":240,"column":42},"end":{"line":240,"column":43}},"loc":{"start":{"line":240,"column":52},"end":{"line":240,"column":77}}},"29":{"name":"(anonymous_29)","decl":{"start":{"line":252,"column":9},"end":{"line":252,"column":31}},"loc":{"start":{"line":252,"column":31},"end":{"line":264,"column":3}}}},"branchMap":{"0":{"loc":{"start":{"line":18,"column":4},"end":{"line":20,"column":5}},"type":"if","locations":[{"start":{"line":18,"column":4},"end":{"line":20,"column":5}}]},"1":{"loc":{"start":{"line":65,"column":6},"end":{"line":69,"column":7}},"type":"if","locations":[{"start":{"line":65,"column":6},"end":{"line":69,"column":7}},{"start":{"line":67,"column":13},"end":{"line":69,"column":7}}]},"2":{"loc":{"start":{"line":65,"column":10},"end":{"line":65,"column":57}},"type":"binary-expr","locations":[{"start":{"line":65,"column":10},"end":{"line":65,"column":37}},{"start":{"line":65,"column":41},"end":{"line":65,"column":57}}]},"3":{"loc":{"start":{"line":79,"column":8},"end":{"line":83,"column":9}},"type":"if","locations":[{"start":{"line":79,"column":8},"end":{"line":83,"column":9}}]},"4":{"loc":{"start":{"line":106,"column":6},"end":{"line":131,"column":7}},"type":"if","locations":[{"start":{"line":106,"column":6},"end":{"line":131,"column":7}}]},"5":{"loc":{"start":{"line":111,"column":8},"end":{"line":130,"column":9}},"type":"if","locations":[{"start":{"line":111,"column":8},"end":{"line":130,"column":9}}]},"6":{"loc":{"start":{"line":117,"column":12},"end":{"line":126,"column":13}},"type":"if","locations":[{"start":{"line":117,"column":12},"end":{"line":126,"column":13}}]},"7":{"loc":{"start":{"line":119,"column":14},"end":{"line":125,"column":15}},"type":"if","locations":[{"start":{"line":119,"column":14},"end":{"line":125,"column":15}}]},"8":{"loc":{"start":{"line":119,"column":18},"end":{"line":119,"column":55}},"type":"binary-expr","locations":[{"start":{"line":119,"column":18},"end":{"line":119,"column":29}},{"start":{"line":119,"column":33},"end":{"line":119,"column":55}}]},"9":{"loc":{"start":{"line":141,"column":4},"end":{"line":143,"column":5}},"type":"if","locations":[{"start":{"line":141,"column":4},"end":{"line":143,"column":5}}]},"10":{"loc":{"start":{"line":146,"column":4},"end":{"line":148,"column":5}},"type":"if","locations":[{"start":{"line":146,"column":4},"end":{"line":148,"column":5}}]},"11":{"loc":{"start":{"line":146,"column":8},"end":{"line":146,"column":61}},"type":"binary-expr","locations":[{"start":{"line":146,"column":8},"end":{"line":146,"column":27}},{"start":{"line":146,"column":31},"end":{"line":146,"column":61}}]},"12":{"loc":{"start":{"line":156,"column":4},"end":{"line":160,"column":5}},"type":"if","locations":[{"start":{"line":156,"column":4},"end":{"line":160,"column":5}}]},"13":{"loc":{"start":{"line":162,"column":4},"end":{"line":175,"column":5}},"type":"if","locations":[{"start":{"line":162,"column":4},"end":{"line":175,"column":5}}]},"14":{"loc":{"start":{"line":163,"column":6},"end":{"line":167,"column":34}},"type":"binary-expr","locations":[{"start":{"line":163,"column":6},"end":{"line":163,"column":25}},{"start":{"line":164,"column":6},"end":{"line":164,"column":22}},{"start":{"line":165,"column":6},"end":{"line":165,"column":33}},{"start":{"line":166,"column":6},"end":{"line":166,"column":22}},{"start":{"line":167,"column":6},"end":{"line":167,"column":34}}]},"15":{"loc":{"start":{"line":180,"column":6},"end":{"line":185,"column":7}},"type":"if","locations":[{"start":{"line":180,"column":6},"end":{"line":185,"column":7}},{"start":{"line":183,"column":13},"end":{"line":185,"column":7}}]},"16":{"loc":{"start":{"line":194,"column":6},"end":{"line":200,"column":7}},"type":"if","locations":[{"start":{"line":194,"column":6},"end":{"line":200,"column":7}},{"start":{"line":196,"column":13},"end":{"line":200,"column":7}}]},"17":{"loc":{"start":{"line":194,"column":10},"end":{"line":194,"column":37}},"type":"binary-expr","locations":[{"start":{"line":194,"column":10},"end":{"line":194,"column":16}},{"start":{"line":194,"column":20},"end":{"line":194,"column":37}}]},"18":{"loc":{"start":{"line":209,"column":6},"end":{"line":218,"column":7}},"type":"if","locations":[{"start":{"line":209,"column":6},"end":{"line":218,"column":7}},{"start":{"line":216,"column":13},"end":{"line":218,"column":7}}]},"19":{"loc":{"start":{"line":212,"column":10},"end":{"line":214,"column":11}},"type":"if","locations":[{"start":{"line":212,"column":10},"end":{"line":214,"column":11}}]},"20":{"loc":{"start":{"line":212,"column":14},"end":{"line":212,"column":41}},"type":"binary-expr","locations":[{"start":{"line":212,"column":14},"end":{"line":212,"column":20}},{"start":{"line":212,"column":24},"end":{"line":212,"column":41}}]},"21":{"loc":{"start":{"line":227,"column":8},"end":{"line":229,"column":9}},"type":"if","locations":[{"start":{"line":227,"column":8},"end":{"line":229,"column":9}}]}},"s":{"0":0,"1":0,"2":0,"3":0,"4":0,"5":0,"6":0,"7":0,"8":0,"9":0,"10":0,"11":0,"12":0,"13":0,"14":0,"15":0,"16":0,"17":0,"18":0,"19":0,"20":0,"21":0,"22":0,"23":0,"24":0,"25":0,"26":0,"27":0,"28":0,"29":0,"30":0,"31":0,"32":0,"33":0,"34":0,"35":0,"36":0,"37":0,"38":0,"39":0,"40":0,"41":0,"42":0,"43":0,"44":0,"45":0,"46":0,"47":0,"48":0,"49":0,"50":0,"51":0,"52":0,"53":0,"54":0,"55":0,"56":0,"57":0,"58":0,"59":0,"60":0,"61":0,"62":0,"63":0,"64":0,"65":0,"66":0,"67":0,"68":0,"69":0,"70":0,"71":0,"72":0,"73":0,"74":0,"75":0,"76":0,"77":0,"78":0,"79":0,"80":0,"81":0,"82":0,"83":0,"84":0,"85":0,"86":0,"87":0,"88":0,"89":0,"90":0,"91":0,"92":0,"93":0,"94":0,"95":0,"96":0,"97":0,"98":0,"99":0,"100":0,"101":0,"102":0,"103":0,"104":0,"105":0,"106":0,"107":0,"108":0,"109":0,"110":0,"111":0,"112":0,"113":0,"114":0,"115":0,"116":0},"f":{"0":0,"1":0,"2":0,"3":0,"4":0,"5":0,"6":0,"7":0,"8":0,"9":0,"10":0,"11":0,"12":0,"13":0,"14":0,"15":0,"16":0,"17":0,"18":0,"19":0,"20":0,"21":0,"22":0,"23":0,"24":0,"25":0,"26":0,"27":0,"28":0,"29":0},"b":{"0":[0],"1":[0,0],"2":[0,0],"3":[0],"4":[0],"5":[0],"6":[0],"7":[0],"8":[0,0],"9":[0],"10":[0],"11":[0,0],"12":[0],"13":[0],"14":[0,0,0,0,0],"15":[0,0],"16":[0,0],"17":[0,0],"18":[0,0],"19":[0],"20":[0,0],"21":[0]}}
,"C:\\Users\\Ruben\\Desktop\\Battleship\\src\\utils\\server-fix.ts": {"path":"C:\\Users\\Ruben\\Desktop\\Battleship\\src\\utils\\server-fix.ts","statementMap":{"0":{"start":{"line":12,"column":4},"end":{"line":12,"column":44}},"1":{"start":{"line":13,"column":4},"end":{"line":13,"column":21}},"2":{"start":{"line":17,"column":4},"end":{"line":19,"column":5}},"3":{"start":{"line":18,"column":6},"end":{"line":18,"column":43}},"4":{"start":{"line":20,"column":4},"end":{"line":20,"column":30}},"5":{"start":{"line":24,"column":4},"end":{"line":24,"column":19}},"6":{"start":{"line":28,"column":4},"end":{"line":28,"column":50}},"7":{"start":{"line":30,"column":4},"end":{"line":30,"column":28}},"8":{"start":{"line":32,"column":4},"end":{"line":32,"column":49}},"9":{"start":{"line":36,"column":4},"end":{"line":57,"column":14}},"10":{"start":{"line":37,"column":6},"end":{"line":56,"column":7}},"11":{"start":{"line":38,"column":22},"end":{"line":38,"column":43}},"12":{"start":{"line":39,"column":24},"end":{"line":39,"column":47}},"13":{"start":{"line":41,"column":8},"end":{"line":51,"column":11}},"14":{"start":{"line":42,"column":41},"end":{"line":45,"column":12}},"15":{"start":{"line":43,"column":27},"end":{"line":43,"column":75}},"16":{"start":{"line":43,"column":55},"end":{"line":43,"column":74}},"17":{"start":{"line":44,"column":12},"end":{"line":44,"column":100}},"18":{"start":{"line":47,"column":10},"end":{"line":50,"column":11}},"19":{"start":{"line":48,"column":12},"end":{"line":48,"column":85}},"20":{"start":{"line":49,"column":12},"end":{"line":49,"column":55}},"21":{"start":{"line":53,"column":8},"end":{"line":53,"column":40}},"22":{"start":{"line":55,"column":8},"end":{"line":55,"column":55}}},"fnMap":{"0":{"name":"(anonymous_0)","decl":{"start":{"line":11,"column":2},"end":{"line":11,"column":null}},"loc":{"start":{"line":11,"column":2},"end":{"line":14,"column":3}}},"1":{"name":"(anonymous_1)","decl":{"start":{"line":16,"column":9},"end":{"line":16,"column":15}},"loc":{"start":{"line":16,"column":27},"end":{"line":21,"column":3}}},"2":{"name":"(anonymous_2)","decl":{"start":{"line":23,"column":9},"end":{"line":23,"column":28}},"loc":{"start":{"line":23,"column":50},"end":{"line":25,"column":3}}},"3":{"name":"(anonymous_3)","decl":{"start":{"line":27,"column":9},"end":{"line":27,"column":19}},"loc":{"start":{"line":27,"column":19},"end":{"line":33,"column":3}}},"4":{"name":"(anonymous_4)","decl":{"start":{"line":35,"column":10},"end":{"line":35,"column":26}},"loc":{"start":{"line":35,"column":26},"end":{"line":58,"column":3}}},"5":{"name":"(anonymous_5)","decl":{"start":{"line":36,"column":16},"end":{"line":36,"column":19}},"loc":{"start":{"line":36,"column":21},"end":{"line":57,"column":5}}},"6":{"name":"(anonymous_6)","decl":{"start":{"line":41,"column":22},"end":{"line":41,"column":23}},"loc":{"start":{"line":41,"column":37},"end":{"line":51,"column":9}}},"7":{"name":"(anonymous_7)","decl":{"start":{"line":42,"column":61},"end":{"line":42,"column":62}},"loc":{"start":{"line":42,"column":70},"end":{"line":45,"column":11}}},"8":{"name":"(anonymous_8)","decl":{"start":{"line":43,"column":40},"end":{"line":43,"column":41}},"loc":{"start":{"line":43,"column":55},"end":{"line":43,"column":74}}}},"branchMap":{"0":{"loc":{"start":{"line":17,"column":4},"end":{"line":19,"column":5}},"type":"if","locations":[{"start":{"line":17,"column":4},"end":{"line":19,"column":5}}]},"1":{"loc":{"start":{"line":44,"column":19},"end":{"line":44,"column":99}},"type":"binary-expr","locations":[{"start":{"line":44,"column":19},"end":{"line":44,"column":26}},{"start":{"line":44,"column":30},"end":{"line":44,"column":48}},{"start":{"line":44,"column":52},"end":{"line":44,"column":99}}]},"2":{"loc":{"start":{"line":47,"column":10},"end":{"line":50,"column":11}},"type":"if","locations":[{"start":{"line":47,"column":10},"end":{"line":50,"column":11}}]}},"s":{"0":0,"1":0,"2":0,"3":0,"4":0,"5":0,"6":0,"7":0,"8":0,"9":0,"10":0,"11":0,"12":0,"13":0,"14":0,"15":0,"16":0,"17":0,"18":0,"19":0,"20":0,"21":0,"22":0},"f":{"0":0,"1":0,"2":0,"3":0,"4":0,"5":0,"6":0,"7":0,"8":0},"b":{"0":[0],"1":[0,0,0],"2":[0]}}
,"C:\\Users\\Ruben\\Desktop\\Battleship\\src\\utils\\uuid.ts": {"path":"C:\\Users\\Ruben\\Desktop\\Battleship\\src\\utils\\uuid.ts","statementMap":{"0":{"start":{"line":2,"column":13},"end":{"line":5,"column":19}},"1":{"start":{"line":3,"column":4},"end":{"line":5,"column":19}},"2":{"start":{"line":7,"column":2},"end":{"line":7,"column":72}}},"fnMap":{"0":{"name":"generateUUID","decl":{"start":{"line":1,"column":16},"end":{"line":1,"column":28}},"loc":{"start":{"line":1,"column":28},"end":{"line":8,"column":1}}},"1":{"name":"(anonymous_1)","decl":{"start":{"line":2,"column":13},"end":{"line":2,"column":24}},"loc":{"start":{"line":3,"column":4},"end":{"line":5,"column":19}}}},"branchMap":{},"s":{"0":17,"1":136,"2":17},"f":{"0":17,"1":136},"b":{}}
}
