TN:
SF:src\index.ts
FN:14,(anonymous_0)
FN:24,(anonymous_1)
FN:36,(anonymous_2)
FN:41,(anonymous_3)
FNF:4
FNH:0
FNDA:0,(anonymous_0)
FNDA:0,(anonymous_1)
FNDA:0,(anonymous_2)
FNDA:0,(anonymous_3)
DA:6,0
DA:7,0
DA:15,0
DA:17,0
DA:19,0
DA:20,0
DA:21,0
DA:25,0
DA:27,0
DA:28,0
DA:29,0
DA:33,0
DA:34,0
DA:36,0
DA:37,0
DA:38,0
DA:41,0
DA:42,0
DA:43,0
LF:19
LH:0
BRDA:6,0,0,0
BRDA:6,0,1,0
BRDA:7,1,0,0
BRDA:7,1,1,0
BRF:4
BRH:0
end_of_record
TN:
SF:src\controllers\messageHandler.ts
FN:24,(anonymous_0)
FN:32,(anonymous_1)
FN:39,(anonymous_2)
FN:43,(anonymous_3)
FN:55,(anonymous_4)
FN:60,(anonymous_5)
FN:99,(anonymous_6)
FN:114,(anonymous_7)
FN:116,(anonymous_8)
FN:125,(anonymous_9)
FN:127,(anonymous_10)
FN:145,(anonymous_11)
FN:147,(anonymous_12)
FN:156,(anonymous_13)
FN:160,(anonymous_14)
FN:164,(anonymous_15)
FNF:16
FNH:0
FNDA:0,(anonymous_0)
FNDA:0,(anonymous_1)
FNDA:0,(anonymous_2)
FNDA:0,(anonymous_3)
FNDA:0,(anonymous_4)
FNDA:0,(anonymous_5)
FNDA:0,(anonymous_6)
FNDA:0,(anonymous_7)
FNDA:0,(anonymous_8)
FNDA:0,(anonymous_9)
FNDA:0,(anonymous_10)
FNDA:0,(anonymous_11)
FNDA:0,(anonymous_12)
FNDA:0,(anonymous_13)
FNDA:0,(anonymous_14)
FNDA:0,(anonymous_15)
DA:25,0
DA:26,0
DA:27,0
DA:28,0
DA:29,0
DA:33,0
DA:34,0
DA:36,0
DA:40,0
DA:44,0
DA:45,0
DA:46,0
DA:47,0
DA:48,0
DA:49,0
DA:50,0
DA:52,0
DA:55,0
DA:56,0
DA:61,0
DA:62,0
DA:64,0
DA:65,0
DA:67,0
DA:68,0
DA:70,0
DA:71,0
DA:73,0
DA:74,0
DA:76,0
DA:77,0
DA:79,0
DA:80,0
DA:82,0
DA:83,0
DA:85,0
DA:88,0
DA:89,0
DA:100,0
DA:102,0
DA:108,0
DA:109,0
DA:110,0
DA:115,0
DA:116,0
DA:118,0
DA:119,0
DA:122,0
DA:126,0
DA:127,0
DA:129,0
DA:130,0
DA:133,0
DA:135,0
DA:146,0
DA:147,0
DA:149,0
DA:150,0
DA:153,0
DA:157,0
DA:161,0
DA:165,0
LF:62
LH:0
BRDA:33,0,0,0
BRDA:62,1,0,0
BRDA:62,1,1,0
BRDA:62,1,2,0
BRDA:62,1,3,0
BRDA:62,1,4,0
BRDA:62,1,5,0
BRDA:62,1,6,0
BRDA:62,1,7,0
BRDA:92,2,0,0
BRDA:92,2,1,0
BRDA:108,3,0,0
BRDA:118,4,0,0
BRDA:129,5,0,0
BRDA:149,6,0,0
BRF:15
BRH:0
end_of_record
TN:
SF:src\http_server\index.ts
FN:29,(anonymous_0)
FN:38,(anonymous_1)
FN:44,(anonymous_2)
FN:57,(anonymous_3)
FN:69,(anonymous_4)
FN:74,(anonymous_5)
FN:75,(anonymous_6)
FNF:7
FNH:0
FNDA:0,(anonymous_0)
FNDA:0,(anonymous_1)
FNDA:0,(anonymous_2)
FNDA:0,(anonymous_3)
FNDA:0,(anonymous_4)
FNDA:0,(anonymous_5)
FNDA:0,(anonymous_6)
DA:5,0
DA:30,0
DA:32,0
DA:33,0
DA:35,0
DA:40,0
DA:44,0
DA:45,0
DA:46,0
DA:47,0
DA:50,0
DA:51,0
DA:54,0
DA:55,0
DA:57,0
DA:58,0
DA:59,0
DA:60,0
DA:63,0
DA:64,0
DA:70,0
DA:71,0
DA:75,0
DA:76,0
LF:24
LH:0
BRDA:40,0,0,0
BRDA:40,0,1,0
BRDA:42,1,0,0
BRDA:42,1,1,0
BRDA:45,2,0,0
BRDA:50,3,0,0
BRDA:55,4,0,0
BRDA:55,4,1,0
BRDA:58,5,0,0
BRF:9
BRH:0
end_of_record
TN:
SF:src\services\bot.service.ts
FN:27,(anonymous_0)
FN:45,(anonymous_1)
FN:52,(anonymous_2)
FN:56,(anonymous_3)
FN:60,(anonymous_4)
FN:64,(anonymous_5)
FN:94,(anonymous_6)
FN:101,(anonymous_7)
FN:105,(anonymous_8)
FN:106,(anonymous_9)
FN:109,(anonymous_10)
FN:179,(anonymous_11)
FN:194,(anonymous_12)
FN:206,(anonymous_13)
FN:208,(anonymous_14)
FN:232,(anonymous_15)
FN:243,(anonymous_16)
FN:244,(anonymous_17)
FN:255,(anonymous_18)
FN:264,(anonymous_19)
FN:265,(anonymous_20)
FN:288,(anonymous_21)
FN:298,(anonymous_22)
FN:305,(anonymous_23)
FN:306,(anonymous_24)
FNF:25
FNH:0
FNDA:0,(anonymous_0)
FNDA:0,(anonymous_1)
FNDA:0,(anonymous_2)
FNDA:0,(anonymous_3)
FNDA:0,(anonymous_4)
FNDA:0,(anonymous_5)
FNDA:0,(anonymous_6)
FNDA:0,(anonymous_7)
FNDA:0,(anonymous_8)
FNDA:0,(anonymous_9)
FNDA:0,(anonymous_10)
FNDA:0,(anonymous_11)
FNDA:0,(anonymous_12)
FNDA:0,(anonymous_13)
FNDA:0,(anonymous_14)
FNDA:0,(anonymous_15)
FNDA:0,(anonymous_16)
FNDA:0,(anonymous_17)
FNDA:0,(anonymous_18)
FNDA:0,(anonymous_19)
FNDA:0,(anonymous_20)
FNDA:0,(anonymous_21)
FNDA:0,(anonymous_22)
FNDA:0,(anonymous_23)
FNDA:0,(anonymous_24)
DA:15,0
DA:28,0
DA:30,0
DA:31,0
DA:39,0
DA:41,0
DA:42,0
DA:46,0
DA:47,0
DA:49,0
DA:53,0
DA:57,0
DA:61,0
DA:65,0
DA:67,0
DA:75,0
DA:83,0
DA:90,0
DA:92,0
DA:94,0
DA:95,0
DA:98,0
DA:102,0
DA:103,0
DA:105,0
DA:106,0
DA:109,0
DA:110,0
DA:112,0
DA:113,0
DA:114,0
DA:117,0
DA:118,0
DA:121,0
DA:122,0
DA:123,0
DA:125,0
DA:126,0
DA:128,0
DA:129,0
DA:130,0
DA:137,0
DA:140,0
DA:142,0
DA:143,0
DA:145,0
DA:146,0
DA:147,0
DA:149,0
DA:151,0
DA:158,0
DA:159,0
DA:160,0
DA:161,0
DA:162,0
DA:166,0
DA:167,0
DA:169,0
DA:170,0
DA:172,0
DA:176,0
DA:180,0
DA:181,0
DA:183,0
DA:184,0
DA:185,0
DA:187,0
DA:191,0
DA:195,0
DA:197,0
DA:198,0
DA:199,0
DA:202,0
DA:203,0
DA:206,0
DA:207,0
DA:208,0
DA:209,0
DA:210,0
DA:212,0
DA:214,0
DA:215,0
DA:219,0
DA:220,0
DA:221,0
DA:225,0
DA:227,0
DA:237,0
DA:238,0
DA:240,0
DA:241,0
DA:243,0
DA:244,0
DA:247,0
DA:248,0
DA:252,0
DA:256,0
DA:263,0
DA:264,0
DA:265,0
DA:267,0
DA:271,0
DA:272,0
DA:276,0
DA:280,0
DA:282,0
DA:283,0
DA:284,0
DA:285,0
DA:287,0
DA:288,0
DA:289,0
DA:295,0
DA:299,0
DA:300,0
DA:301,0
DA:306,0
DA:307,0
DA:309,0
DA:310,0
DA:311,0
LF:121
LH:0
BRDA:46,0,0,0
BRDA:106,1,0,0
BRDA:106,1,1,0
BRDA:113,2,0,0
BRDA:113,3,0,0
BRDA:113,3,1,0
BRDA:113,3,2,0
BRDA:113,3,3,0
BRDA:117,4,0,0
BRDA:123,5,0,0
BRDA:123,6,0,0
BRDA:123,6,1,0
BRDA:128,7,0,0
BRDA:128,8,0,0
BRDA:128,8,1,0
BRDA:128,8,2,0
BRDA:128,8,3,0
BRDA:129,9,0,0
BRDA:159,10,0,0
BRDA:166,11,0,0
BRDA:166,11,1,0
BRDA:184,12,0,0
BRDA:184,12,1,0
BRDA:197,13,0,0
BRDA:202,14,0,0
BRDA:209,15,0,0
BRDA:209,15,1,0
BRDA:214,16,0,0
BRDA:219,17,0,0
BRDA:244,18,0,0
BRDA:244,18,1,0
BRDA:247,19,0,0
BRDA:247,20,0,0
BRDA:247,20,1,0
BRDA:263,21,0,0
BRDA:267,22,0,0
BRDA:267,22,1,0
BRDA:268,23,0,0
BRDA:268,23,1,0
BRDA:272,24,0,0
BRDA:273,25,0,0
BRDA:273,25,1,0
BRDA:287,26,0,0
BRDA:287,27,0,0
BRDA:287,27,1,0
BRDA:287,27,2,0
BRDA:287,27,3,0
BRDA:288,28,0,0
BRDA:288,29,0,0
BRDA:288,29,1,0
BRDA:310,30,0,0
BRDA:310,31,0,0
BRDA:310,31,1,0
BRF:53
BRH:0
end_of_record
TN:
SF:src\services\database.service.ts
FN:7,(anonymous_0)
FN:16,(anonymous_1)
FN:23,(anonymous_2)
FN:27,(anonymous_3)
FN:31,(anonymous_4)
FN:40,(anonymous_5)
FN:44,(anonymous_6)
FN:48,(anonymous_7)
FN:52,(anonymous_8)
FN:54,(anonymous_9)
FN:61,(anonymous_10)
FN:65,(anonymous_11)
FN:69,(anonymous_12)
FN:73,(anonymous_13)
FN:77,(anonymous_14)
FN:79,(anonymous_15)
FN:86,(anonymous_16)
FN:90,(anonymous_17)
FN:97,(anonymous_18)
FN:102,(anonymous_19)
FN:103,(anonymous_20)
FN:118,(anonymous_21)
FN:119,(anonymous_22)
FNF:23
FNH:22
FNDA:1,(anonymous_0)
FNDA:11,(anonymous_1)
FNDA:11,(anonymous_2)
FNDA:2,(anonymous_3)
FNDA:3,(anonymous_4)
FNDA:9,(anonymous_5)
FNDA:3,(anonymous_6)
FNDA:2,(anonymous_7)
FNDA:1,(anonymous_8)
FNDA:1,(anonymous_9)
FNDA:3,(anonymous_10)
FNDA:36,(anonymous_11)
FNDA:2,(anonymous_12)
FNDA:2,(anonymous_13)
FNDA:1,(anonymous_14)
FNDA:1,(anonymous_15)
FNDA:1,(anonymous_16)
FNDA:2,(anonymous_17)
FNDA:36,(anonymous_18)
FNDA:2,(anonymous_19)
FNDA:1,(anonymous_20)
FNDA:2,(anonymous_21)
FNDA:0,(anonymous_22)
DA:8,1
DA:17,11
DA:18,1
DA:20,11
DA:24,11
DA:28,2
DA:32,3
DA:33,3
DA:34,3
DA:37,0
DA:41,9
DA:45,3
DA:49,2
DA:53,1
DA:54,1
DA:55,1
DA:58,0
DA:62,3
DA:66,36
DA:70,2
DA:74,2
DA:78,1
DA:79,1
DA:80,1
DA:83,0
DA:87,1
DA:91,2
DA:98,36
DA:103,2
DA:105,2
DA:106,1
DA:108,1
DA:111,2
DA:112,2
DA:113,2
DA:114,2
DA:119,2
LF:37
LH:34
BRDA:17,0,0,1
BRDA:33,1,0,3
BRDA:54,2,0,1
BRDA:79,3,0,1
BRDA:105,4,0,1
BRDA:105,4,1,1
BRDA:112,5,0,2
BRF:7
BRH:7
end_of_record
TN:
SF:src\services\game.service.ts
FN:20,(anonymous_0)
FN:26,(anonymous_1)
FN:33,(anonymous_2)
FN:37,(anonymous_3)
FN:41,(anonymous_4)
FN:72,(anonymous_5)
FN:79,(anonymous_6)
FN:94,(anonymous_7)
FN:101,(anonymous_8)
FN:123,(anonymous_9)
FN:134,(anonymous_10)
FN:194,(anonymous_11)
FN:204,(anonymous_12)
FN:220,(anonymous_13)
FN:237,(anonymous_14)
FN:238,(anonymous_15)
FN:241,(anonymous_16)
FN:242,(anonymous_17)
FN:244,(anonymous_18)
FN:248,(anonymous_19)
FN:250,(anonymous_20)
FN:251,(anonymous_21)
FN:255,(anonymous_22)
FN:256,(anonymous_23)
FN:259,(anonymous_24)
FN:274,(anonymous_25)
FN:278,(anonymous_26)
FN:288,(anonymous_27)
FN:290,(anonymous_28)
FN:297,(anonymous_29)
FN:304,(anonymous_30)
FN:318,(anonymous_31)
FNF:32
FNH:0
FNDA:0,(anonymous_0)
FNDA:0,(anonymous_1)
FNDA:0,(anonymous_2)
FNDA:0,(anonymous_3)
FNDA:0,(anonymous_4)
FNDA:0,(anonymous_5)
FNDA:0,(anonymous_6)
FNDA:0,(anonymous_7)
FNDA:0,(anonymous_8)
FNDA:0,(anonymous_9)
FNDA:0,(anonymous_10)
FNDA:0,(anonymous_11)
FNDA:0,(anonymous_12)
FNDA:0,(anonymous_13)
FNDA:0,(anonymous_14)
FNDA:0,(anonymous_15)
FNDA:0,(anonymous_16)
FNDA:0,(anonymous_17)
FNDA:0,(anonymous_18)
FNDA:0,(anonymous_19)
FNDA:0,(anonymous_20)
FNDA:0,(anonymous_21)
FNDA:0,(anonymous_22)
FNDA:0,(anonymous_23)
FNDA:0,(anonymous_24)
FNDA:0,(anonymous_25)
FNDA:0,(anonymous_26)
FNDA:0,(anonymous_27)
FNDA:0,(anonymous_28)
FNDA:0,(anonymous_29)
FNDA:0,(anonymous_30)
FNDA:0,(anonymous_31)
DA:21,0
DA:22,0
DA:23,0
DA:27,0
DA:28,0
DA:30,0
DA:34,0
DA:38,0
DA:42,0
DA:44,0
DA:52,0
DA:60,0
DA:67,0
DA:69,0
DA:73,0
DA:75,0
DA:76,0
DA:79,0
DA:81,0
DA:82,0
DA:85,0
DA:87,0
DA:89,0
DA:90,0
DA:95,0
DA:97,0
DA:98,0
DA:101,0
DA:102,0
DA:107,0
DA:114,0
DA:124,0
DA:126,0
DA:127,0
DA:130,0
DA:131,0
DA:134,0
DA:135,0
DA:136,0
DA:138,0
DA:139,0
DA:142,0
DA:144,0
DA:146,0
DA:148,0
DA:149,0
DA:151,0
DA:152,0
DA:153,0
DA:155,0
DA:156,0
DA:159,0
DA:161,0
DA:164,0
DA:167,0
DA:169,0
DA:175,0
DA:181,0
DA:182,0
DA:191,0
DA:195,0
DA:197,0
DA:198,0
DA:201,0
DA:202,0
DA:204,0
DA:208,0
DA:210,0
DA:211,0
DA:214,0
DA:215,0
DA:217,0
DA:221,0
DA:222,0
DA:224,0
DA:226,0
DA:228,0
DA:238,0
DA:242,0
DA:243,0
DA:244,0
DA:249,0
DA:250,0
DA:251,0
DA:256,0
DA:260,0
DA:261,0
DA:263,0
DA:264,0
DA:265,0
DA:267,0
DA:271,0
DA:275,0
DA:276,0
DA:278,0
DA:279,0
DA:280,0
DA:281,0
DA:283,0
DA:284,0
DA:286,0
DA:288,0
DA:290,0
DA:292,0
DA:297,0
DA:298,0
DA:299,0
DA:305,0
DA:307,0
DA:308,0
DA:309,0
DA:310,0
DA:315,0
DA:319,0
LF:114
LH:0
BRDA:27,0,0,0
BRDA:75,1,0,0
BRDA:81,2,0,0
BRDA:89,3,0,0
BRDA:89,4,0,0
BRDA:89,4,1,0
BRDA:97,5,0,0
BRDA:126,6,0,0
BRDA:130,7,0,0
BRDA:135,8,0,0
BRDA:135,8,1,0
BRDA:138,9,0,0
BRDA:148,10,0,0
BRDA:148,10,1,0
BRDA:151,11,0,0
BRDA:151,11,1,0
BRDA:155,12,0,0
BRDA:181,13,0,0
BRDA:197,14,0,0
BRDA:201,15,0,0
BRDA:210,16,0,0
BRDA:238,17,0,0
BRDA:238,17,1,0
BRDA:244,18,0,0
BRDA:244,18,1,0
BRDA:251,19,0,0
BRDA:251,19,1,0
BRDA:264,20,0,0
BRDA:264,20,1,0
BRDA:281,21,0,0
BRDA:281,22,0,0
BRDA:281,22,1,0
BRDA:286,23,0,0
BRDA:286,24,0,0
BRDA:286,24,1,0
BRDA:286,24,2,0
BRDA:286,24,3,0
BRDA:288,25,0,0
BRDA:288,26,0,0
BRDA:288,26,1,0
BRDA:290,27,0,0
BRDA:290,28,0,0
BRDA:290,28,1,0
BRDA:298,29,0,0
BRDA:309,30,0,0
BRF:45
BRH:0
end_of_record
TN:
SF:src\services\player.service.ts
FN:12,(anonymous_0)
FN:17,(anonymous_1)
FN:24,(anonymous_2)
FN:28,(anonymous_3)
FN:71,(anonymous_4)
FN:75,(anonymous_5)
FN:79,(anonymous_6)
FN:83,(anonymous_7)
FNF:8
FNH:0
FNDA:0,(anonymous_0)
FNDA:0,(anonymous_1)
FNDA:0,(anonymous_2)
FNDA:0,(anonymous_3)
FNDA:0,(anonymous_4)
FNDA:0,(anonymous_5)
FNDA:0,(anonymous_6)
FNDA:0,(anonymous_7)
DA:13,0
DA:14,0
DA:18,0
DA:19,0
DA:21,0
DA:25,0
DA:29,0
DA:31,0
DA:32,0
DA:33,0
DA:34,0
DA:36,0
DA:43,0
DA:51,0
DA:52,0
DA:60,0
DA:62,0
DA:72,0
DA:76,0
DA:80,0
DA:84,0
DA:85,0
DA:86,0
DA:87,0
LF:24
LH:0
BRDA:18,0,0,0
BRDA:31,1,0,0
BRDA:31,1,1,0
BRDA:32,2,0,0
BRDA:32,2,1,0
BRDA:85,3,0,0
BRF:6
BRH:0
end_of_record
TN:
SF:src\services\room.service.ts
FN:13,(anonymous_0)
FN:19,(anonymous_1)
FN:26,(anonymous_2)
FN:30,(anonymous_3)
FN:34,(anonymous_4)
FN:59,(anonymous_5)
FN:125,(anonymous_6)
FN:127,(anonymous_7)
FN:130,(anonymous_8)
FN:134,(anonymous_9)
FNF:10
FNH:0
FNDA:0,(anonymous_0)
FNDA:0,(anonymous_1)
FNDA:0,(anonymous_2)
FNDA:0,(anonymous_3)
FNDA:0,(anonymous_4)
FNDA:0,(anonymous_5)
FNDA:0,(anonymous_6)
FNDA:0,(anonymous_7)
FNDA:0,(anonymous_8)
FNDA:0,(anonymous_9)
DA:14,0
DA:15,0
DA:16,0
DA:20,0
DA:21,0
DA:23,0
DA:27,0
DA:31,0
DA:35,0
DA:36,0
DA:38,0
DA:39,0
DA:42,0
DA:47,0
DA:52,0
DA:54,0
DA:56,0
DA:60,0
DA:61,0
DA:63,0
DA:64,0
DA:67,0
DA:68,0
DA:71,0
DA:72,0
DA:75,0
DA:80,0
DA:82,0
DA:84,0
DA:85,0
DA:90,0
DA:92,0
DA:97,0
DA:102,0
DA:108,0
DA:114,0
DA:117,0
DA:119,0
DA:126,0
DA:127,0
DA:131,0
DA:135,0
LF:42
LH:0
BRDA:20,0,0,0
BRDA:38,1,0,0
BRDA:63,2,0,0
BRDA:67,3,0,0
BRDA:71,4,0,0
BRDA:84,5,0,0
BRF:6
BRH:0
end_of_record
TN:
SF:src\services\websocket.service.ts
FN:10,(anonymous_0)
FN:16,(anonymous_1)
FN:23,(anonymous_2)
FN:24,(anonymous_3)
FN:28,(anonymous_4)
FN:32,(anonymous_5)
FN:48,(anonymous_6)
FN:53,(anonymous_7)
FN:62,(anonymous_8)
FN:75,(anonymous_9)
FN:76,(anonymous_10)
FN:77,(anonymous_11)
FN:88,(anonymous_12)
FN:93,(anonymous_13)
FN:95,(anonymous_14)
FN:107,(anonymous_15)
FN:137,(anonymous_16)
FN:150,(anonymous_17)
FN:154,(anonymous_18)
FN:156,(anonymous_19)
FN:172,(anonymous_20)
FN:178,(anonymous_21)
FN:185,(anonymous_22)
FN:192,(anonymous_23)
FN:195,(anonymous_24)
FN:204,(anonymous_25)
FN:205,(anonymous_26)
FN:213,(anonymous_27)
FN:215,(anonymous_28)
FN:224,(anonymous_29)
FNF:30
FNH:0
FNDA:0,(anonymous_0)
FNDA:0,(anonymous_1)
FNDA:0,(anonymous_2)
FNDA:0,(anonymous_3)
FNDA:0,(anonymous_4)
FNDA:0,(anonymous_5)
FNDA:0,(anonymous_6)
FNDA:0,(anonymous_7)
FNDA:0,(anonymous_8)
FNDA:0,(anonymous_9)
FNDA:0,(anonymous_10)
FNDA:0,(anonymous_11)
FNDA:0,(anonymous_12)
FNDA:0,(anonymous_13)
FNDA:0,(anonymous_14)
FNDA:0,(anonymous_15)
FNDA:0,(anonymous_16)
FNDA:0,(anonymous_17)
FNDA:0,(anonymous_18)
FNDA:0,(anonymous_19)
FNDA:0,(anonymous_20)
FNDA:0,(anonymous_21)
FNDA:0,(anonymous_22)
FNDA:0,(anonymous_23)
FNDA:0,(anonymous_24)
FNDA:0,(anonymous_25)
FNDA:0,(anonymous_26)
FNDA:0,(anonymous_27)
FNDA:0,(anonymous_28)
FNDA:0,(anonymous_29)
DA:11,0
DA:12,0
DA:13,0
DA:17,0
DA:18,0
DA:20,0
DA:24,0
DA:25,0
DA:28,0
DA:29,0
DA:32,0
DA:33,0
DA:34,0
DA:35,0
DA:37,0
DA:39,0
DA:40,0
DA:48,0
DA:49,0
DA:50,0
DA:53,0
DA:54,0
DA:55,0
DA:59,0
DA:62,0
DA:63,0
DA:64,0
DA:65,0
DA:67,0
DA:72,0
DA:76,0
DA:77,0
DA:78,0
DA:79,0
DA:80,0
DA:83,0
DA:84,0
DA:88,0
DA:89,0
DA:94,0
DA:95,0
DA:97,0
DA:98,0
DA:99,0
DA:100,0
DA:102,0
DA:105,0
DA:106,0
DA:107,0
DA:108,0
DA:109,0
DA:110,0
DA:112,0
DA:114,0
DA:115,0
DA:116,0
DA:118,0
DA:126,0
DA:132,0
DA:135,0
DA:138,0
DA:139,0
DA:141,0
DA:144,0
DA:145,0
DA:151,0
DA:155,0
DA:156,0
DA:157,0
DA:162,0
DA:169,0
DA:170,0
DA:172,0
DA:173,0
DA:179,0
DA:180,0
DA:181,0
DA:186,0
DA:187,0
DA:188,0
DA:193,0
DA:194,0
DA:195,0
DA:196,0
DA:197,0
DA:198,0
DA:205,0
DA:206,0
DA:207,0
DA:210,0
DA:214,0
DA:215,0
DA:217,0
DA:225,0
DA:227,0
LF:95
LH:0
BRDA:17,0,0,0
BRDA:64,1,0,0
BRDA:64,1,1,0
BRDA:64,2,0,0
BRDA:64,2,1,0
BRDA:78,3,0,0
BRDA:97,4,0,0
BRDA:99,5,0,0
BRDA:106,6,0,0
BRDA:106,7,0,0
BRDA:106,7,1,0
BRDA:108,8,0,0
BRDA:115,9,0,0
BRDA:138,10,0,0
BRDA:144,11,0,0
BRDA:144,12,0,0
BRDA:144,12,1,0
BRDA:155,13,0,0
BRDA:162,14,0,0
BRDA:163,15,0,0
BRDA:163,15,1,0
BRDA:163,15,2,0
BRDA:163,15,3,0
BRDA:163,15,4,0
BRDA:179,16,0,0
BRDA:187,17,0,0
BRDA:187,18,0,0
BRDA:187,18,1,0
BRDA:194,19,0,0
BRDA:197,20,0,0
BRDA:197,21,0,0
BRDA:197,21,1,0
BRDA:206,22,0,0
BRF:33
BRH:0
end_of_record
TN:
SF:src\utils\test-game.ts
FN:6,testUUIDGeneration
FN:22,shipsCollide
FN:50,getShipCells
FN:66,testShipCollisionDetection
FN:132,testShipPlacementValidity
FN:176,isShipValid
FN:189,runTests
FNF:7
FNH:0
FNDA:0,testUUIDGeneration
FNDA:0,shipsCollide
FNDA:0,getShipCells
FNDA:0,testShipCollisionDetection
FNDA:0,testShipPlacementValidity
FNDA:0,isShipValid
FNDA:0,runTests
DA:7,0
DA:8,0
DA:9,0
DA:11,0
DA:12,0
DA:18,0
DA:23,0
DA:24,0
DA:27,0
DA:28,0
DA:29,0
DA:30,0
DA:34,0
DA:35,0
DA:36,0
DA:38,0
DA:39,0
DA:46,0
DA:51,0
DA:52,0
DA:54,0
DA:55,0
DA:56,0
DA:58,0
DA:62,0
DA:67,0
DA:70,0
DA:77,0
DA:84,0
DA:91,0
DA:98,0
DA:105,0
DA:108,0
DA:115,0
DA:122,0
DA:128,0
DA:133,0
DA:136,0
DA:143,0
DA:149,0
DA:156,0
DA:163,0
DA:170,0
DA:172,0
DA:177,0
DA:179,0
DA:180,0
DA:181,0
DA:185,0
DA:190,0
DA:192,0
DA:193,0
DA:194,0
DA:195,0
DA:197,0
DA:199,0
DA:203,0
LF:57
LH:0
BRDA:29,0,0,0
BRDA:29,1,0,0
BRDA:29,1,1,0
BRDA:36,2,0,0
BRDA:36,3,0,0
BRDA:36,3,1,0
BRDA:38,4,0,0
BRDA:38,5,0,0
BRDA:38,5,1,0
BRDA:55,6,0,0
BRDA:55,6,1,0
BRDA:180,7,0,0
BRDA:180,8,0,0
BRDA:180,8,1,0
BRDA:180,8,2,0
BRDA:180,8,3,0
BRF:16
BRH:0
end_of_record
TN:
SF:src\utils\uuid.ts
FN:1,generateUUID
FN:2,(anonymous_1)
FNF:2
FNH:2
FNDA:17,generateUUID
FNDA:136,(anonymous_1)
DA:2,17
DA:3,136
DA:7,17
LF:3
LH:3
BRF:0
BRH:0
end_of_record
