TN:
SF:src\index.ts
FN:14,(anonymous_0)
FN:24,(anonymous_1)
FN:36,(anonymous_2)
FN:41,(anonymous_3)
FNF:4
FNH:0
FNDA:0,(anonymous_0)
FNDA:0,(anonymous_1)
FNDA:0,(anonymous_2)
FNDA:0,(anonymous_3)
DA:6,0
DA:7,0
DA:15,0
DA:17,0
DA:19,0
DA:20,0
DA:21,0
DA:25,0
DA:27,0
DA:28,0
DA:29,0
DA:33,0
DA:34,0
DA:36,0
DA:37,0
DA:38,0
DA:41,0
DA:42,0
DA:43,0
LF:19
LH:0
BRDA:6,0,0,0
BRDA:6,0,1,0
BRDA:7,1,0,0
BRDA:7,1,1,0
BRF:4
BRH:0
end_of_record
TN:
SF:src\controllers\messageHandler.ts
FN:23,(anonymous_0)
FN:31,(anonymous_1)
FN:38,(anonymous_2)
FN:42,(anonymous_3)
FN:52,(anonymous_4)
FN:56,(anonymous_5)
FN:94,(anonymous_6)
FN:109,(anonymous_7)
FN:111,(anonymous_8)
FN:120,(anonymous_9)
FN:122,(anonymous_10)
FN:140,(anonymous_11)
FN:142,(anonymous_12)
FN:151,(anonymous_13)
FN:155,(anonymous_14)
FN:159,(anonymous_15)
FNF:16
FNH:0
FNDA:0,(anonymous_0)
FNDA:0,(anonymous_1)
FNDA:0,(anonymous_2)
FNDA:0,(anonymous_3)
FNDA:0,(anonymous_4)
FNDA:0,(anonymous_5)
FNDA:0,(anonymous_6)
FNDA:0,(anonymous_7)
FNDA:0,(anonymous_8)
FNDA:0,(anonymous_9)
FNDA:0,(anonymous_10)
FNDA:0,(anonymous_11)
FNDA:0,(anonymous_12)
FNDA:0,(anonymous_13)
FNDA:0,(anonymous_14)
FNDA:0,(anonymous_15)
DA:24,0
DA:25,0
DA:26,0
DA:27,0
DA:28,0
DA:32,0
DA:33,0
DA:35,0
DA:39,0
DA:43,0
DA:44,0
DA:45,0
DA:46,0
DA:47,0
DA:48,0
DA:49,0
DA:50,0
DA:52,0
DA:53,0
DA:57,0
DA:58,0
DA:60,0
DA:61,0
DA:63,0
DA:64,0
DA:66,0
DA:67,0
DA:69,0
DA:70,0
DA:72,0
DA:73,0
DA:75,0
DA:76,0
DA:78,0
DA:79,0
DA:81,0
DA:84,0
DA:85,0
DA:95,0
DA:97,0
DA:103,0
DA:104,0
DA:105,0
DA:110,0
DA:111,0
DA:113,0
DA:114,0
DA:117,0
DA:121,0
DA:122,0
DA:124,0
DA:125,0
DA:128,0
DA:130,0
DA:141,0
DA:142,0
DA:144,0
DA:145,0
DA:148,0
DA:152,0
DA:156,0
DA:160,0
LF:62
LH:0
BRDA:32,0,0,0
BRDA:58,1,0,0
BRDA:58,1,1,0
BRDA:58,1,2,0
BRDA:58,1,3,0
BRDA:58,1,4,0
BRDA:58,1,5,0
BRDA:58,1,6,0
BRDA:58,1,7,0
BRDA:88,2,0,0
BRDA:88,2,1,0
BRDA:103,3,0,0
BRDA:113,4,0,0
BRDA:124,5,0,0
BRDA:144,6,0,0
BRF:15
BRH:0
end_of_record
TN:
SF:src\http_server\index.ts
FN:29,(anonymous_0)
FN:38,(anonymous_1)
FN:44,(anonymous_2)
FN:57,(anonymous_3)
FN:69,(anonymous_4)
FN:74,(anonymous_5)
FN:75,(anonymous_6)
FNF:7
FNH:0
FNDA:0,(anonymous_0)
FNDA:0,(anonymous_1)
FNDA:0,(anonymous_2)
FNDA:0,(anonymous_3)
FNDA:0,(anonymous_4)
FNDA:0,(anonymous_5)
FNDA:0,(anonymous_6)
DA:5,0
DA:30,0
DA:32,0
DA:33,0
DA:35,0
DA:40,0
DA:44,0
DA:45,0
DA:46,0
DA:47,0
DA:50,0
DA:51,0
DA:54,0
DA:55,0
DA:57,0
DA:58,0
DA:59,0
DA:60,0
DA:63,0
DA:64,0
DA:70,0
DA:71,0
DA:75,0
DA:76,0
LF:24
LH:0
BRDA:40,0,0,0
BRDA:40,0,1,0
BRDA:42,1,0,0
BRDA:42,1,1,0
BRDA:45,2,0,0
BRDA:50,3,0,0
BRDA:55,4,0,0
BRDA:55,4,1,0
BRDA:58,5,0,0
BRF:9
BRH:0
end_of_record
TN:
SF:src\services\bot.service.ts
FN:27,(anonymous_0)
FN:43,(anonymous_1)
FN:50,(anonymous_2)
FN:54,(anonymous_3)
FN:58,(anonymous_4)
FN:62,(anonymous_5)
FN:92,(anonymous_6)
FN:99,(anonymous_7)
FN:103,(anonymous_8)
FN:104,(anonymous_9)
FN:107,(anonymous_10)
FN:177,(anonymous_11)
FN:192,(anonymous_12)
FN:204,(anonymous_13)
FN:206,(anonymous_14)
FN:230,(anonymous_15)
FN:241,(anonymous_16)
FN:242,(anonymous_17)
FN:253,(anonymous_18)
FN:262,(anonymous_19)
FN:263,(anonymous_20)
FN:286,(anonymous_21)
FN:296,(anonymous_22)
FN:303,(anonymous_23)
FN:304,(anonymous_24)
FNF:25
FNH:0
FNDA:0,(anonymous_0)
FNDA:0,(anonymous_1)
FNDA:0,(anonymous_2)
FNDA:0,(anonymous_3)
FNDA:0,(anonymous_4)
FNDA:0,(anonymous_5)
FNDA:0,(anonymous_6)
FNDA:0,(anonymous_7)
FNDA:0,(anonymous_8)
FNDA:0,(anonymous_9)
FNDA:0,(anonymous_10)
FNDA:0,(anonymous_11)
FNDA:0,(anonymous_12)
FNDA:0,(anonymous_13)
FNDA:0,(anonymous_14)
FNDA:0,(anonymous_15)
FNDA:0,(anonymous_16)
FNDA:0,(anonymous_17)
FNDA:0,(anonymous_18)
FNDA:0,(anonymous_19)
FNDA:0,(anonymous_20)
FNDA:0,(anonymous_21)
FNDA:0,(anonymous_22)
FNDA:0,(anonymous_23)
FNDA:0,(anonymous_24)
DA:15,0
DA:28,0
DA:29,0
DA:30,0
DA:37,0
DA:39,0
DA:40,0
DA:44,0
DA:45,0
DA:47,0
DA:51,0
DA:55,0
DA:59,0
DA:63,0
DA:65,0
DA:73,0
DA:81,0
DA:88,0
DA:90,0
DA:92,0
DA:93,0
DA:96,0
DA:100,0
DA:101,0
DA:103,0
DA:104,0
DA:107,0
DA:108,0
DA:110,0
DA:111,0
DA:112,0
DA:115,0
DA:116,0
DA:119,0
DA:120,0
DA:121,0
DA:123,0
DA:124,0
DA:126,0
DA:127,0
DA:128,0
DA:135,0
DA:138,0
DA:140,0
DA:141,0
DA:143,0
DA:144,0
DA:145,0
DA:147,0
DA:149,0
DA:156,0
DA:157,0
DA:158,0
DA:159,0
DA:160,0
DA:164,0
DA:165,0
DA:167,0
DA:168,0
DA:170,0
DA:174,0
DA:178,0
DA:179,0
DA:181,0
DA:182,0
DA:183,0
DA:185,0
DA:189,0
DA:193,0
DA:195,0
DA:196,0
DA:197,0
DA:200,0
DA:201,0
DA:204,0
DA:205,0
DA:206,0
DA:207,0
DA:208,0
DA:210,0
DA:212,0
DA:213,0
DA:217,0
DA:218,0
DA:219,0
DA:223,0
DA:225,0
DA:235,0
DA:236,0
DA:238,0
DA:239,0
DA:241,0
DA:242,0
DA:245,0
DA:246,0
DA:250,0
DA:254,0
DA:261,0
DA:262,0
DA:263,0
DA:265,0
DA:269,0
DA:270,0
DA:274,0
DA:278,0
DA:280,0
DA:281,0
DA:282,0
DA:283,0
DA:285,0
DA:286,0
DA:287,0
DA:293,0
DA:297,0
DA:298,0
DA:299,0
DA:304,0
DA:305,0
DA:307,0
DA:308,0
DA:309,0
LF:121
LH:0
BRDA:44,0,0,0
BRDA:104,1,0,0
BRDA:104,1,1,0
BRDA:111,2,0,0
BRDA:111,3,0,0
BRDA:111,3,1,0
BRDA:111,3,2,0
BRDA:111,3,3,0
BRDA:115,4,0,0
BRDA:121,5,0,0
BRDA:121,6,0,0
BRDA:121,6,1,0
BRDA:126,7,0,0
BRDA:126,8,0,0
BRDA:126,8,1,0
BRDA:126,8,2,0
BRDA:126,8,3,0
BRDA:127,9,0,0
BRDA:157,10,0,0
BRDA:164,11,0,0
BRDA:164,11,1,0
BRDA:182,12,0,0
BRDA:182,12,1,0
BRDA:195,13,0,0
BRDA:200,14,0,0
BRDA:207,15,0,0
BRDA:207,15,1,0
BRDA:212,16,0,0
BRDA:217,17,0,0
BRDA:242,18,0,0
BRDA:242,18,1,0
BRDA:245,19,0,0
BRDA:245,20,0,0
BRDA:245,20,1,0
BRDA:261,21,0,0
BRDA:265,22,0,0
BRDA:265,22,1,0
BRDA:266,23,0,0
BRDA:266,23,1,0
BRDA:270,24,0,0
BRDA:271,25,0,0
BRDA:271,25,1,0
BRDA:285,26,0,0
BRDA:285,27,0,0
BRDA:285,27,1,0
BRDA:285,27,2,0
BRDA:285,27,3,0
BRDA:286,28,0,0
BRDA:286,29,0,0
BRDA:286,29,1,0
BRDA:308,30,0,0
BRDA:308,31,0,0
BRDA:308,31,1,0
BRF:53
BRH:0
end_of_record
TN:
SF:src\services\database.service.ts
FN:7,(anonymous_0)
FN:16,(anonymous_1)
FN:23,(anonymous_2)
FN:27,(anonymous_3)
FN:31,(anonymous_4)
FN:40,(anonymous_5)
FN:44,(anonymous_6)
FN:48,(anonymous_7)
FN:52,(anonymous_8)
FN:54,(anonymous_9)
FN:61,(anonymous_10)
FN:65,(anonymous_11)
FN:69,(anonymous_12)
FN:73,(anonymous_13)
FN:77,(anonymous_14)
FN:79,(anonymous_15)
FN:86,(anonymous_16)
FN:90,(anonymous_17)
FN:94,(anonymous_18)
FN:98,(anonymous_19)
FN:99,(anonymous_20)
FN:114,(anonymous_21)
FN:115,(anonymous_22)
FNF:23
FNH:22
FNDA:1,(anonymous_0)
FNDA:11,(anonymous_1)
FNDA:11,(anonymous_2)
FNDA:2,(anonymous_3)
FNDA:3,(anonymous_4)
FNDA:9,(anonymous_5)
FNDA:3,(anonymous_6)
FNDA:2,(anonymous_7)
FNDA:1,(anonymous_8)
FNDA:1,(anonymous_9)
FNDA:3,(anonymous_10)
FNDA:36,(anonymous_11)
FNDA:2,(anonymous_12)
FNDA:2,(anonymous_13)
FNDA:1,(anonymous_14)
FNDA:1,(anonymous_15)
FNDA:1,(anonymous_16)
FNDA:2,(anonymous_17)
FNDA:36,(anonymous_18)
FNDA:2,(anonymous_19)
FNDA:1,(anonymous_20)
FNDA:2,(anonymous_21)
FNDA:0,(anonymous_22)
DA:8,1
DA:17,11
DA:18,1
DA:20,11
DA:24,11
DA:28,2
DA:32,3
DA:33,3
DA:34,3
DA:37,0
DA:41,9
DA:45,3
DA:49,2
DA:53,1
DA:54,1
DA:55,1
DA:58,0
DA:62,3
DA:66,36
DA:70,2
DA:74,2
DA:78,1
DA:79,1
DA:80,1
DA:83,0
DA:87,1
DA:91,2
DA:95,36
DA:99,2
DA:101,2
DA:102,1
DA:104,1
DA:107,2
DA:108,2
DA:109,2
DA:110,2
DA:115,2
LF:37
LH:34
BRDA:17,0,0,1
BRDA:33,1,0,3
BRDA:54,2,0,1
BRDA:79,3,0,1
BRDA:101,4,0,1
BRDA:101,4,1,1
BRDA:108,5,0,2
BRF:7
BRH:7
end_of_record
TN:
SF:src\services\game.service.ts
FN:19,(anonymous_0)
FN:25,(anonymous_1)
FN:32,(anonymous_2)
FN:36,(anonymous_3)
FN:40,(anonymous_4)
FN:71,(anonymous_5)
FN:78,(anonymous_6)
FN:93,(anonymous_7)
FN:100,(anonymous_8)
FN:122,(anonymous_9)
FN:133,(anonymous_10)
FN:193,(anonymous_11)
FN:203,(anonymous_12)
FN:217,(anonymous_13)
FN:234,(anonymous_14)
FN:235,(anonymous_15)
FN:238,(anonymous_16)
FN:239,(anonymous_17)
FN:241,(anonymous_18)
FN:245,(anonymous_19)
FN:247,(anonymous_20)
FN:248,(anonymous_21)
FN:252,(anonymous_22)
FN:253,(anonymous_23)
FN:256,(anonymous_24)
FN:271,(anonymous_25)
FN:275,(anonymous_26)
FN:285,(anonymous_27)
FN:287,(anonymous_28)
FN:294,(anonymous_29)
FN:301,(anonymous_30)
FN:315,(anonymous_31)
FNF:32
FNH:0
FNDA:0,(anonymous_0)
FNDA:0,(anonymous_1)
FNDA:0,(anonymous_2)
FNDA:0,(anonymous_3)
FNDA:0,(anonymous_4)
FNDA:0,(anonymous_5)
FNDA:0,(anonymous_6)
FNDA:0,(anonymous_7)
FNDA:0,(anonymous_8)
FNDA:0,(anonymous_9)
FNDA:0,(anonymous_10)
FNDA:0,(anonymous_11)
FNDA:0,(anonymous_12)
FNDA:0,(anonymous_13)
FNDA:0,(anonymous_14)
FNDA:0,(anonymous_15)
FNDA:0,(anonymous_16)
FNDA:0,(anonymous_17)
FNDA:0,(anonymous_18)
FNDA:0,(anonymous_19)
FNDA:0,(anonymous_20)
FNDA:0,(anonymous_21)
FNDA:0,(anonymous_22)
FNDA:0,(anonymous_23)
FNDA:0,(anonymous_24)
FNDA:0,(anonymous_25)
FNDA:0,(anonymous_26)
FNDA:0,(anonymous_27)
FNDA:0,(anonymous_28)
FNDA:0,(anonymous_29)
FNDA:0,(anonymous_30)
FNDA:0,(anonymous_31)
DA:20,0
DA:21,0
DA:22,0
DA:26,0
DA:27,0
DA:29,0
DA:33,0
DA:37,0
DA:41,0
DA:43,0
DA:51,0
DA:59,0
DA:66,0
DA:68,0
DA:72,0
DA:74,0
DA:75,0
DA:78,0
DA:80,0
DA:81,0
DA:84,0
DA:86,0
DA:88,0
DA:89,0
DA:94,0
DA:96,0
DA:97,0
DA:100,0
DA:101,0
DA:106,0
DA:113,0
DA:123,0
DA:125,0
DA:126,0
DA:129,0
DA:130,0
DA:133,0
DA:134,0
DA:135,0
DA:137,0
DA:138,0
DA:141,0
DA:143,0
DA:145,0
DA:147,0
DA:148,0
DA:150,0
DA:151,0
DA:152,0
DA:154,0
DA:155,0
DA:158,0
DA:160,0
DA:163,0
DA:166,0
DA:168,0
DA:174,0
DA:180,0
DA:181,0
DA:190,0
DA:194,0
DA:196,0
DA:197,0
DA:200,0
DA:201,0
DA:203,0
DA:205,0
DA:207,0
DA:208,0
DA:211,0
DA:212,0
DA:214,0
DA:218,0
DA:219,0
DA:221,0
DA:223,0
DA:225,0
DA:235,0
DA:239,0
DA:240,0
DA:241,0
DA:246,0
DA:247,0
DA:248,0
DA:253,0
DA:257,0
DA:258,0
DA:260,0
DA:261,0
DA:262,0
DA:264,0
DA:268,0
DA:272,0
DA:273,0
DA:275,0
DA:276,0
DA:277,0
DA:278,0
DA:280,0
DA:281,0
DA:283,0
DA:285,0
DA:287,0
DA:289,0
DA:294,0
DA:295,0
DA:296,0
DA:302,0
DA:304,0
DA:305,0
DA:306,0
DA:307,0
DA:312,0
DA:316,0
LF:114
LH:0
BRDA:26,0,0,0
BRDA:74,1,0,0
BRDA:80,2,0,0
BRDA:88,3,0,0
BRDA:88,4,0,0
BRDA:88,4,1,0
BRDA:96,5,0,0
BRDA:125,6,0,0
BRDA:129,7,0,0
BRDA:134,8,0,0
BRDA:134,8,1,0
BRDA:137,9,0,0
BRDA:147,10,0,0
BRDA:147,10,1,0
BRDA:150,11,0,0
BRDA:150,11,1,0
BRDA:154,12,0,0
BRDA:180,13,0,0
BRDA:196,14,0,0
BRDA:200,15,0,0
BRDA:207,16,0,0
BRDA:235,17,0,0
BRDA:235,17,1,0
BRDA:241,18,0,0
BRDA:241,18,1,0
BRDA:248,19,0,0
BRDA:248,19,1,0
BRDA:261,20,0,0
BRDA:261,20,1,0
BRDA:278,21,0,0
BRDA:278,22,0,0
BRDA:278,22,1,0
BRDA:283,23,0,0
BRDA:283,24,0,0
BRDA:283,24,1,0
BRDA:283,24,2,0
BRDA:283,24,3,0
BRDA:285,25,0,0
BRDA:285,26,0,0
BRDA:285,26,1,0
BRDA:287,27,0,0
BRDA:287,28,0,0
BRDA:287,28,1,0
BRDA:295,29,0,0
BRDA:306,30,0,0
BRF:45
BRH:0
end_of_record
TN:
SF:src\services\player.service.ts
FN:11,(anonymous_0)
FN:16,(anonymous_1)
FN:23,(anonymous_2)
FN:26,(anonymous_3)
FN:69,(anonymous_4)
FN:73,(anonymous_5)
FN:77,(anonymous_6)
FN:81,(anonymous_7)
FNF:8
FNH:0
FNDA:0,(anonymous_0)
FNDA:0,(anonymous_1)
FNDA:0,(anonymous_2)
FNDA:0,(anonymous_3)
FNDA:0,(anonymous_4)
FNDA:0,(anonymous_5)
FNDA:0,(anonymous_6)
FNDA:0,(anonymous_7)
DA:12,0
DA:13,0
DA:17,0
DA:18,0
DA:20,0
DA:24,0
DA:27,0
DA:29,0
DA:30,0
DA:31,0
DA:32,0
DA:34,0
DA:41,0
DA:49,0
DA:50,0
DA:58,0
DA:60,0
DA:70,0
DA:74,0
DA:78,0
DA:82,0
DA:83,0
DA:84,0
DA:85,0
LF:24
LH:0
BRDA:17,0,0,0
BRDA:29,1,0,0
BRDA:29,1,1,0
BRDA:30,2,0,0
BRDA:30,2,1,0
BRDA:83,3,0,0
BRF:6
BRH:0
end_of_record
TN:
SF:src\services\room.service.ts
FN:12,(anonymous_0)
FN:18,(anonymous_1)
FN:25,(anonymous_2)
FN:29,(anonymous_3)
FN:33,(anonymous_4)
FN:58,(anonymous_5)
FN:124,(anonymous_6)
FN:126,(anonymous_7)
FN:129,(anonymous_8)
FN:133,(anonymous_9)
FNF:10
FNH:0
FNDA:0,(anonymous_0)
FNDA:0,(anonymous_1)
FNDA:0,(anonymous_2)
FNDA:0,(anonymous_3)
FNDA:0,(anonymous_4)
FNDA:0,(anonymous_5)
FNDA:0,(anonymous_6)
FNDA:0,(anonymous_7)
FNDA:0,(anonymous_8)
FNDA:0,(anonymous_9)
DA:13,0
DA:14,0
DA:15,0
DA:19,0
DA:20,0
DA:22,0
DA:26,0
DA:30,0
DA:34,0
DA:35,0
DA:37,0
DA:38,0
DA:41,0
DA:46,0
DA:51,0
DA:53,0
DA:55,0
DA:59,0
DA:60,0
DA:62,0
DA:63,0
DA:66,0
DA:67,0
DA:70,0
DA:71,0
DA:74,0
DA:79,0
DA:81,0
DA:83,0
DA:84,0
DA:89,0
DA:91,0
DA:96,0
DA:101,0
DA:107,0
DA:113,0
DA:116,0
DA:118,0
DA:125,0
DA:126,0
DA:130,0
DA:134,0
LF:42
LH:0
BRDA:19,0,0,0
BRDA:37,1,0,0
BRDA:62,2,0,0
BRDA:66,3,0,0
BRDA:70,4,0,0
BRDA:83,5,0,0
BRF:6
BRH:0
end_of_record
TN:
SF:src\services\websocket.service.ts
FN:11,(anonymous_0)
FN:17,(anonymous_1)
FN:24,(anonymous_2)
FN:25,(anonymous_3)
FN:31,(anonymous_4)
FN:34,(anonymous_5)
FN:50,(anonymous_6)
FN:55,(anonymous_7)
FN:63,(anonymous_8)
FN:74,(anonymous_9)
FN:75,(anonymous_10)
FN:76,(anonymous_11)
FN:88,(anonymous_12)
FN:93,(anonymous_13)
FN:95,(anonymous_14)
FN:107,(anonymous_15)
FN:135,(anonymous_16)
FN:146,(anonymous_17)
FN:149,(anonymous_18)
FN:151,(anonymous_19)
FN:166,(anonymous_20)
FN:171,(anonymous_21)
FN:178,(anonymous_22)
FN:185,(anonymous_23)
FN:188,(anonymous_24)
FN:196,(anonymous_25)
FN:197,(anonymous_26)
FN:205,(anonymous_27)
FN:207,(anonymous_28)
FN:216,(anonymous_29)
FNF:30
FNH:0
FNDA:0,(anonymous_0)
FNDA:0,(anonymous_1)
FNDA:0,(anonymous_2)
FNDA:0,(anonymous_3)
FNDA:0,(anonymous_4)
FNDA:0,(anonymous_5)
FNDA:0,(anonymous_6)
FNDA:0,(anonymous_7)
FNDA:0,(anonymous_8)
FNDA:0,(anonymous_9)
FNDA:0,(anonymous_10)
FNDA:0,(anonymous_11)
FNDA:0,(anonymous_12)
FNDA:0,(anonymous_13)
FNDA:0,(anonymous_14)
FNDA:0,(anonymous_15)
FNDA:0,(anonymous_16)
FNDA:0,(anonymous_17)
FNDA:0,(anonymous_18)
FNDA:0,(anonymous_19)
FNDA:0,(anonymous_20)
FNDA:0,(anonymous_21)
FNDA:0,(anonymous_22)
FNDA:0,(anonymous_23)
FNDA:0,(anonymous_24)
FNDA:0,(anonymous_25)
FNDA:0,(anonymous_26)
FNDA:0,(anonymous_27)
FNDA:0,(anonymous_28)
FNDA:0,(anonymous_29)
DA:12,0
DA:13,0
DA:14,0
DA:18,0
DA:19,0
DA:21,0
DA:25,0
DA:26,0
DA:28,0
DA:29,0
DA:31,0
DA:32,0
DA:34,0
DA:35,0
DA:36,0
DA:37,0
DA:39,0
DA:41,0
DA:42,0
DA:50,0
DA:51,0
DA:52,0
DA:55,0
DA:56,0
DA:57,0
DA:60,0
DA:63,0
DA:64,0
DA:65,0
DA:66,0
DA:68,0
DA:72,0
DA:75,0
DA:76,0
DA:77,0
DA:78,0
DA:79,0
DA:80,0
DA:83,0
DA:84,0
DA:88,0
DA:89,0
DA:94,0
DA:95,0
DA:97,0
DA:98,0
DA:99,0
DA:100,0
DA:102,0
DA:105,0
DA:106,0
DA:107,0
DA:108,0
DA:109,0
DA:110,0
DA:112,0
DA:114,0
DA:115,0
DA:116,0
DA:118,0
DA:126,0
DA:132,0
DA:133,0
DA:136,0
DA:137,0
DA:139,0
DA:141,0
DA:142,0
DA:147,0
DA:150,0
DA:151,0
DA:152,0
DA:156,0
DA:163,0
DA:164,0
DA:166,0
DA:167,0
DA:172,0
DA:173,0
DA:174,0
DA:179,0
DA:180,0
DA:181,0
DA:186,0
DA:187,0
DA:188,0
DA:189,0
DA:190,0
DA:191,0
DA:197,0
DA:198,0
DA:199,0
DA:202,0
DA:206,0
DA:207,0
DA:209,0
DA:217,0
DA:219,0
LF:98
LH:0
BRDA:18,0,0,0
BRDA:65,1,0,0
BRDA:65,1,1,0
BRDA:65,2,0,0
BRDA:65,2,1,0
BRDA:78,3,0,0
BRDA:97,4,0,0
BRDA:99,5,0,0
BRDA:106,6,0,0
BRDA:106,7,0,0
BRDA:106,7,1,0
BRDA:108,8,0,0
BRDA:115,9,0,0
BRDA:136,10,0,0
BRDA:141,11,0,0
BRDA:141,12,0,0
BRDA:141,12,1,0
BRDA:150,13,0,0
BRDA:156,14,0,0
BRDA:157,15,0,0
BRDA:157,15,1,0
BRDA:157,15,2,0
BRDA:157,15,3,0
BRDA:157,15,4,0
BRDA:172,16,0,0
BRDA:180,17,0,0
BRDA:180,18,0,0
BRDA:180,18,1,0
BRDA:187,19,0,0
BRDA:190,20,0,0
BRDA:190,21,0,0
BRDA:190,21,1,0
BRDA:198,22,0,0
BRF:33
BRH:0
end_of_record
TN:
SF:src\utils\uuid.ts
FN:1,generateUUID
FN:2,(anonymous_1)
FNF:2
FNH:2
FNDA:17,generateUUID
FNDA:136,(anonymous_1)
DA:2,17
DA:3,136
DA:7,17
LF:3
LH:3
BRF:0
BRH:0
end_of_record
